06:32:58 DEBUG : Logs will be stored at 'C:/Users/klaze/Desktop/Vitis_intro/microblaze_init/IDE.log'.
06:33:50 INFO  : Launching XSCT server: xsct.bat -n  -interactive C:\Users\klaze\Desktop\Vitis_intro\microblaze_init\temp_xsdb_launch_script.tcl
06:33:50 INFO  : Registering command handlers for Vitis TCF services
06:33:56 INFO  : Platform repository initialization has completed.
06:34:02 INFO  : XSCT server has started successfully.
06:34:02 INFO  : Successfully done setting XSCT server connection channel  
06:34:24 INFO  : plnx-install-location is set to ''
06:34:24 INFO  : Successfully done setting workspace for the tool. 
06:34:24 INFO  : Successfully done query RDI_DATADIR 
06:41:02 INFO  : Result from executing command 'getProjects': mcs_top_vanilla
06:41:02 INFO  : Result from executing command 'getPlatforms': xilinx_vck190_base_202310_1|D:/Xilinx/Vitis/2023.1/base_platforms/xilinx_vck190_base_202310_1/xilinx_vck190_base_202310_1.xpfm;xilinx_vck190_base_dfx_202310_1|D:/Xilinx/Vitis/2023.1/base_platforms/xilinx_vck190_base_dfx_202310_1/xilinx_vck190_base_dfx_202310_1.xpfm;xilinx_vek280_es1_base_202310_1|D:/Xilinx/Vitis/2023.1/base_platforms/xilinx_vek280_es1_base_202310_1/xilinx_vek280_es1_base_202310_1.xpfm;xilinx_vmk180_base_202310_1|D:/Xilinx/Vitis/2023.1/base_platforms/xilinx_vmk180_base_202310_1/xilinx_vmk180_base_202310_1.xpfm;xilinx_zcu102_base_202310_1|D:/Xilinx/Vitis/2023.1/base_platforms/xilinx_zcu102_base_202310_1/xilinx_zcu102_base_202310_1.xpfm;xilinx_zcu102_base_dfx_202310_1|D:/Xilinx/Vitis/2023.1/base_platforms/xilinx_zcu102_base_dfx_202310_1/xilinx_zcu102_base_dfx_202310_1.xpfm;xilinx_zcu104_base_202310_1|D:/Xilinx/Vitis/2023.1/base_platforms/xilinx_zcu104_base_202310_1/xilinx_zcu104_base_202310_1.xpfm
06:41:03 WARN  : An unexpected exception occurred in the module 'platform project logging'
06:41:04 INFO  : Platform 'mcs_top_vanilla' is added to custom repositories.
06:41:09 INFO  : Platform 'mcs_top_vanilla' is added to custom repositories.
06:49:38 INFO  : Result from executing command 'getProjects': mcs_top_vanilla
06:49:38 INFO  : Result from executing command 'getPlatforms': mcs_top_vanilla|C:/Users/klaze/Desktop/Vitis_intro/microblaze_init/mcs_top_vanilla/export/mcs_top_vanilla/mcs_top_vanilla.xpfm;xilinx_vck190_base_202310_1|D:/Xilinx/Vitis/2023.1/base_platforms/xilinx_vck190_base_202310_1/xilinx_vck190_base_202310_1.xpfm;xilinx_vck190_base_dfx_202310_1|D:/Xilinx/Vitis/2023.1/base_platforms/xilinx_vck190_base_dfx_202310_1/xilinx_vck190_base_dfx_202310_1.xpfm;xilinx_vek280_es1_base_202310_1|D:/Xilinx/Vitis/2023.1/base_platforms/xilinx_vek280_es1_base_202310_1/xilinx_vek280_es1_base_202310_1.xpfm;xilinx_vmk180_base_202310_1|D:/Xilinx/Vitis/2023.1/base_platforms/xilinx_vmk180_base_202310_1/xilinx_vmk180_base_202310_1.xpfm;xilinx_zcu102_base_202310_1|D:/Xilinx/Vitis/2023.1/base_platforms/xilinx_zcu102_base_202310_1/xilinx_zcu102_base_202310_1.xpfm;xilinx_zcu102_base_dfx_202310_1|D:/Xilinx/Vitis/2023.1/base_platforms/xilinx_zcu102_base_dfx_202310_1/xilinx_zcu102_base_dfx_202310_1.xpfm;xilinx_zcu104_base_202310_1|D:/Xilinx/Vitis/2023.1/base_platforms/xilinx_zcu104_base_202310_1/xilinx_zcu104_base_202310_1.xpfm
06:49:39 INFO  : Checking for BSP changes to sync application flags for project 'vanilla_test'...
06:52:12 INFO  : Bit file 'C:/Users/klaze/Desktop/Vitis_intro/microblaze_init/vanilla_test/_ide/bitstream/download.bit' is generated.
06:52:16 ERROR : Failed to connect to hardware server on host '127.0.0.1' and port '3121'.
Reason: No connection could be made because the target machine actively refused it
06:55:03 INFO  : Bit file 'C:/Users/klaze/Desktop/Vitis_intro/microblaze_init/vanilla_test/_ide/bitstream/download.bit' is generated.
07:01:42 ERROR : Failed to connect to hardware server on host '127.0.0.1' and port '3121'.
Reason: 'connect -url tcp:127.0.0.1:3121' is cancelled.
07:03:13 ERROR : Failed to get_bram_blocks
Reason: xsct server communication channel is not established.
07:04:43 ERROR : Failed to get_bram_blocks
Reason: xsct server communication channel is not established.
07:07:10 DEBUG : Logs will be stored at 'C:/Users/klaze/Desktop/Vitis_intro/microblaze_init/IDE.log'.
07:07:13 INFO  : Launching XSCT server: xsct.bat -n  -interactive C:\Users\klaze\Desktop\Vitis_intro\microblaze_init\temp_xsdb_launch_script.tcl
07:07:24 INFO  : XSCT server has started successfully.
07:07:24 INFO  : Successfully done setting XSCT server connection channel  
07:07:24 INFO  : plnx-install-location is set to ''
07:07:24 INFO  : Successfully done setting workspace for the tool. 
07:07:45 INFO  : Registering command handlers for Vitis TCF services
07:07:53 INFO  : Platform repository initialization has completed.
07:08:08 INFO  : Successfully done query RDI_DATADIR 
07:09:53 INFO  : Bit file 'C:/Users/klaze/Desktop/Vitis_intro/microblaze_init/vanilla_test/_ide/bitstream/download.bit' is generated.
07:09:56 INFO  : Connected to target on host '127.0.0.1' and port '3121'.
07:09:57 INFO  : 'targets -set -filter {jtag_cable_name =~ "Digilent Basys3 210183BB7486A" && level==0 && jtag_device_ctx=="jsn-Basys3-210183BB7486A-0362d093-0"}' command is executed.
07:09:57 ERROR : couldn't open "C:/Users/klaze/Desktop/Vitis_intro/microblaze_init/vanilla_test/_ide/bitstream/download.bit": no such file or directory
07:10:25 INFO  : Result from executing command 'getProjects': mcs_top_vanilla
07:10:25 INFO  : Result from executing command 'getPlatforms': mcs_top_vanilla|C:/Users/klaze/Desktop/Vitis_intro/microblaze_init/mcs_top_vanilla/export/mcs_top_vanilla/mcs_top_vanilla.xpfm;xilinx_vck190_base_202310_1|D:/Xilinx/Vitis/2023.1/base_platforms/xilinx_vck190_base_202310_1/xilinx_vck190_base_202310_1.xpfm;xilinx_vck190_base_dfx_202310_1|D:/Xilinx/Vitis/2023.1/base_platforms/xilinx_vck190_base_dfx_202310_1/xilinx_vck190_base_dfx_202310_1.xpfm;xilinx_vek280_es1_base_202310_1|D:/Xilinx/Vitis/2023.1/base_platforms/xilinx_vek280_es1_base_202310_1/xilinx_vek280_es1_base_202310_1.xpfm;xilinx_vmk180_base_202310_1|D:/Xilinx/Vitis/2023.1/base_platforms/xilinx_vmk180_base_202310_1/xilinx_vmk180_base_202310_1.xpfm;xilinx_zcu102_base_202310_1|D:/Xilinx/Vitis/2023.1/base_platforms/xilinx_zcu102_base_202310_1/xilinx_zcu102_base_202310_1.xpfm;xilinx_zcu102_base_dfx_202310_1|D:/Xilinx/Vitis/2023.1/base_platforms/xilinx_zcu102_base_dfx_202310_1/xilinx_zcu102_base_dfx_202310_1.xpfm;xilinx_zcu104_base_202310_1|D:/Xilinx/Vitis/2023.1/base_platforms/xilinx_zcu104_base_202310_1/xilinx_zcu104_base_202310_1.xpfm
07:10:27 INFO  : Checking for BSP changes to sync application flags for project 'vanilla_test'...
07:11:12 INFO  : Checking for BSP changes to sync application flags for project 'vanilla_test'...
07:12:50 INFO  : Bit file 'C:/Users/klaze/Desktop/Vitis_intro/microblaze_init/vanilla_test/_ide/bitstream/download.bit' is generated.
07:12:50 INFO  : Connected to target on host '127.0.0.1' and port '3121'.
07:12:50 INFO  : 'targets -set -filter {jtag_cable_name =~ "Digilent Basys3 210183BB7486A" && level==0 && jtag_device_ctx=="jsn-Basys3-210183BB7486A-0362d093-0"}' command is executed.
07:12:50 ERROR : couldn't open "C:/Users/klaze/Desktop/Vitis_intro/microblaze_init/vanilla_test/_ide/bitstream/download.bit": no such file or directory
07:13:18 INFO  : Result from executing command 'removePlatformRepo': 
07:13:34 INFO  : Result from executing command 'getProjects': mcs_top_vanilla
07:13:34 INFO  : Result from executing command 'getPlatforms': xilinx_vck190_base_202310_1|D:/Xilinx/Vitis/2023.1/base_platforms/xilinx_vck190_base_202310_1/xilinx_vck190_base_202310_1.xpfm;xilinx_vck190_base_dfx_202310_1|D:/Xilinx/Vitis/2023.1/base_platforms/xilinx_vck190_base_dfx_202310_1/xilinx_vck190_base_dfx_202310_1.xpfm;xilinx_vek280_es1_base_202310_1|D:/Xilinx/Vitis/2023.1/base_platforms/xilinx_vek280_es1_base_202310_1/xilinx_vek280_es1_base_202310_1.xpfm;xilinx_vmk180_base_202310_1|D:/Xilinx/Vitis/2023.1/base_platforms/xilinx_vmk180_base_202310_1/xilinx_vmk180_base_202310_1.xpfm;xilinx_zcu102_base_202310_1|D:/Xilinx/Vitis/2023.1/base_platforms/xilinx_zcu102_base_202310_1/xilinx_zcu102_base_202310_1.xpfm;xilinx_zcu102_base_dfx_202310_1|D:/Xilinx/Vitis/2023.1/base_platforms/xilinx_zcu102_base_dfx_202310_1/xilinx_zcu102_base_dfx_202310_1.xpfm;xilinx_zcu104_base_202310_1|D:/Xilinx/Vitis/2023.1/base_platforms/xilinx_zcu104_base_202310_1/xilinx_zcu104_base_202310_1.xpfm
07:13:35 INFO  : Checking for BSP changes to sync application flags for project 'vanilla_test'...
07:14:51 INFO  : Result from executing command 'getProjects': mcs_top_vanilla;mcs_top_vanilla_1
07:14:51 INFO  : Result from executing command 'getPlatforms': xilinx_vck190_base_202310_1|D:/Xilinx/Vitis/2023.1/base_platforms/xilinx_vck190_base_202310_1/xilinx_vck190_base_202310_1.xpfm;xilinx_vck190_base_dfx_202310_1|D:/Xilinx/Vitis/2023.1/base_platforms/xilinx_vck190_base_dfx_202310_1/xilinx_vck190_base_dfx_202310_1.xpfm;xilinx_vek280_es1_base_202310_1|D:/Xilinx/Vitis/2023.1/base_platforms/xilinx_vek280_es1_base_202310_1/xilinx_vek280_es1_base_202310_1.xpfm;xilinx_vmk180_base_202310_1|D:/Xilinx/Vitis/2023.1/base_platforms/xilinx_vmk180_base_202310_1/xilinx_vmk180_base_202310_1.xpfm;xilinx_zcu102_base_202310_1|D:/Xilinx/Vitis/2023.1/base_platforms/xilinx_zcu102_base_202310_1/xilinx_zcu102_base_202310_1.xpfm;xilinx_zcu102_base_dfx_202310_1|D:/Xilinx/Vitis/2023.1/base_platforms/xilinx_zcu102_base_dfx_202310_1/xilinx_zcu102_base_dfx_202310_1.xpfm;xilinx_zcu104_base_202310_1|D:/Xilinx/Vitis/2023.1/base_platforms/xilinx_zcu104_base_202310_1/xilinx_zcu104_base_202310_1.xpfm
07:14:52 WARN  : An unexpected exception occurred in the module 'platform project logging'
07:14:54 INFO  : Platform 'mcs_top_vanilla_1' is added to custom repositories.
07:14:57 INFO  : Platform 'mcs_top_vanilla_1' is added to custom repositories.
07:16:15 INFO  : Result from executing command 'getProjects': mcs_top_vanilla;mcs_top_vanilla_1
07:16:15 INFO  : Result from executing command 'getPlatforms': mcs_top_vanilla_1|C:/Users/klaze/Desktop/Vitis_intro/microblaze_init/mcs_top_vanilla_1/export/mcs_top_vanilla_1/mcs_top_vanilla_1.xpfm;mcs_top_vanilla|C:/Users/klaze/Desktop/Vitis_intro/microblaze_init/mcs_top_vanilla/export/mcs_top_vanilla/mcs_top_vanilla.xpfm;xilinx_vck190_base_202310_1|D:/Xilinx/Vitis/2023.1/base_platforms/xilinx_vck190_base_202310_1/xilinx_vck190_base_202310_1.xpfm;xilinx_vck190_base_dfx_202310_1|D:/Xilinx/Vitis/2023.1/base_platforms/xilinx_vck190_base_dfx_202310_1/xilinx_vck190_base_dfx_202310_1.xpfm;xilinx_vek280_es1_base_202310_1|D:/Xilinx/Vitis/2023.1/base_platforms/xilinx_vek280_es1_base_202310_1/xilinx_vek280_es1_base_202310_1.xpfm;xilinx_vmk180_base_202310_1|D:/Xilinx/Vitis/2023.1/base_platforms/xilinx_vmk180_base_202310_1/xilinx_vmk180_base_202310_1.xpfm;xilinx_zcu102_base_202310_1|D:/Xilinx/Vitis/2023.1/base_platforms/xilinx_zcu102_base_202310_1/xilinx_zcu102_base_202310_1.xpfm;xilinx_zcu102_base_dfx_202310_1|D:/Xilinx/Vitis/2023.1/base_platforms/xilinx_zcu102_base_dfx_202310_1/xilinx_zcu102_base_dfx_202310_1.xpfm;xilinx_zcu104_base_202310_1|D:/Xilinx/Vitis/2023.1/base_platforms/xilinx_zcu104_base_202310_1/xilinx_zcu104_base_202310_1.xpfm
07:16:16 INFO  : Checking for BSP changes to sync application flags for project 'microblaze_test'...
07:17:47 INFO  : Bit file 'C:/Users/klaze/Desktop/Vitis_intro/microblaze_init/vanilla_test/_ide/bitstream/download.bit' is generated.
07:17:47 INFO  : Connected to target on host '127.0.0.1' and port '3121'.
07:17:47 INFO  : 'targets -set -filter {jtag_cable_name =~ "Digilent Basys3 210183BB7486A" && level==0 && jtag_device_ctx=="jsn-Basys3-210183BB7486A-0362d093-0"}' command is executed.
07:17:47 ERROR : couldn't open "C:/Users/klaze/Desktop/Vitis_intro/microblaze_init/vanilla_test/_ide/bitstream/download.bit": no such file or directory
07:19:35 INFO  : Bit file 'C:/Users/klaze/Desktop/Vitis_intro/microblaze_init/mcs_top_vanilla_1/hw/download.bit' is generated.
07:19:35 INFO  : Connected to target on host '127.0.0.1' and port '3121'.
07:19:35 INFO  : 'targets -set -filter {jtag_cable_name =~ "Digilent Basys3 210183BB7486A" && level==0 && jtag_device_ctx=="jsn-Basys3-210183BB7486A-0362d093-0"}' command is executed.
07:19:35 ERROR : couldn't open "C:/Users/klaze/Desktop/Vitis_intro/microblaze_init/mcs_top_vanilla_1/hw/download.bit": no such file or directory
07:22:05 DEBUG : Logs will be stored at 'C:/Users/klaze/Desktop/Vitis_intro/microblaze_init/IDE.log'.
07:22:07 INFO  : Launching XSCT server: xsct.bat -n  -interactive C:\Users\klaze\Desktop\Vitis_intro\microblaze_init\temp_xsdb_launch_script.tcl
07:22:09 INFO  : XSCT server has started successfully.
07:22:09 INFO  : plnx-install-location is set to ''
07:22:09 INFO  : Successfully done setting XSCT server connection channel  
07:22:09 INFO  : Successfully done setting workspace for the tool. 
07:22:10 INFO  : Platform repository initialization has completed.
07:22:12 INFO  : Successfully done query RDI_DATADIR 
07:22:12 INFO  : Registering command handlers for Vitis TCF services
07:22:31 WARN  : An unexpected exception occurred in the module 'platform project logging'
07:22:35 WARN  : An unexpected exception occurred in the module 'platform project logging'
07:23:33 INFO  : Result from executing command 'getProjects': mcs_top_vanilla
07:23:33 INFO  : Result from executing command 'getPlatforms': xilinx_vck190_base_202310_1|D:/Xilinx/Vitis/2023.1/base_platforms/xilinx_vck190_base_202310_1/xilinx_vck190_base_202310_1.xpfm;xilinx_vck190_base_dfx_202310_1|D:/Xilinx/Vitis/2023.1/base_platforms/xilinx_vck190_base_dfx_202310_1/xilinx_vck190_base_dfx_202310_1.xpfm;xilinx_vek280_es1_base_202310_1|D:/Xilinx/Vitis/2023.1/base_platforms/xilinx_vek280_es1_base_202310_1/xilinx_vek280_es1_base_202310_1.xpfm;xilinx_vmk180_base_202310_1|D:/Xilinx/Vitis/2023.1/base_platforms/xilinx_vmk180_base_202310_1/xilinx_vmk180_base_202310_1.xpfm;xilinx_zcu102_base_202310_1|D:/Xilinx/Vitis/2023.1/base_platforms/xilinx_zcu102_base_202310_1/xilinx_zcu102_base_202310_1.xpfm;xilinx_zcu102_base_dfx_202310_1|D:/Xilinx/Vitis/2023.1/base_platforms/xilinx_zcu102_base_dfx_202310_1/xilinx_zcu102_base_dfx_202310_1.xpfm;xilinx_zcu104_base_202310_1|D:/Xilinx/Vitis/2023.1/base_platforms/xilinx_zcu104_base_202310_1/xilinx_zcu104_base_202310_1.xpfm
07:23:34 WARN  : An unexpected exception occurred in the module 'platform project logging'
07:23:36 INFO  : Platform 'mcs_top_vanilla' is added to custom repositories.
07:23:38 INFO  : Platform 'mcs_top_vanilla' is added to custom repositories.
07:25:20 INFO  : Result from executing command 'getProjects': mcs_top_vanilla
07:25:20 INFO  : Result from executing command 'getPlatforms': mcs_top_vanilla|C:/Users/klaze/Desktop/Vitis_intro/microblaze_init/mcs_top_vanilla/export/mcs_top_vanilla/mcs_top_vanilla.xpfm;xilinx_vck190_base_202310_1|D:/Xilinx/Vitis/2023.1/base_platforms/xilinx_vck190_base_202310_1/xilinx_vck190_base_202310_1.xpfm;xilinx_vck190_base_dfx_202310_1|D:/Xilinx/Vitis/2023.1/base_platforms/xilinx_vck190_base_dfx_202310_1/xilinx_vck190_base_dfx_202310_1.xpfm;xilinx_vek280_es1_base_202310_1|D:/Xilinx/Vitis/2023.1/base_platforms/xilinx_vek280_es1_base_202310_1/xilinx_vek280_es1_base_202310_1.xpfm;xilinx_vmk180_base_202310_1|D:/Xilinx/Vitis/2023.1/base_platforms/xilinx_vmk180_base_202310_1/xilinx_vmk180_base_202310_1.xpfm;xilinx_zcu102_base_202310_1|D:/Xilinx/Vitis/2023.1/base_platforms/xilinx_zcu102_base_202310_1/xilinx_zcu102_base_202310_1.xpfm;xilinx_zcu102_base_dfx_202310_1|D:/Xilinx/Vitis/2023.1/base_platforms/xilinx_zcu102_base_dfx_202310_1/xilinx_zcu102_base_dfx_202310_1.xpfm;xilinx_zcu104_base_202310_1|D:/Xilinx/Vitis/2023.1/base_platforms/xilinx_zcu104_base_202310_1/xilinx_zcu104_base_202310_1.xpfm
07:25:21 INFO  : Checking for BSP changes to sync application flags for project 'microblaze_test'...
07:35:34 DEBUG : Logs will be stored at 'C:/Users/klaze/Desktop/Vitis_intro/microblaze_init/IDE.log'.
07:36:19 INFO  : Launching XSCT server: xsct.bat -n  -interactive C:\Users\klaze\Desktop\Vitis_intro\microblaze_init\temp_xsdb_launch_script.tcl
07:36:19 INFO  : Registering command handlers for Vitis TCF services
07:36:24 INFO  : Platform repository initialization has completed.
07:36:29 INFO  : XSCT server has started successfully.
07:36:29 INFO  : Successfully done setting XSCT server connection channel  
07:36:50 INFO  : plnx-install-location is set to ''
07:36:51 INFO  : Successfully done setting workspace for the tool. 
07:36:51 INFO  : Successfully done query RDI_DATADIR 
07:38:43 INFO  : Result from executing command 'getProjects': mcs_top_vanilla
07:38:43 INFO  : Result from executing command 'getPlatforms': xilinx_vck190_base_202310_1|D:/Xilinx/Vitis/2023.1/base_platforms/xilinx_vck190_base_202310_1/xilinx_vck190_base_202310_1.xpfm;xilinx_vck190_base_dfx_202310_1|D:/Xilinx/Vitis/2023.1/base_platforms/xilinx_vck190_base_dfx_202310_1/xilinx_vck190_base_dfx_202310_1.xpfm;xilinx_vek280_es1_base_202310_1|D:/Xilinx/Vitis/2023.1/base_platforms/xilinx_vek280_es1_base_202310_1/xilinx_vek280_es1_base_202310_1.xpfm;xilinx_vmk180_base_202310_1|D:/Xilinx/Vitis/2023.1/base_platforms/xilinx_vmk180_base_202310_1/xilinx_vmk180_base_202310_1.xpfm;xilinx_zcu102_base_202310_1|D:/Xilinx/Vitis/2023.1/base_platforms/xilinx_zcu102_base_202310_1/xilinx_zcu102_base_202310_1.xpfm;xilinx_zcu102_base_dfx_202310_1|D:/Xilinx/Vitis/2023.1/base_platforms/xilinx_zcu102_base_dfx_202310_1/xilinx_zcu102_base_dfx_202310_1.xpfm;xilinx_zcu104_base_202310_1|D:/Xilinx/Vitis/2023.1/base_platforms/xilinx_zcu104_base_202310_1/xilinx_zcu104_base_202310_1.xpfm
07:38:44 WARN  : An unexpected exception occurred in the module 'platform project logging'
07:38:45 INFO  : Platform 'mcs_top_vanilla' is added to custom repositories.
07:38:50 INFO  : Platform 'mcs_top_vanilla' is added to custom repositories.
07:39:59 INFO  : Result from executing command 'getProjects': mcs_top_vanilla
07:39:59 INFO  : Result from executing command 'getPlatforms': mcs_top_vanilla|C:/Users/klaze/Desktop/Vitis_intro/microblaze_init/mcs_top_vanilla/export/mcs_top_vanilla/mcs_top_vanilla.xpfm;xilinx_vck190_base_202310_1|D:/Xilinx/Vitis/2023.1/base_platforms/xilinx_vck190_base_202310_1/xilinx_vck190_base_202310_1.xpfm;xilinx_vck190_base_dfx_202310_1|D:/Xilinx/Vitis/2023.1/base_platforms/xilinx_vck190_base_dfx_202310_1/xilinx_vck190_base_dfx_202310_1.xpfm;xilinx_vek280_es1_base_202310_1|D:/Xilinx/Vitis/2023.1/base_platforms/xilinx_vek280_es1_base_202310_1/xilinx_vek280_es1_base_202310_1.xpfm;xilinx_vmk180_base_202310_1|D:/Xilinx/Vitis/2023.1/base_platforms/xilinx_vmk180_base_202310_1/xilinx_vmk180_base_202310_1.xpfm;xilinx_zcu102_base_202310_1|D:/Xilinx/Vitis/2023.1/base_platforms/xilinx_zcu102_base_202310_1/xilinx_zcu102_base_202310_1.xpfm;xilinx_zcu102_base_dfx_202310_1|D:/Xilinx/Vitis/2023.1/base_platforms/xilinx_zcu102_base_dfx_202310_1/xilinx_zcu102_base_dfx_202310_1.xpfm;xilinx_zcu104_base_202310_1|D:/Xilinx/Vitis/2023.1/base_platforms/xilinx_zcu104_base_202310_1/xilinx_zcu104_base_202310_1.xpfm
07:40:01 INFO  : Checking for BSP changes to sync application flags for project 'microblaze_test'...
07:41:50 INFO  : Bit file 'C:/Users/klaze/Desktop/Vitis_intro/microblaze_init/mcs_top_vanilla/hw/download.bit' is generated.
07:41:53 INFO  : Connected to target on host '127.0.0.1' and port '3121'.
07:41:55 INFO  : 'targets -set -filter {jtag_cable_name =~ "Digilent Basys3 210183BB7486A" && level==0 && jtag_device_ctx=="jsn-Basys3-210183BB7486A-0362d093-0"}' command is executed.
07:41:55 ERROR : couldn't open "C:/Users/klaze/Desktop/Vitis_intro/microblaze_init/mcs_top_vanilla/hw/download.bit": no such file or directory
07:47:37 DEBUG : Logs will be stored at 'C:/Users/klaze/Desktop/Vitis_intro/microblaze_init/IDE.log'.
07:47:39 INFO  : Launching XSCT server: xsct.bat -n  -interactive C:\Users\klaze\Desktop\Vitis_intro\microblaze_init\temp_xsdb_launch_script.tcl
07:47:49 INFO  : Platform repository initialization has completed.
07:47:52 INFO  : XSCT server has started successfully.
07:47:52 INFO  : Successfully done setting XSCT server connection channel  
07:47:52 INFO  : plnx-install-location is set to ''
07:47:52 INFO  : Successfully done setting workspace for the tool. 
07:48:01 INFO  : Registering command handlers for Vitis TCF services
07:48:20 INFO  : Checking for BSP changes to sync application flags for project 'microblaze_test'...
07:48:25 INFO  : Successfully done query RDI_DATADIR 
07:48:42 INFO  : Checking for BSP changes to sync application flags for project 'microblaze_test'...
07:48:59 WARN  : An unexpected exception occurred in the module 'platform project logging'
07:49:48 INFO  : Result from executing command 'getProjects': mcs_top_vanilla
07:49:48 INFO  : Result from executing command 'getPlatforms': xilinx_vck190_base_202310_1|D:/Xilinx/Vitis/2023.1/base_platforms/xilinx_vck190_base_202310_1/xilinx_vck190_base_202310_1.xpfm;xilinx_vck190_base_dfx_202310_1|D:/Xilinx/Vitis/2023.1/base_platforms/xilinx_vck190_base_dfx_202310_1/xilinx_vck190_base_dfx_202310_1.xpfm;xilinx_vek280_es1_base_202310_1|D:/Xilinx/Vitis/2023.1/base_platforms/xilinx_vek280_es1_base_202310_1/xilinx_vek280_es1_base_202310_1.xpfm;xilinx_vmk180_base_202310_1|D:/Xilinx/Vitis/2023.1/base_platforms/xilinx_vmk180_base_202310_1/xilinx_vmk180_base_202310_1.xpfm;xilinx_zcu102_base_202310_1|D:/Xilinx/Vitis/2023.1/base_platforms/xilinx_zcu102_base_202310_1/xilinx_zcu102_base_202310_1.xpfm;xilinx_zcu102_base_dfx_202310_1|D:/Xilinx/Vitis/2023.1/base_platforms/xilinx_zcu102_base_dfx_202310_1/xilinx_zcu102_base_dfx_202310_1.xpfm;xilinx_zcu104_base_202310_1|D:/Xilinx/Vitis/2023.1/base_platforms/xilinx_zcu104_base_202310_1/xilinx_zcu104_base_202310_1.xpfm
07:49:49 WARN  : An unexpected exception occurred in the module 'platform project logging'
07:49:50 INFO  : Platform 'mcs_top_vanilla' is added to custom repositories.
07:49:53 INFO  : Platform 'mcs_top_vanilla' is added to custom repositories.
07:51:20 INFO  : Result from executing command 'getProjects': mcs_top_vanilla
07:51:20 INFO  : Result from executing command 'getPlatforms': mcs_top_vanilla|C:/Users/klaze/Desktop/Vitis_intro/microblaze_init/mcs_top_vanilla/export/mcs_top_vanilla/mcs_top_vanilla.xpfm;xilinx_vck190_base_202310_1|D:/Xilinx/Vitis/2023.1/base_platforms/xilinx_vck190_base_202310_1/xilinx_vck190_base_202310_1.xpfm;xilinx_vck190_base_dfx_202310_1|D:/Xilinx/Vitis/2023.1/base_platforms/xilinx_vck190_base_dfx_202310_1/xilinx_vck190_base_dfx_202310_1.xpfm;xilinx_vek280_es1_base_202310_1|D:/Xilinx/Vitis/2023.1/base_platforms/xilinx_vek280_es1_base_202310_1/xilinx_vek280_es1_base_202310_1.xpfm;xilinx_vmk180_base_202310_1|D:/Xilinx/Vitis/2023.1/base_platforms/xilinx_vmk180_base_202310_1/xilinx_vmk180_base_202310_1.xpfm;xilinx_zcu102_base_202310_1|D:/Xilinx/Vitis/2023.1/base_platforms/xilinx_zcu102_base_202310_1/xilinx_zcu102_base_202310_1.xpfm;xilinx_zcu102_base_dfx_202310_1|D:/Xilinx/Vitis/2023.1/base_platforms/xilinx_zcu102_base_dfx_202310_1/xilinx_zcu102_base_dfx_202310_1.xpfm;xilinx_zcu104_base_202310_1|D:/Xilinx/Vitis/2023.1/base_platforms/xilinx_zcu104_base_202310_1/xilinx_zcu104_base_202310_1.xpfm
07:51:22 INFO  : Checking for BSP changes to sync application flags for project 'microblaze_test'...
07:51:34 INFO  : Checking for BSP changes to sync application flags for project 'microblaze_test'...
07:53:26 INFO  : Bit file 'C:/Users/klaze/Desktop/Vitis_intro/microblaze_init/mcs_top_vanilla/hw/download.bit' is generated.
07:53:29 INFO  : Connected to target on host '127.0.0.1' and port '3121'.
07:53:29 INFO  : 'targets -set -filter {jtag_cable_name =~ "Digilent Basys3 210183BB7486A" && level==0 && jtag_device_ctx=="jsn-Basys3-210183BB7486A-0362d093-0"}' command is executed.
07:53:29 ERROR : couldn't open "C:/Users/klaze/Desktop/Vitis_intro/microblaze_init/mcs_top_vanilla/hw/download.bit": no such file or directory
07:56:07 INFO  : Result from executing command 'getProjects': mcs_top_vanilla
07:56:07 INFO  : Result from executing command 'getPlatforms': mcs_top_vanilla|C:/Users/klaze/Desktop/Vitis_intro/microblaze_init/mcs_top_vanilla/export/mcs_top_vanilla/mcs_top_vanilla.xpfm;xilinx_vck190_base_202310_1|D:/Xilinx/Vitis/2023.1/base_platforms/xilinx_vck190_base_202310_1/xilinx_vck190_base_202310_1.xpfm;xilinx_vck190_base_dfx_202310_1|D:/Xilinx/Vitis/2023.1/base_platforms/xilinx_vck190_base_dfx_202310_1/xilinx_vck190_base_dfx_202310_1.xpfm;xilinx_vek280_es1_base_202310_1|D:/Xilinx/Vitis/2023.1/base_platforms/xilinx_vek280_es1_base_202310_1/xilinx_vek280_es1_base_202310_1.xpfm;xilinx_vmk180_base_202310_1|D:/Xilinx/Vitis/2023.1/base_platforms/xilinx_vmk180_base_202310_1/xilinx_vmk180_base_202310_1.xpfm;xilinx_zcu102_base_202310_1|D:/Xilinx/Vitis/2023.1/base_platforms/xilinx_zcu102_base_202310_1/xilinx_zcu102_base_202310_1.xpfm;xilinx_zcu102_base_dfx_202310_1|D:/Xilinx/Vitis/2023.1/base_platforms/xilinx_zcu102_base_dfx_202310_1/xilinx_zcu102_base_dfx_202310_1.xpfm;xilinx_zcu104_base_202310_1|D:/Xilinx/Vitis/2023.1/base_platforms/xilinx_zcu104_base_202310_1/xilinx_zcu104_base_202310_1.xpfm
07:56:09 INFO  : Checking for BSP changes to sync application flags for project 'microblaze_test'...
07:56:45 INFO  : Bit file 'C:/Users/klaze/Desktop/Vitis_intro/microblaze_init/mcs_top_vanilla/hw/download.bit' is generated.
07:56:45 INFO  : Connected to target on host '127.0.0.1' and port '3121'.
07:56:45 INFO  : 'targets -set -filter {jtag_cable_name =~ "Digilent Basys3 210183BB7486A" && level==0 && jtag_device_ctx=="jsn-Basys3-210183BB7486A-0362d093-0"}' command is executed.
07:56:46 INFO  : Device configured successfully with "C:/Users/klaze/Desktop/Vitis_intro/microblaze_init/mcs_top_vanilla/hw/download.bit"
07:58:21 INFO  : Result from executing command 'getProjects': mcs_top_vanilla
07:58:21 INFO  : Result from executing command 'getPlatforms': mcs_top_vanilla|C:/Users/klaze/Desktop/Vitis_intro/microblaze_init/mcs_top_vanilla/export/mcs_top_vanilla/mcs_top_vanilla.xpfm;xilinx_vck190_base_202310_1|D:/Xilinx/Vitis/2023.1/base_platforms/xilinx_vck190_base_202310_1/xilinx_vck190_base_202310_1.xpfm;xilinx_vck190_base_dfx_202310_1|D:/Xilinx/Vitis/2023.1/base_platforms/xilinx_vck190_base_dfx_202310_1/xilinx_vck190_base_dfx_202310_1.xpfm;xilinx_vek280_es1_base_202310_1|D:/Xilinx/Vitis/2023.1/base_platforms/xilinx_vek280_es1_base_202310_1/xilinx_vek280_es1_base_202310_1.xpfm;xilinx_vmk180_base_202310_1|D:/Xilinx/Vitis/2023.1/base_platforms/xilinx_vmk180_base_202310_1/xilinx_vmk180_base_202310_1.xpfm;xilinx_zcu102_base_202310_1|D:/Xilinx/Vitis/2023.1/base_platforms/xilinx_zcu102_base_202310_1/xilinx_zcu102_base_202310_1.xpfm;xilinx_zcu102_base_dfx_202310_1|D:/Xilinx/Vitis/2023.1/base_platforms/xilinx_zcu102_base_dfx_202310_1/xilinx_zcu102_base_dfx_202310_1.xpfm;xilinx_zcu104_base_202310_1|D:/Xilinx/Vitis/2023.1/base_platforms/xilinx_zcu104_base_202310_1/xilinx_zcu104_base_202310_1.xpfm
07:58:22 INFO  : Checking for BSP changes to sync application flags for project 'microblaze_test'...
07:58:53 INFO  : Bit file 'C:/Users/klaze/Desktop/Vitis_intro/microblaze_init/mcs_top_vanilla/hw/download.bit' is generated.
07:58:53 INFO  : Connected to target on host '127.0.0.1' and port '3121'.
07:58:53 INFO  : 'targets -set -filter {jtag_cable_name =~ "Digilent Basys3 210183BB7486A" && level==0 && jtag_device_ctx=="jsn-Basys3-210183BB7486A-0362d093-0"}' command is executed.
07:58:53 ERROR : couldn't open "C:/Users/klaze/Desktop/Vitis_intro/microblaze_init/mcs_top_vanilla/hw/download.bit": no such file or directory
08:00:01 INFO  : Result from executing command 'getProjects': mcs_top_vanilla
08:00:01 INFO  : Result from executing command 'getPlatforms': mcs_top_vanilla|C:/Users/klaze/Desktop/Vitis_intro/microblaze_init/mcs_top_vanilla/export/mcs_top_vanilla/mcs_top_vanilla.xpfm;xilinx_vck190_base_202310_1|D:/Xilinx/Vitis/2023.1/base_platforms/xilinx_vck190_base_202310_1/xilinx_vck190_base_202310_1.xpfm;xilinx_vck190_base_dfx_202310_1|D:/Xilinx/Vitis/2023.1/base_platforms/xilinx_vck190_base_dfx_202310_1/xilinx_vck190_base_dfx_202310_1.xpfm;xilinx_vek280_es1_base_202310_1|D:/Xilinx/Vitis/2023.1/base_platforms/xilinx_vek280_es1_base_202310_1/xilinx_vek280_es1_base_202310_1.xpfm;xilinx_vmk180_base_202310_1|D:/Xilinx/Vitis/2023.1/base_platforms/xilinx_vmk180_base_202310_1/xilinx_vmk180_base_202310_1.xpfm;xilinx_zcu102_base_202310_1|D:/Xilinx/Vitis/2023.1/base_platforms/xilinx_zcu102_base_202310_1/xilinx_zcu102_base_202310_1.xpfm;xilinx_zcu102_base_dfx_202310_1|D:/Xilinx/Vitis/2023.1/base_platforms/xilinx_zcu102_base_dfx_202310_1/xilinx_zcu102_base_dfx_202310_1.xpfm;xilinx_zcu104_base_202310_1|D:/Xilinx/Vitis/2023.1/base_platforms/xilinx_zcu104_base_202310_1/xilinx_zcu104_base_202310_1.xpfm
08:00:02 INFO  : Checking for BSP changes to sync application flags for project 'microblaze_test'...
08:00:58 INFO  : Bit file 'C:/Users/klaze/Desktop/Vitis_intro/microblaze_init/mcs_top_vanilla/hw/download.bit' is generated.
08:00:58 INFO  : Connected to target on host '127.0.0.1' and port '3121'.
08:00:58 INFO  : 'targets -set -filter {jtag_cable_name =~ "Digilent Basys3 210183BB7486A" && level==0 && jtag_device_ctx=="jsn-Basys3-210183BB7486A-0362d093-0"}' command is executed.
08:00:59 INFO  : Device configured successfully with "C:/Users/klaze/Desktop/Vitis_intro/microblaze_init/mcs_top_vanilla/hw/download.bit"
