17:55:22 DEBUG : Logs will be stored at 'C:/Users/klaze/Desktop/Vitis_intro/IDE.log'.
17:55:32 INFO  : Launching XSCT server: xsct.bat -n  -interactive C:\Users\klaze\Desktop\Vitis_intro\temp_xsdb_launch_script.tcl
17:55:33 INFO  : Registering command handlers for Vitis TCF services
17:55:39 INFO  : Platform repository initialization has completed.
17:55:45 INFO  : XSCT server has started successfully.
17:55:45 INFO  : Successfully done setting XSCT server connection channel  
17:55:45 INFO  : plnx-install-location is set to ''
17:56:04 INFO  : Successfully done setting workspace for the tool. 
17:56:04 INFO  : Successfully done query RDI_DATADIR 
17:56:50 INFO  : Result from executing command 'getProjects': FPro_Bus_Hardware
17:56:50 INFO  : Result from executing command 'getPlatforms': xilinx_vck190_base_202310_1|D:/Xilinx/Vitis/2023.1/base_platforms/xilinx_vck190_base_202310_1/xilinx_vck190_base_202310_1.xpfm;xilinx_vck190_base_dfx_202310_1|D:/Xilinx/Vitis/2023.1/base_platforms/xilinx_vck190_base_dfx_202310_1/xilinx_vck190_base_dfx_202310_1.xpfm;xilinx_vek280_es1_base_202310_1|D:/Xilinx/Vitis/2023.1/base_platforms/xilinx_vek280_es1_base_202310_1/xilinx_vek280_es1_base_202310_1.xpfm;xilinx_vmk180_base_202310_1|D:/Xilinx/Vitis/2023.1/base_platforms/xilinx_vmk180_base_202310_1/xilinx_vmk180_base_202310_1.xpfm;xilinx_zcu102_base_202310_1|D:/Xilinx/Vitis/2023.1/base_platforms/xilinx_zcu102_base_202310_1/xilinx_zcu102_base_202310_1.xpfm;xilinx_zcu102_base_dfx_202310_1|D:/Xilinx/Vitis/2023.1/base_platforms/xilinx_zcu102_base_dfx_202310_1/xilinx_zcu102_base_dfx_202310_1.xpfm;xilinx_zcu104_base_202310_1|D:/Xilinx/Vitis/2023.1/base_platforms/xilinx_zcu104_base_202310_1/xilinx_zcu104_base_202310_1.xpfm
17:56:51 WARN  : An unexpected exception occurred in the module 'platform project logging'
17:56:52 INFO  : Platform 'FPro_Bus_Hardware' is added to custom repositories.
17:56:56 INFO  : Platform 'FPro_Bus_Hardware' is added to custom repositories.
20:36:42 INFO  : Result from executing command 'getProjects': FPro_Bus_Hardware
20:36:42 INFO  : Result from executing command 'getPlatforms': FPro_Bus_Hardware|C:/Users/klaze/Desktop/Vitis_intro/FPro_Bus_Hardware/export/FPro_Bus_Hardware/FPro_Bus_Hardware.xpfm;xilinx_vck190_base_202310_1|D:/Xilinx/Vitis/2023.1/base_platforms/xilinx_vck190_base_202310_1/xilinx_vck190_base_202310_1.xpfm;xilinx_vck190_base_dfx_202310_1|D:/Xilinx/Vitis/2023.1/base_platforms/xilinx_vck190_base_dfx_202310_1/xilinx_vck190_base_dfx_202310_1.xpfm;xilinx_vek280_es1_base_202310_1|D:/Xilinx/Vitis/2023.1/base_platforms/xilinx_vek280_es1_base_202310_1/xilinx_vek280_es1_base_202310_1.xpfm;xilinx_vmk180_base_202310_1|D:/Xilinx/Vitis/2023.1/base_platforms/xilinx_vmk180_base_202310_1/xilinx_vmk180_base_202310_1.xpfm;xilinx_zcu102_base_202310_1|D:/Xilinx/Vitis/2023.1/base_platforms/xilinx_zcu102_base_202310_1/xilinx_zcu102_base_202310_1.xpfm;xilinx_zcu102_base_dfx_202310_1|D:/Xilinx/Vitis/2023.1/base_platforms/xilinx_zcu102_base_dfx_202310_1/xilinx_zcu102_base_dfx_202310_1.xpfm;xilinx_zcu104_base_202310_1|D:/Xilinx/Vitis/2023.1/base_platforms/xilinx_zcu104_base_202310_1/xilinx_zcu104_base_202310_1.xpfm
20:36:46 INFO  : Checking for BSP changes to sync application flags for project 'Vanilla_FPro_Bus'...
20:38:15 INFO  : Checking for BSP changes to sync application flags for project 'Vanilla_FPro_Bus'...
20:38:31 INFO  : Checking for BSP changes to sync application flags for project 'Vanilla_FPro_Bus'...
20:38:56 INFO  : Checking for BSP changes to sync application flags for project 'Vanilla_FPro_Bus'...
20:40:09 INFO  : Checking for BSP changes to sync application flags for project 'Vanilla_FPro_Bus'...
07:07:25 DEBUG : Logs will be stored at 'C:/Users/klaze/Desktop/Vitis_intro/IDE.log'.
07:07:27 INFO  : Launching XSCT server: xsct.bat -n  -interactive C:\Users\klaze\Desktop\Vitis_intro\temp_xsdb_launch_script.tcl
07:07:38 INFO  : Platform repository initialization has completed.
07:07:39 INFO  : XSCT server has started successfully.
07:07:39 INFO  : plnx-install-location is set to ''
07:07:39 INFO  : Successfully done setting XSCT server connection channel  
07:07:39 INFO  : Successfully done setting workspace for the tool. 
07:07:44 INFO  : Registering command handlers for Vitis TCF services
07:08:05 INFO  : Successfully done query RDI_DATADIR 
07:46:54 DEBUG : Logs will be stored at 'C:/Users/klaze/Desktop/Vitis_intro/IDE.log'.
07:46:57 INFO  : Launching XSCT server: xsct.bat -n  -interactive C:\Users\klaze\Desktop\Vitis_intro\temp_xsdb_launch_script.tcl
07:47:09 INFO  : Platform repository initialization has completed.
07:47:09 INFO  : XSCT server has started successfully.
07:47:09 INFO  : plnx-install-location is set to ''
07:47:09 INFO  : Successfully done setting XSCT server connection channel  
07:47:09 INFO  : Successfully done setting workspace for the tool. 
07:48:36 INFO  : Registering command handlers for Vitis TCF services
07:48:45 INFO  : Checking for BSP changes to sync application flags for project 'Vanilla_FPro_Bus'...
07:48:58 INFO  : Successfully done query RDI_DATADIR 
07:49:37 INFO  : Checking for BSP changes to sync application flags for project 'Vanilla_FPro_Bus'...
07:49:50 INFO  : Checking for BSP changes to sync application flags for project 'Vanilla_FPro_Bus'...
07:50:05 INFO  : Checking for BSP changes to sync application flags for project 'Vanilla_FPro_Bus'...
07:50:17 INFO  : Checking for BSP changes to sync application flags for project 'Vanilla_FPro_Bus'...
07:55:14 INFO  : Bit file 'C:/Users/klaze/Desktop/Vitis_intro/Vanilla_FPro_Bus/_ide/bitstream/download.bit' is generated.
07:55:17 INFO  : Connected to target on host '127.0.0.1' and port '3121'.
07:55:19 INFO  : 'targets -set -filter {jtag_cable_name =~ "Digilent Basys3 210183BB7486A" && level==0 && jtag_device_ctx=="jsn-Basys3-210183BB7486A-0362d093-0"}' command is executed.
07:55:19 ERROR : couldn't open "C:/Users/klaze/Desktop/Vitis_intro/Vanilla_FPro_Bus/_ide/bitstream/download.bit": no such file or directory
07:57:44 INFO  : Bit file 'C:/Users/klaze/Desktop/Vitis_intro/Vanilla_FPro_Bus/_ide/bitstream/download.bit' is generated.
07:57:44 INFO  : Connected to target on host '127.0.0.1' and port '3121'.
07:57:44 INFO  : 'targets -set -filter {jtag_cable_name =~ "Digilent Basys3 210183BB7486A" && level==0 && jtag_device_ctx=="jsn-Basys3-210183BB7486A-0362d093-0"}' command is executed.
07:57:46 INFO  : Device configured successfully with "C:/Users/klaze/Desktop/Vitis_intro/Vanilla_FPro_Bus/_ide/bitstream/download.bit"
08:00:58 INFO  : Result from executing command 'getProjects': FPro_Bus_Hardware
08:00:58 INFO  : Result from executing command 'getPlatforms': FPro_Bus_Hardware|C:/Users/klaze/Desktop/Vitis_intro/FPro_Bus_Hardware/export/FPro_Bus_Hardware/FPro_Bus_Hardware.xpfm;xilinx_vck190_base_202310_1|D:/Xilinx/Vitis/2023.1/base_platforms/xilinx_vck190_base_202310_1/xilinx_vck190_base_202310_1.xpfm;xilinx_vck190_base_dfx_202310_1|D:/Xilinx/Vitis/2023.1/base_platforms/xilinx_vck190_base_dfx_202310_1/xilinx_vck190_base_dfx_202310_1.xpfm;xilinx_vek280_es1_base_202310_1|D:/Xilinx/Vitis/2023.1/base_platforms/xilinx_vek280_es1_base_202310_1/xilinx_vek280_es1_base_202310_1.xpfm;xilinx_vmk180_base_202310_1|D:/Xilinx/Vitis/2023.1/base_platforms/xilinx_vmk180_base_202310_1/xilinx_vmk180_base_202310_1.xpfm;xilinx_zcu102_base_202310_1|D:/Xilinx/Vitis/2023.1/base_platforms/xilinx_zcu102_base_202310_1/xilinx_zcu102_base_202310_1.xpfm;xilinx_zcu102_base_dfx_202310_1|D:/Xilinx/Vitis/2023.1/base_platforms/xilinx_zcu102_base_dfx_202310_1/xilinx_zcu102_base_dfx_202310_1.xpfm;xilinx_zcu104_base_202310_1|D:/Xilinx/Vitis/2023.1/base_platforms/xilinx_zcu104_base_202310_1/xilinx_zcu104_base_202310_1.xpfm
08:01:01 INFO  : Checking for BSP changes to sync application flags for project 'Vanilla_FPro_Bus'...
08:01:16 INFO  : Checking for BSP changes to sync application flags for project 'Vanilla_FPro_Bus'...
08:01:53 INFO  : Bit file 'C:/Users/klaze/Desktop/Vitis_intro/Vanilla_FPro_Bus/_ide/bitstream/download.bit' is generated.
08:01:53 INFO  : Connected to target on host '127.0.0.1' and port '3121'.
08:01:53 INFO  : 'targets -set -filter {jtag_cable_name =~ "Digilent Basys3 210183BB7486A" && level==0 && jtag_device_ctx=="jsn-Basys3-210183BB7486A-0362d093-0"}' command is executed.
08:01:54 INFO  : Device configured successfully with "C:/Users/klaze/Desktop/Vitis_intro/Vanilla_FPro_Bus/_ide/bitstream/download.bit"
08:17:13 INFO  : Hardware specification for platform project 'FPro_Bus_Hardware' is updated.
08:18:03 INFO  : Result from executing command 'getProjects': FPro_Bus_Hardware
08:18:03 INFO  : Result from executing command 'getPlatforms': FPro_Bus_Hardware|C:/Users/klaze/Desktop/Vitis_intro/FPro_Bus_Hardware/export/FPro_Bus_Hardware/FPro_Bus_Hardware.xpfm;xilinx_vck190_base_202310_1|D:/Xilinx/Vitis/2023.1/base_platforms/xilinx_vck190_base_202310_1/xilinx_vck190_base_202310_1.xpfm;xilinx_vck190_base_dfx_202310_1|D:/Xilinx/Vitis/2023.1/base_platforms/xilinx_vck190_base_dfx_202310_1/xilinx_vck190_base_dfx_202310_1.xpfm;xilinx_vek280_es1_base_202310_1|D:/Xilinx/Vitis/2023.1/base_platforms/xilinx_vek280_es1_base_202310_1/xilinx_vek280_es1_base_202310_1.xpfm;xilinx_vmk180_base_202310_1|D:/Xilinx/Vitis/2023.1/base_platforms/xilinx_vmk180_base_202310_1/xilinx_vmk180_base_202310_1.xpfm;xilinx_zcu102_base_202310_1|D:/Xilinx/Vitis/2023.1/base_platforms/xilinx_zcu102_base_202310_1/xilinx_zcu102_base_202310_1.xpfm;xilinx_zcu102_base_dfx_202310_1|D:/Xilinx/Vitis/2023.1/base_platforms/xilinx_zcu102_base_dfx_202310_1/xilinx_zcu102_base_dfx_202310_1.xpfm;xilinx_zcu104_base_202310_1|D:/Xilinx/Vitis/2023.1/base_platforms/xilinx_zcu104_base_202310_1/xilinx_zcu104_base_202310_1.xpfm
08:19:11 INFO  : Bit file 'C:/Users/klaze/Desktop/Vitis_intro/Vanilla_FPro_Bus/_ide/bitstream/download.bit' is generated.
08:19:11 INFO  : Connected to target on host '127.0.0.1' and port '3121'.
08:19:11 INFO  : 'targets -set -filter {jtag_cable_name =~ "Digilent Basys3 210183BB7486A" && level==0 && jtag_device_ctx=="jsn-Basys3-210183BB7486A-0362d093-0"}' command is executed.
08:19:12 INFO  : Device configured successfully with "C:/Users/klaze/Desktop/Vitis_intro/Vanilla_FPro_Bus/_ide/bitstream/download.bit"
08:20:08 INFO  : Checking for BSP changes to sync application flags for project 'Vanilla_FPro_Bus'...
08:20:10 INFO  : The hardware specification used by project 'Vanilla_FPro_Bus' is out of sync with the platform. Resource files extracted from the hardware specification will be updated.
08:20:10 INFO  : The file 'C:\Users\klaze\Desktop\Vitis_intro\Vanilla_FPro_Bus\_ide\bitstream\download.bit' stored in project is removed.
08:20:10 INFO  : The file 'C:\Users\klaze\Desktop\Vitis_intro\Vanilla_FPro_Bus\_ide\bitstream\FPro_Bus_Hardware.bit' stored in project is removed.
08:20:10 INFO  : The file 'C:\Users\klaze\Desktop\Vitis_intro\Vanilla_FPro_Bus\_ide\bitstream\FPro_Bus_Hardware.mmi' stored in project is removed.
08:20:10 INFO  : The updated bitstream files are copied from platform to folder 'C:\Users\klaze\Desktop\Vitis_intro\Vanilla_FPro_Bus\_ide\bitstream' in project 'Vanilla_FPro_Bus'.
08:20:56 INFO  : Bit file 'C:/Users/klaze/Desktop/Vitis_intro/FPro_Bus_Hardware/hw/download.bit' is generated.
08:20:56 INFO  : Connected to target on host '127.0.0.1' and port '3121'.
08:20:56 INFO  : 'targets -set -filter {jtag_cable_name =~ "Digilent Basys3 210183BB7486A" && level==0 && jtag_device_ctx=="jsn-Basys3-210183BB7486A-0362d093-0"}' command is executed.
08:20:56 ERROR : couldn't open "C:/Users/klaze/Desktop/Vitis_intro/FPro_Bus_Hardware/hw/download.bit": no such file or directory
08:22:05 INFO  : Bit file 'C:/Users/klaze/Desktop/Vitis_intro/FPro_Bus_Hardware/hw/download.bit' is generated.
08:22:05 INFO  : Connected to target on host '127.0.0.1' and port '3121'.
08:22:05 INFO  : 'targets -set -filter {jtag_cable_name =~ "Digilent Basys3 210183BB7486A" && level==0 && jtag_device_ctx=="jsn-Basys3-210183BB7486A-0362d093-0"}' command is executed.
08:22:06 INFO  : Device configured successfully with "C:/Users/klaze/Desktop/Vitis_intro/FPro_Bus_Hardware/hw/download.bit"
08:23:37 INFO  : Result from executing command 'getProjects': FPro_Bus_Hardware
08:23:37 INFO  : Result from executing command 'getPlatforms': xilinx_vck190_base_202310_1|D:/Xilinx/Vitis/2023.1/base_platforms/xilinx_vck190_base_202310_1/xilinx_vck190_base_202310_1.xpfm;xilinx_vck190_base_dfx_202310_1|D:/Xilinx/Vitis/2023.1/base_platforms/xilinx_vck190_base_dfx_202310_1/xilinx_vck190_base_dfx_202310_1.xpfm;xilinx_vek280_es1_base_202310_1|D:/Xilinx/Vitis/2023.1/base_platforms/xilinx_vek280_es1_base_202310_1/xilinx_vek280_es1_base_202310_1.xpfm;xilinx_vmk180_base_202310_1|D:/Xilinx/Vitis/2023.1/base_platforms/xilinx_vmk180_base_202310_1/xilinx_vmk180_base_202310_1.xpfm;xilinx_zcu102_base_202310_1|D:/Xilinx/Vitis/2023.1/base_platforms/xilinx_zcu102_base_202310_1/xilinx_zcu102_base_202310_1.xpfm;xilinx_zcu102_base_dfx_202310_1|D:/Xilinx/Vitis/2023.1/base_platforms/xilinx_zcu102_base_dfx_202310_1/xilinx_zcu102_base_dfx_202310_1.xpfm;xilinx_zcu104_base_202310_1|D:/Xilinx/Vitis/2023.1/base_platforms/xilinx_zcu104_base_202310_1/xilinx_zcu104_base_202310_1.xpfm
08:23:40 INFO  : Checking for BSP changes to sync application flags for project 'Vanilla_FPro_Bus'...
08:24:17 INFO  : Bit file 'C:/Users/klaze/Desktop/Vitis_intro/FPro_Bus_Hardware/hw/download.bit' is generated.
08:24:17 INFO  : Connected to target on host '127.0.0.1' and port '3121'.
08:24:18 INFO  : 'targets -set -filter {jtag_cable_name =~ "Digilent Basys3 210183BB7486A" && level==0 && jtag_device_ctx=="jsn-Basys3-210183BB7486A-0362d093-0"}' command is executed.
08:24:19 INFO  : Device configured successfully with "C:/Users/klaze/Desktop/Vitis_intro/FPro_Bus_Hardware/hw/download.bit"
08:31:07 INFO  : Result from executing command 'getProjects': FPro_Bus_Hardware
08:31:07 INFO  : Result from executing command 'getPlatforms': FPro_Bus_Hardware|C:/Users/klaze/Desktop/Vitis_intro/FPro_Bus_Hardware/export/FPro_Bus_Hardware/FPro_Bus_Hardware.xpfm;xilinx_vck190_base_202310_1|D:/Xilinx/Vitis/2023.1/base_platforms/xilinx_vck190_base_202310_1/xilinx_vck190_base_202310_1.xpfm;xilinx_vck190_base_dfx_202310_1|D:/Xilinx/Vitis/2023.1/base_platforms/xilinx_vck190_base_dfx_202310_1/xilinx_vck190_base_dfx_202310_1.xpfm;xilinx_vek280_es1_base_202310_1|D:/Xilinx/Vitis/2023.1/base_platforms/xilinx_vek280_es1_base_202310_1/xilinx_vek280_es1_base_202310_1.xpfm;xilinx_vmk180_base_202310_1|D:/Xilinx/Vitis/2023.1/base_platforms/xilinx_vmk180_base_202310_1/xilinx_vmk180_base_202310_1.xpfm;xilinx_zcu102_base_202310_1|D:/Xilinx/Vitis/2023.1/base_platforms/xilinx_zcu102_base_202310_1/xilinx_zcu102_base_202310_1.xpfm;xilinx_zcu102_base_dfx_202310_1|D:/Xilinx/Vitis/2023.1/base_platforms/xilinx_zcu102_base_dfx_202310_1/xilinx_zcu102_base_dfx_202310_1.xpfm;xilinx_zcu104_base_202310_1|D:/Xilinx/Vitis/2023.1/base_platforms/xilinx_zcu104_base_202310_1/xilinx_zcu104_base_202310_1.xpfm
08:31:08 INFO  : Checking for BSP changes to sync application flags for project 'Vanilla_FPro_Bus'...
08:32:10 INFO  : Bit file 'C:/Users/klaze/Desktop/Vitis_intro/FPro_Bus_Hardware/hw/download.bit' is generated.
08:32:10 INFO  : Connected to target on host '127.0.0.1' and port '3121'.
08:32:10 INFO  : 'targets -set -filter {jtag_cable_name =~ "Digilent Basys3 210183BB7486A" && level==0 && jtag_device_ctx=="jsn-Basys3-210183BB7486A-0362d093-0"}' command is executed.
08:32:12 INFO  : Device configured successfully with "C:/Users/klaze/Desktop/Vitis_intro/FPro_Bus_Hardware/hw/download.bit"
08:33:02 INFO  : Result from executing command 'getProjects': FPro_Bus_Hardware
08:33:02 INFO  : Result from executing command 'getPlatforms': FPro_Bus_Hardware|C:/Users/klaze/Desktop/Vitis_intro/FPro_Bus_Hardware/export/FPro_Bus_Hardware/FPro_Bus_Hardware.xpfm;xilinx_vck190_base_202310_1|D:/Xilinx/Vitis/2023.1/base_platforms/xilinx_vck190_base_202310_1/xilinx_vck190_base_202310_1.xpfm;xilinx_vck190_base_dfx_202310_1|D:/Xilinx/Vitis/2023.1/base_platforms/xilinx_vck190_base_dfx_202310_1/xilinx_vck190_base_dfx_202310_1.xpfm;xilinx_vek280_es1_base_202310_1|D:/Xilinx/Vitis/2023.1/base_platforms/xilinx_vek280_es1_base_202310_1/xilinx_vek280_es1_base_202310_1.xpfm;xilinx_vmk180_base_202310_1|D:/Xilinx/Vitis/2023.1/base_platforms/xilinx_vmk180_base_202310_1/xilinx_vmk180_base_202310_1.xpfm;xilinx_zcu102_base_202310_1|D:/Xilinx/Vitis/2023.1/base_platforms/xilinx_zcu102_base_202310_1/xilinx_zcu102_base_202310_1.xpfm;xilinx_zcu102_base_dfx_202310_1|D:/Xilinx/Vitis/2023.1/base_platforms/xilinx_zcu102_base_dfx_202310_1/xilinx_zcu102_base_dfx_202310_1.xpfm;xilinx_zcu104_base_202310_1|D:/Xilinx/Vitis/2023.1/base_platforms/xilinx_zcu104_base_202310_1/xilinx_zcu104_base_202310_1.xpfm
08:33:03 INFO  : Checking for BSP changes to sync application flags for project 'Vanilla_FPro_Bus'...
08:34:54 INFO  : Bit file 'C:/Users/klaze/Desktop/Vitis_intro/FPro_Bus_Hardware/hw/download.bit' is generated.
08:34:54 INFO  : Connected to target on host '127.0.0.1' and port '3121'.
08:34:54 INFO  : 'targets -set -filter {jtag_cable_name =~ "Digilent Basys3 210183BB7486A" && level==0 && jtag_device_ctx=="jsn-Basys3-210183BB7486A-0362d093-0"}' command is executed.
08:34:56 INFO  : Device configured successfully with "C:/Users/klaze/Desktop/Vitis_intro/FPro_Bus_Hardware/hw/download.bit"
14:26:00 DEBUG : Logs will be stored at 'C:/Users/klaze/Desktop/Vitis_intro/IDE.log'.
14:26:02 INFO  : Launching XSCT server: xsct.bat -n  -interactive C:\Users\klaze\Desktop\Vitis_intro\temp_xsdb_launch_script.tcl
14:26:06 INFO  : XSCT server has started successfully.
14:26:06 INFO  : plnx-install-location is set to ''
14:26:06 INFO  : Successfully done setting XSCT server connection channel  
14:26:06 INFO  : Successfully done setting workspace for the tool. 
14:26:08 INFO  : Platform repository initialization has completed.
14:28:46 INFO  : Registering command handlers for Vitis TCF services
14:29:07 INFO  : Successfully done query RDI_DATADIR 
14:44:12 INFO  : Result from executing command 'getProjects': FPro_Bus_Hardware
14:44:12 INFO  : Result from executing command 'getPlatforms': FPro_Bus_Hardware|C:/Users/klaze/Desktop/Vitis_intro/FPro_Bus_Hardware/export/FPro_Bus_Hardware/FPro_Bus_Hardware.xpfm;xilinx_vck190_base_202310_1|D:/Xilinx/Vitis/2023.1/base_platforms/xilinx_vck190_base_202310_1/xilinx_vck190_base_202310_1.xpfm;xilinx_vck190_base_dfx_202310_1|D:/Xilinx/Vitis/2023.1/base_platforms/xilinx_vck190_base_dfx_202310_1/xilinx_vck190_base_dfx_202310_1.xpfm;xilinx_vek280_es1_base_202310_1|D:/Xilinx/Vitis/2023.1/base_platforms/xilinx_vek280_es1_base_202310_1/xilinx_vek280_es1_base_202310_1.xpfm;xilinx_vmk180_base_202310_1|D:/Xilinx/Vitis/2023.1/base_platforms/xilinx_vmk180_base_202310_1/xilinx_vmk180_base_202310_1.xpfm;xilinx_zcu102_base_202310_1|D:/Xilinx/Vitis/2023.1/base_platforms/xilinx_zcu102_base_202310_1/xilinx_zcu102_base_202310_1.xpfm;xilinx_zcu102_base_dfx_202310_1|D:/Xilinx/Vitis/2023.1/base_platforms/xilinx_zcu102_base_dfx_202310_1/xilinx_zcu102_base_dfx_202310_1.xpfm;xilinx_zcu104_base_202310_1|D:/Xilinx/Vitis/2023.1/base_platforms/xilinx_zcu104_base_202310_1/xilinx_zcu104_base_202310_1.xpfm
14:44:13 INFO  : Checking for BSP changes to sync application flags for project 'Vanilla_FPro_Bus'...
14:45:33 INFO  : Checking for BSP changes to sync application flags for project 'Vanilla_FPro_Bus'...
14:47:51 INFO  : Bit file 'C:/Users/klaze/Desktop/Vitis_intro/FPro_Bus_Hardware/hw/download.bit' is generated.
14:47:54 INFO  : Connected to target on host '127.0.0.1' and port '3121'.
14:47:57 INFO  : 'targets -set -filter {jtag_cable_name =~ "Digilent Basys3 210183BB7486A" && level==0 && jtag_device_ctx=="jsn-Basys3-210183BB7486A-0362d093-0"}' command is executed.
14:47:58 INFO  : Device configured successfully with "C:/Users/klaze/Desktop/Vitis_intro/FPro_Bus_Hardware/hw/download.bit"
15:08:31 DEBUG : Logs will be stored at 'C:/Users/klaze/Desktop/Vitis_Projects/Vitis_intro/IDE.log'.
15:08:32 INFO  : Launching XSCT server: xsct.bat -n  -interactive C:\Users\klaze\Desktop\Vitis_Projects\Vitis_intro\temp_xsdb_launch_script.tcl
15:08:34 INFO  : XSCT server has started successfully.
15:08:34 INFO  : Successfully done setting XSCT server connection channel  
15:08:34 INFO  : plnx-install-location is set to ''
15:08:34 INFO  : Successfully done setting workspace for the tool. 
15:08:37 INFO  : Platform repository initialization has completed.
15:08:37 INFO  : Successfully done query RDI_DATADIR 
15:08:37 INFO  : Registering command handlers for Vitis TCF services
15:14:33 INFO  : Checking for BSP changes to sync application flags for project 'Vanilla_FPro_Bus'...
15:14:33 ERROR : Failed to get platform details for the project 'Vanilla_FPro_Bus'. Cannot sync application flags.
15:14:44 INFO  : Checking for BSP changes to sync application flags for project 'Vanilla_FPro_Bus'...
15:14:44 ERROR : Failed to get platform details for the project 'Vanilla_FPro_Bus'. Cannot sync application flags.
15:15:02 INFO  : Hardware specification for platform project 'FPro_Bus_Hardware' is updated.
15:15:15 INFO  : Result from executing command 'getProjects': FPro_Bus_Hardware
15:15:15 INFO  : Result from executing command 'getPlatforms': xilinx_vck190_base_202310_1|D:/Xilinx/Vitis/2023.1/base_platforms/xilinx_vck190_base_202310_1/xilinx_vck190_base_202310_1.xpfm;xilinx_vck190_base_dfx_202310_1|D:/Xilinx/Vitis/2023.1/base_platforms/xilinx_vck190_base_dfx_202310_1/xilinx_vck190_base_dfx_202310_1.xpfm;xilinx_vek280_es1_base_202310_1|D:/Xilinx/Vitis/2023.1/base_platforms/xilinx_vek280_es1_base_202310_1/xilinx_vek280_es1_base_202310_1.xpfm;xilinx_vmk180_base_202310_1|D:/Xilinx/Vitis/2023.1/base_platforms/xilinx_vmk180_base_202310_1/xilinx_vmk180_base_202310_1.xpfm;xilinx_zcu102_base_202310_1|D:/Xilinx/Vitis/2023.1/base_platforms/xilinx_zcu102_base_202310_1/xilinx_zcu102_base_202310_1.xpfm;xilinx_zcu102_base_dfx_202310_1|D:/Xilinx/Vitis/2023.1/base_platforms/xilinx_zcu102_base_dfx_202310_1/xilinx_zcu102_base_dfx_202310_1.xpfm;xilinx_zcu104_base_202310_1|D:/Xilinx/Vitis/2023.1/base_platforms/xilinx_zcu104_base_202310_1/xilinx_zcu104_base_202310_1.xpfm
15:15:16 INFO  : Checking for BSP changes to sync application flags for project 'Vanilla_FPro_Bus'...
15:15:40 INFO  : Checking for BSP changes to sync application flags for project 'Vanilla_FPro_Bus'...
15:16:27 INFO  : Bit file 'C:/Users/klaze/Desktop/Vitis_Projects/Vitis_intro/FPro_Bus_Hardware/hw/download.bit' is generated.
15:16:27 INFO  : Connected to target on host '127.0.0.1' and port '3121'.
15:16:27 INFO  : 'targets -set -filter {jtag_cable_name =~ "Digilent Basys3 210183BB7486A" && level==0 && jtag_device_ctx=="jsn-Basys3-210183BB7486A-0362d093-0"}' command is executed.
15:16:27 ERROR : couldn't open "C:/Users/klaze/Desktop/Vitis_Projects/Vitis_intro/FPro_Bus_Hardware/hw/download.bit": no such file or directory
15:17:17 INFO  : Bit file 'C:/Users/klaze/Desktop/Vitis_Projects/Vitis_intro/FPro_Bus_Hardware/hw/download.bit' is generated.
15:17:17 INFO  : Connected to target on host '127.0.0.1' and port '3121'.
15:17:17 INFO  : 'targets -set -filter {jtag_cable_name =~ "Digilent Basys3 210183BB7486A" && level==0 && jtag_device_ctx=="jsn-Basys3-210183BB7486A-0362d093-0"}' command is executed.
15:17:18 INFO  : Device configured successfully with "C:/Users/klaze/Desktop/Vitis_Projects/Vitis_intro/FPro_Bus_Hardware/hw/download.bit"
15:18:32 INFO  : Bit file 'C:/Users/klaze/Desktop/Vitis_Projects/Vitis_intro/FPro_Bus_Hardware/hw/download.bit' is generated.
15:18:32 INFO  : Connected to target on host '127.0.0.1' and port '3121'.
15:18:32 INFO  : 'targets -set -filter {jtag_cable_name =~ "Digilent Basys3 210183BB7486A" && level==0 && jtag_device_ctx=="jsn-Basys3-210183BB7486A-0362d093-0"}' command is executed.
15:18:34 INFO  : Device configured successfully with "C:/Users/klaze/Desktop/Vitis_Projects/Vitis_intro/FPro_Bus_Hardware/hw/download.bit"
15:20:45 INFO  : Result from executing command 'getProjects': FPro_Bus_Hardware
15:20:45 INFO  : Result from executing command 'getPlatforms': FPro_Bus_Hardware|C:/Users/klaze/Desktop/Vitis_Projects/Vitis_intro/FPro_Bus_Hardware/export/FPro_Bus_Hardware/FPro_Bus_Hardware.xpfm;xilinx_vck190_base_202310_1|D:/Xilinx/Vitis/2023.1/base_platforms/xilinx_vck190_base_202310_1/xilinx_vck190_base_202310_1.xpfm;xilinx_vck190_base_dfx_202310_1|D:/Xilinx/Vitis/2023.1/base_platforms/xilinx_vck190_base_dfx_202310_1/xilinx_vck190_base_dfx_202310_1.xpfm;xilinx_vek280_es1_base_202310_1|D:/Xilinx/Vitis/2023.1/base_platforms/xilinx_vek280_es1_base_202310_1/xilinx_vek280_es1_base_202310_1.xpfm;xilinx_vmk180_base_202310_1|D:/Xilinx/Vitis/2023.1/base_platforms/xilinx_vmk180_base_202310_1/xilinx_vmk180_base_202310_1.xpfm;xilinx_zcu102_base_202310_1|D:/Xilinx/Vitis/2023.1/base_platforms/xilinx_zcu102_base_202310_1/xilinx_zcu102_base_202310_1.xpfm;xilinx_zcu102_base_dfx_202310_1|D:/Xilinx/Vitis/2023.1/base_platforms/xilinx_zcu102_base_dfx_202310_1/xilinx_zcu102_base_dfx_202310_1.xpfm;xilinx_zcu104_base_202310_1|D:/Xilinx/Vitis/2023.1/base_platforms/xilinx_zcu104_base_202310_1/xilinx_zcu104_base_202310_1.xpfm
15:20:46 INFO  : Checking for BSP changes to sync application flags for project 'Vanilla_FPro_Bus'...
15:21:17 INFO  : Bit file 'C:/Users/klaze/Desktop/Vitis_Projects/Vitis_intro/FPro_Bus_Hardware/hw/download.bit' is generated.
15:21:17 INFO  : Connected to target on host '127.0.0.1' and port '3121'.
15:21:17 INFO  : 'targets -set -filter {jtag_cable_name =~ "Digilent Basys3 210183BB7486A" && level==0 && jtag_device_ctx=="jsn-Basys3-210183BB7486A-0362d093-0"}' command is executed.
15:21:19 INFO  : Device configured successfully with "C:/Users/klaze/Desktop/Vitis_Projects/Vitis_intro/FPro_Bus_Hardware/hw/download.bit"
06:15:18 DEBUG : Logs will be stored at 'C:/Users/klaze/Desktop/Vitis_Projects/Vitis_intro/IDE.log'.
06:15:19 INFO  : Launching XSCT server: xsct.bat -n  -interactive C:\Users\klaze\Desktop\Vitis_Projects\Vitis_intro\temp_xsdb_launch_script.tcl
06:15:21 INFO  : XSCT server has started successfully.
06:15:21 INFO  : Successfully done setting XSCT server connection channel  
06:15:21 INFO  : plnx-install-location is set to ''
06:15:21 INFO  : Successfully done setting workspace for the tool. 
06:15:22 INFO  : Registering command handlers for Vitis TCF services
06:15:22 INFO  : Successfully done query RDI_DATADIR 
06:15:23 INFO  : Platform repository initialization has completed.
06:15:39 INFO  : Hardware specification for platform project 'FPro_Bus_Hardware' is updated.
07:24:28 INFO  : Hardware specification for platform project 'FPro_Bus_Hardware' is updated.
07:25:02 INFO  : Result from executing command 'getProjects': FPro_Bus_Hardware
07:25:02 INFO  : Result from executing command 'getPlatforms': FPro_Bus_Hardware|C:/Users/klaze/Desktop/Vitis_Projects/Vitis_intro/FPro_Bus_Hardware/export/FPro_Bus_Hardware/FPro_Bus_Hardware.xpfm;xilinx_vck190_base_202310_1|D:/Xilinx/Vitis/2023.1/base_platforms/xilinx_vck190_base_202310_1/xilinx_vck190_base_202310_1.xpfm;xilinx_vck190_base_dfx_202310_1|D:/Xilinx/Vitis/2023.1/base_platforms/xilinx_vck190_base_dfx_202310_1/xilinx_vck190_base_dfx_202310_1.xpfm;xilinx_vek280_es1_base_202310_1|D:/Xilinx/Vitis/2023.1/base_platforms/xilinx_vek280_es1_base_202310_1/xilinx_vek280_es1_base_202310_1.xpfm;xilinx_vmk180_base_202310_1|D:/Xilinx/Vitis/2023.1/base_platforms/xilinx_vmk180_base_202310_1/xilinx_vmk180_base_202310_1.xpfm;xilinx_zcu102_base_202310_1|D:/Xilinx/Vitis/2023.1/base_platforms/xilinx_zcu102_base_202310_1/xilinx_zcu102_base_202310_1.xpfm;xilinx_zcu102_base_dfx_202310_1|D:/Xilinx/Vitis/2023.1/base_platforms/xilinx_zcu102_base_dfx_202310_1/xilinx_zcu102_base_dfx_202310_1.xpfm;xilinx_zcu104_base_202310_1|D:/Xilinx/Vitis/2023.1/base_platforms/xilinx_zcu104_base_202310_1/xilinx_zcu104_base_202310_1.xpfm
07:25:06 INFO  : Checking for BSP changes to sync application flags for project 'Vanilla_FPro_Bus'...
07:25:10 INFO  : The hardware specification used by project 'Vanilla_FPro_Bus' is out of sync with the platform. Resource files extracted from the hardware specification will be updated.
07:25:10 INFO  : The file 'C:\Users\klaze\Desktop\Vitis_Projects\Vitis_intro\Vanilla_FPro_Bus\_ide\bitstream\FPro_Vanilla.bit' stored in project is removed.
07:25:10 INFO  : The file 'C:\Users\klaze\Desktop\Vitis_Projects\Vitis_intro\Vanilla_FPro_Bus\_ide\bitstream\FPro_Vanilla.mmi' stored in project is removed.
07:25:10 INFO  : The updated bitstream files are copied from platform to folder 'C:\Users\klaze\Desktop\Vitis_Projects\Vitis_intro\Vanilla_FPro_Bus\_ide\bitstream' in project 'Vanilla_FPro_Bus'.
07:27:22 INFO  : Checking for BSP changes to sync application flags for project 'Vanilla_FPro_Bus'...
07:30:04 INFO  : Checking for BSP changes to sync application flags for project 'Vanilla_FPro_Bus'...
07:32:07 INFO  : Checking for BSP changes to sync application flags for project 'Vanilla_FPro_Bus'...
07:32:21 INFO  : Checking for BSP changes to sync application flags for project 'Vanilla_FPro_Bus'...
07:33:27 INFO  : Checking for BSP changes to sync application flags for project 'Vanilla_FPro_Bus'...
07:34:30 INFO  : Checking for BSP changes to sync application flags for project 'Vanilla_FPro_Bus'...
07:37:22 INFO  : Checking for BSP changes to sync application flags for project 'Vanilla_FPro_Bus'...
07:38:15 INFO  : Bit file 'C:/Users/klaze/Desktop/Vitis_Projects/Vitis_intro/FPro_Bus_Hardware/hw/download.bit' is generated.
07:38:18 INFO  : Connected to target on host '127.0.0.1' and port '3121'.
07:38:20 INFO  : 'targets -set -filter {jtag_cable_name =~ "Digilent Basys3 210183BB7486A" && level==0 && jtag_device_ctx=="jsn-Basys3-210183BB7486A-0362d093-0"}' command is executed.
07:38:20 ERROR : couldn't open "C:/Users/klaze/Desktop/Vitis_Projects/Vitis_intro/FPro_Bus_Hardware/hw/download.bit": no such file or directory
07:39:27 INFO  : Bit file 'C:/Users/klaze/Desktop/Vitis_Projects/Vitis_intro/FPro_Bus_Hardware/hw/download.bit' is generated.
07:39:27 INFO  : Connected to target on host '127.0.0.1' and port '3121'.
07:39:27 INFO  : 'targets -set -filter {jtag_cable_name =~ "Digilent Basys3 210183BB7486A" && level==0 && jtag_device_ctx=="jsn-Basys3-210183BB7486A-0362d093-0"}' command is executed.
07:39:28 INFO  : Device configured successfully with "C:/Users/klaze/Desktop/Vitis_Projects/Vitis_intro/FPro_Bus_Hardware/hw/download.bit"
07:42:20 INFO  : Result from executing command 'getProjects': FPro_Bus_Hardware
07:42:20 INFO  : Result from executing command 'getPlatforms': FPro_Bus_Hardware|C:/Users/klaze/Desktop/Vitis_Projects/Vitis_intro/FPro_Bus_Hardware/export/FPro_Bus_Hardware/FPro_Bus_Hardware.xpfm;xilinx_vck190_base_202310_1|D:/Xilinx/Vitis/2023.1/base_platforms/xilinx_vck190_base_202310_1/xilinx_vck190_base_202310_1.xpfm;xilinx_vck190_base_dfx_202310_1|D:/Xilinx/Vitis/2023.1/base_platforms/xilinx_vck190_base_dfx_202310_1/xilinx_vck190_base_dfx_202310_1.xpfm;xilinx_vek280_es1_base_202310_1|D:/Xilinx/Vitis/2023.1/base_platforms/xilinx_vek280_es1_base_202310_1/xilinx_vek280_es1_base_202310_1.xpfm;xilinx_vmk180_base_202310_1|D:/Xilinx/Vitis/2023.1/base_platforms/xilinx_vmk180_base_202310_1/xilinx_vmk180_base_202310_1.xpfm;xilinx_zcu102_base_202310_1|D:/Xilinx/Vitis/2023.1/base_platforms/xilinx_zcu102_base_202310_1/xilinx_zcu102_base_202310_1.xpfm;xilinx_zcu102_base_dfx_202310_1|D:/Xilinx/Vitis/2023.1/base_platforms/xilinx_zcu102_base_dfx_202310_1/xilinx_zcu102_base_dfx_202310_1.xpfm;xilinx_zcu104_base_202310_1|D:/Xilinx/Vitis/2023.1/base_platforms/xilinx_zcu104_base_202310_1/xilinx_zcu104_base_202310_1.xpfm
07:42:23 INFO  : Checking for BSP changes to sync application flags for project 'Vanilla_FPro_Bus'...
07:43:11 INFO  : Bit file 'C:/Users/klaze/Desktop/Vitis_Projects/Vitis_intro/FPro_Bus_Hardware/hw/download.bit' is generated.
07:43:11 INFO  : Connected to target on host '127.0.0.1' and port '3121'.
07:43:11 INFO  : 'targets -set -filter {jtag_cable_name =~ "Digilent Basys3 210183BB7486A" && level==0 && jtag_device_ctx=="jsn-Basys3-210183BB7486A-0362d093-0"}' command is executed.
07:43:13 INFO  : Device configured successfully with "C:/Users/klaze/Desktop/Vitis_Projects/Vitis_intro/FPro_Bus_Hardware/hw/download.bit"
07:51:10 INFO  : Hardware specification for platform project 'FPro_Bus_Hardware' is updated.
07:51:41 INFO  : Result from executing command 'getProjects': FPro_Bus_Hardware
07:51:41 INFO  : Result from executing command 'getPlatforms': FPro_Bus_Hardware|C:/Users/klaze/Desktop/Vitis_Projects/Vitis_intro/FPro_Bus_Hardware/export/FPro_Bus_Hardware/FPro_Bus_Hardware.xpfm;xilinx_vck190_base_202310_1|D:/Xilinx/Vitis/2023.1/base_platforms/xilinx_vck190_base_202310_1/xilinx_vck190_base_202310_1.xpfm;xilinx_vck190_base_dfx_202310_1|D:/Xilinx/Vitis/2023.1/base_platforms/xilinx_vck190_base_dfx_202310_1/xilinx_vck190_base_dfx_202310_1.xpfm;xilinx_vek280_es1_base_202310_1|D:/Xilinx/Vitis/2023.1/base_platforms/xilinx_vek280_es1_base_202310_1/xilinx_vek280_es1_base_202310_1.xpfm;xilinx_vmk180_base_202310_1|D:/Xilinx/Vitis/2023.1/base_platforms/xilinx_vmk180_base_202310_1/xilinx_vmk180_base_202310_1.xpfm;xilinx_zcu102_base_202310_1|D:/Xilinx/Vitis/2023.1/base_platforms/xilinx_zcu102_base_202310_1/xilinx_zcu102_base_202310_1.xpfm;xilinx_zcu102_base_dfx_202310_1|D:/Xilinx/Vitis/2023.1/base_platforms/xilinx_zcu102_base_dfx_202310_1/xilinx_zcu102_base_dfx_202310_1.xpfm;xilinx_zcu104_base_202310_1|D:/Xilinx/Vitis/2023.1/base_platforms/xilinx_zcu104_base_202310_1/xilinx_zcu104_base_202310_1.xpfm
07:51:46 INFO  : Checking for BSP changes to sync application flags for project 'Vanilla_FPro_Bus'...
07:51:47 INFO  : The hardware specification used by project 'Vanilla_FPro_Bus' is out of sync with the platform. Resource files extracted from the hardware specification will be updated.
07:51:47 INFO  : The file 'C:\Users\klaze\Desktop\Vitis_Projects\Vitis_intro\Vanilla_FPro_Bus\_ide\bitstream\FPro_Vanilla.bit' stored in project is removed.
07:51:47 INFO  : The file 'C:\Users\klaze\Desktop\Vitis_Projects\Vitis_intro\Vanilla_FPro_Bus\_ide\bitstream\FPro_Vanilla.mmi' stored in project is removed.
07:51:48 INFO  : The updated bitstream files are copied from platform to folder 'C:\Users\klaze\Desktop\Vitis_Projects\Vitis_intro\Vanilla_FPro_Bus\_ide\bitstream' in project 'Vanilla_FPro_Bus'.
07:52:57 INFO  : Bit file 'C:/Users/klaze/Desktop/Vitis_Projects/Vitis_intro/FPro_Bus_Hardware/hw/download.bit' is generated.
07:52:57 INFO  : Connected to target on host '127.0.0.1' and port '3121'.
07:52:58 INFO  : 'targets -set -filter {jtag_cable_name =~ "Digilent Basys3 210183BB7486A" && level==0 && jtag_device_ctx=="jsn-Basys3-210183BB7486A-0362d093-0"}' command is executed.
07:52:58 ERROR : couldn't open "C:/Users/klaze/Desktop/Vitis_Projects/Vitis_intro/FPro_Bus_Hardware/hw/download.bit": no such file or directory
07:53:45 INFO  : Bit file 'C:/Users/klaze/Desktop/Vitis_Projects/Vitis_intro/FPro_Bus_Hardware/hw/download.bit' is generated.
07:53:45 INFO  : Connected to target on host '127.0.0.1' and port '3121'.
07:53:45 INFO  : 'targets -set -filter {jtag_cable_name =~ "Digilent Basys3 210183BB7486A" && level==0 && jtag_device_ctx=="jsn-Basys3-210183BB7486A-0362d093-0"}' command is executed.
07:53:46 INFO  : Device configured successfully with "C:/Users/klaze/Desktop/Vitis_Projects/Vitis_intro/FPro_Bus_Hardware/hw/download.bit"
07:57:30 INFO  : Result from executing command 'getProjects': FPro_Bus_Hardware
07:57:30 INFO  : Result from executing command 'getPlatforms': FPro_Bus_Hardware|C:/Users/klaze/Desktop/Vitis_Projects/Vitis_intro/FPro_Bus_Hardware/export/FPro_Bus_Hardware/FPro_Bus_Hardware.xpfm;xilinx_vck190_base_202310_1|D:/Xilinx/Vitis/2023.1/base_platforms/xilinx_vck190_base_202310_1/xilinx_vck190_base_202310_1.xpfm;xilinx_vck190_base_dfx_202310_1|D:/Xilinx/Vitis/2023.1/base_platforms/xilinx_vck190_base_dfx_202310_1/xilinx_vck190_base_dfx_202310_1.xpfm;xilinx_vek280_es1_base_202310_1|D:/Xilinx/Vitis/2023.1/base_platforms/xilinx_vek280_es1_base_202310_1/xilinx_vek280_es1_base_202310_1.xpfm;xilinx_vmk180_base_202310_1|D:/Xilinx/Vitis/2023.1/base_platforms/xilinx_vmk180_base_202310_1/xilinx_vmk180_base_202310_1.xpfm;xilinx_zcu102_base_202310_1|D:/Xilinx/Vitis/2023.1/base_platforms/xilinx_zcu102_base_202310_1/xilinx_zcu102_base_202310_1.xpfm;xilinx_zcu102_base_dfx_202310_1|D:/Xilinx/Vitis/2023.1/base_platforms/xilinx_zcu102_base_dfx_202310_1/xilinx_zcu102_base_dfx_202310_1.xpfm;xilinx_zcu104_base_202310_1|D:/Xilinx/Vitis/2023.1/base_platforms/xilinx_zcu104_base_202310_1/xilinx_zcu104_base_202310_1.xpfm
07:57:31 INFO  : Checking for BSP changes to sync application flags for project 'Vanilla_FPro_Bus'...
07:58:05 INFO  : Bit file 'C:/Users/klaze/Desktop/Vitis_Projects/Vitis_intro/FPro_Bus_Hardware/hw/download.bit' is generated.
07:58:05 INFO  : Connected to target on host '127.0.0.1' and port '3121'.
07:58:05 INFO  : 'targets -set -filter {jtag_cable_name =~ "Digilent Basys3 210183BB7486A" && level==0 && jtag_device_ctx=="jsn-Basys3-210183BB7486A-0362d093-0"}' command is executed.
07:58:06 INFO  : Device configured successfully with "C:/Users/klaze/Desktop/Vitis_Projects/Vitis_intro/FPro_Bus_Hardware/hw/download.bit"
07:58:22 INFO  : Result from executing command 'getProjects': FPro_Bus_Hardware
07:58:22 INFO  : Result from executing command 'getPlatforms': FPro_Bus_Hardware|C:/Users/klaze/Desktop/Vitis_Projects/Vitis_intro/FPro_Bus_Hardware/export/FPro_Bus_Hardware/FPro_Bus_Hardware.xpfm;xilinx_vck190_base_202310_1|D:/Xilinx/Vitis/2023.1/base_platforms/xilinx_vck190_base_202310_1/xilinx_vck190_base_202310_1.xpfm;xilinx_vck190_base_dfx_202310_1|D:/Xilinx/Vitis/2023.1/base_platforms/xilinx_vck190_base_dfx_202310_1/xilinx_vck190_base_dfx_202310_1.xpfm;xilinx_vek280_es1_base_202310_1|D:/Xilinx/Vitis/2023.1/base_platforms/xilinx_vek280_es1_base_202310_1/xilinx_vek280_es1_base_202310_1.xpfm;xilinx_vmk180_base_202310_1|D:/Xilinx/Vitis/2023.1/base_platforms/xilinx_vmk180_base_202310_1/xilinx_vmk180_base_202310_1.xpfm;xilinx_zcu102_base_202310_1|D:/Xilinx/Vitis/2023.1/base_platforms/xilinx_zcu102_base_202310_1/xilinx_zcu102_base_202310_1.xpfm;xilinx_zcu102_base_dfx_202310_1|D:/Xilinx/Vitis/2023.1/base_platforms/xilinx_zcu102_base_dfx_202310_1/xilinx_zcu102_base_dfx_202310_1.xpfm;xilinx_zcu104_base_202310_1|D:/Xilinx/Vitis/2023.1/base_platforms/xilinx_zcu104_base_202310_1/xilinx_zcu104_base_202310_1.xpfm
07:58:23 INFO  : Checking for BSP changes to sync application flags for project 'Vanilla_FPro_Bus'...
07:58:57 INFO  : Bit file 'C:/Users/klaze/Desktop/Vitis_Projects/Vitis_intro/FPro_Bus_Hardware/hw/download.bit' is generated.
07:58:57 INFO  : Connected to target on host '127.0.0.1' and port '3121'.
07:58:57 INFO  : 'targets -set -filter {jtag_cable_name =~ "Digilent Basys3 210183BB7486A" && level==0 && jtag_device_ctx=="jsn-Basys3-210183BB7486A-0362d093-0"}' command is executed.
07:58:58 INFO  : Device configured successfully with "C:/Users/klaze/Desktop/Vitis_Projects/Vitis_intro/FPro_Bus_Hardware/hw/download.bit"
08:09:03 INFO  : Hardware specification for platform project 'FPro_Bus_Hardware' is updated.
08:09:37 INFO  : Result from executing command 'getProjects': FPro_Bus_Hardware
08:09:37 INFO  : Result from executing command 'getPlatforms': FPro_Bus_Hardware|C:/Users/klaze/Desktop/Vitis_Projects/Vitis_intro/FPro_Bus_Hardware/export/FPro_Bus_Hardware/FPro_Bus_Hardware.xpfm;xilinx_vck190_base_202310_1|D:/Xilinx/Vitis/2023.1/base_platforms/xilinx_vck190_base_202310_1/xilinx_vck190_base_202310_1.xpfm;xilinx_vck190_base_dfx_202310_1|D:/Xilinx/Vitis/2023.1/base_platforms/xilinx_vck190_base_dfx_202310_1/xilinx_vck190_base_dfx_202310_1.xpfm;xilinx_vek280_es1_base_202310_1|D:/Xilinx/Vitis/2023.1/base_platforms/xilinx_vek280_es1_base_202310_1/xilinx_vek280_es1_base_202310_1.xpfm;xilinx_vmk180_base_202310_1|D:/Xilinx/Vitis/2023.1/base_platforms/xilinx_vmk180_base_202310_1/xilinx_vmk180_base_202310_1.xpfm;xilinx_zcu102_base_202310_1|D:/Xilinx/Vitis/2023.1/base_platforms/xilinx_zcu102_base_202310_1/xilinx_zcu102_base_202310_1.xpfm;xilinx_zcu102_base_dfx_202310_1|D:/Xilinx/Vitis/2023.1/base_platforms/xilinx_zcu102_base_dfx_202310_1/xilinx_zcu102_base_dfx_202310_1.xpfm;xilinx_zcu104_base_202310_1|D:/Xilinx/Vitis/2023.1/base_platforms/xilinx_zcu104_base_202310_1/xilinx_zcu104_base_202310_1.xpfm
08:09:42 INFO  : Checking for BSP changes to sync application flags for project 'Vanilla_FPro_Bus'...
08:09:43 INFO  : The hardware specification used by project 'Vanilla_FPro_Bus' is out of sync with the platform. Resource files extracted from the hardware specification will be updated.
08:09:43 INFO  : The file 'C:\Users\klaze\Desktop\Vitis_Projects\Vitis_intro\Vanilla_FPro_Bus\_ide\bitstream\FPro_Vanilla.bit' stored in project is removed.
08:09:43 INFO  : The file 'C:\Users\klaze\Desktop\Vitis_Projects\Vitis_intro\Vanilla_FPro_Bus\_ide\bitstream\FPro_Vanilla.mmi' stored in project is removed.
08:09:43 INFO  : The updated bitstream files are copied from platform to folder 'C:\Users\klaze\Desktop\Vitis_Projects\Vitis_intro\Vanilla_FPro_Bus\_ide\bitstream' in project 'Vanilla_FPro_Bus'.
08:10:30 INFO  : Bit file 'C:/Users/klaze/Desktop/Vitis_Projects/Vitis_intro/FPro_Bus_Hardware/hw/download.bit' is generated.
08:10:30 INFO  : Connected to target on host '127.0.0.1' and port '3121'.
08:10:30 INFO  : 'targets -set -filter {jtag_cable_name =~ "Digilent Basys3 210183BB7486A" && level==0 && jtag_device_ctx=="jsn-Basys3-210183BB7486A-0362d093-0"}' command is executed.
08:10:30 ERROR : couldn't open "C:/Users/klaze/Desktop/Vitis_Projects/Vitis_intro/FPro_Bus_Hardware/hw/download.bit": no such file or directory
08:11:12 INFO  : Bit file 'C:/Users/klaze/Desktop/Vitis_Projects/Vitis_intro/FPro_Bus_Hardware/hw/download.bit' is generated.
08:11:12 INFO  : Connected to target on host '127.0.0.1' and port '3121'.
08:11:13 INFO  : 'targets -set -filter {jtag_cable_name =~ "Digilent Basys3 210183BB7486A" && level==0 && jtag_device_ctx=="jsn-Basys3-210183BB7486A-0362d093-0"}' command is executed.
08:11:14 INFO  : Device configured successfully with "C:/Users/klaze/Desktop/Vitis_Projects/Vitis_intro/FPro_Bus_Hardware/hw/download.bit"
08:16:59 INFO  : Result from executing command 'getProjects': FPro_Bus_Hardware
08:16:59 INFO  : Result from executing command 'getPlatforms': FPro_Bus_Hardware|C:/Users/klaze/Desktop/Vitis_Projects/Vitis_intro/FPro_Bus_Hardware/export/FPro_Bus_Hardware/FPro_Bus_Hardware.xpfm;xilinx_vck190_base_202310_1|D:/Xilinx/Vitis/2023.1/base_platforms/xilinx_vck190_base_202310_1/xilinx_vck190_base_202310_1.xpfm;xilinx_vck190_base_dfx_202310_1|D:/Xilinx/Vitis/2023.1/base_platforms/xilinx_vck190_base_dfx_202310_1/xilinx_vck190_base_dfx_202310_1.xpfm;xilinx_vek280_es1_base_202310_1|D:/Xilinx/Vitis/2023.1/base_platforms/xilinx_vek280_es1_base_202310_1/xilinx_vek280_es1_base_202310_1.xpfm;xilinx_vmk180_base_202310_1|D:/Xilinx/Vitis/2023.1/base_platforms/xilinx_vmk180_base_202310_1/xilinx_vmk180_base_202310_1.xpfm;xilinx_zcu102_base_202310_1|D:/Xilinx/Vitis/2023.1/base_platforms/xilinx_zcu102_base_202310_1/xilinx_zcu102_base_202310_1.xpfm;xilinx_zcu102_base_dfx_202310_1|D:/Xilinx/Vitis/2023.1/base_platforms/xilinx_zcu102_base_dfx_202310_1/xilinx_zcu102_base_dfx_202310_1.xpfm;xilinx_zcu104_base_202310_1|D:/Xilinx/Vitis/2023.1/base_platforms/xilinx_zcu104_base_202310_1/xilinx_zcu104_base_202310_1.xpfm
08:17:00 INFO  : Checking for BSP changes to sync application flags for project 'Vanilla_FPro_Bus'...
08:17:44 INFO  : Bit file 'C:/Users/klaze/Desktop/Vitis_Projects/Vitis_intro/FPro_Bus_Hardware/hw/download.bit' is generated.
08:17:44 INFO  : Connected to target on host '127.0.0.1' and port '3121'.
08:17:44 INFO  : 'targets -set -filter {jtag_cable_name =~ "Digilent Basys3 210183BB7486A" && level==0 && jtag_device_ctx=="jsn-Basys3-210183BB7486A-0362d093-0"}' command is executed.
08:17:45 INFO  : Device configured successfully with "C:/Users/klaze/Desktop/Vitis_Projects/Vitis_intro/FPro_Bus_Hardware/hw/download.bit"
08:19:12 INFO  : Result from executing command 'getProjects': FPro_Bus_Hardware
08:19:12 INFO  : Result from executing command 'getPlatforms': FPro_Bus_Hardware|C:/Users/klaze/Desktop/Vitis_Projects/Vitis_intro/FPro_Bus_Hardware/export/FPro_Bus_Hardware/FPro_Bus_Hardware.xpfm;xilinx_vck190_base_202310_1|D:/Xilinx/Vitis/2023.1/base_platforms/xilinx_vck190_base_202310_1/xilinx_vck190_base_202310_1.xpfm;xilinx_vck190_base_dfx_202310_1|D:/Xilinx/Vitis/2023.1/base_platforms/xilinx_vck190_base_dfx_202310_1/xilinx_vck190_base_dfx_202310_1.xpfm;xilinx_vek280_es1_base_202310_1|D:/Xilinx/Vitis/2023.1/base_platforms/xilinx_vek280_es1_base_202310_1/xilinx_vek280_es1_base_202310_1.xpfm;xilinx_vmk180_base_202310_1|D:/Xilinx/Vitis/2023.1/base_platforms/xilinx_vmk180_base_202310_1/xilinx_vmk180_base_202310_1.xpfm;xilinx_zcu102_base_202310_1|D:/Xilinx/Vitis/2023.1/base_platforms/xilinx_zcu102_base_202310_1/xilinx_zcu102_base_202310_1.xpfm;xilinx_zcu102_base_dfx_202310_1|D:/Xilinx/Vitis/2023.1/base_platforms/xilinx_zcu102_base_dfx_202310_1/xilinx_zcu102_base_dfx_202310_1.xpfm;xilinx_zcu104_base_202310_1|D:/Xilinx/Vitis/2023.1/base_platforms/xilinx_zcu104_base_202310_1/xilinx_zcu104_base_202310_1.xpfm
08:19:13 INFO  : Checking for BSP changes to sync application flags for project 'Vanilla_FPro_Bus'...
08:19:44 INFO  : Bit file 'C:/Users/klaze/Desktop/Vitis_Projects/Vitis_intro/FPro_Bus_Hardware/hw/download.bit' is generated.
08:19:44 INFO  : Connected to target on host '127.0.0.1' and port '3121'.
08:19:44 INFO  : 'targets -set -filter {jtag_cable_name =~ "Digilent Basys3 210183BB7486A" && level==0 && jtag_device_ctx=="jsn-Basys3-210183BB7486A-0362d093-0"}' command is executed.
08:19:46 INFO  : Device configured successfully with "C:/Users/klaze/Desktop/Vitis_Projects/Vitis_intro/FPro_Bus_Hardware/hw/download.bit"
08:23:15 INFO  : Result from executing command 'getProjects': FPro_Bus_Hardware
08:23:15 INFO  : Result from executing command 'getPlatforms': FPro_Bus_Hardware|C:/Users/klaze/Desktop/Vitis_Projects/Vitis_intro/FPro_Bus_Hardware/export/FPro_Bus_Hardware/FPro_Bus_Hardware.xpfm;xilinx_vck190_base_202310_1|D:/Xilinx/Vitis/2023.1/base_platforms/xilinx_vck190_base_202310_1/xilinx_vck190_base_202310_1.xpfm;xilinx_vck190_base_dfx_202310_1|D:/Xilinx/Vitis/2023.1/base_platforms/xilinx_vck190_base_dfx_202310_1/xilinx_vck190_base_dfx_202310_1.xpfm;xilinx_vek280_es1_base_202310_1|D:/Xilinx/Vitis/2023.1/base_platforms/xilinx_vek280_es1_base_202310_1/xilinx_vek280_es1_base_202310_1.xpfm;xilinx_vmk180_base_202310_1|D:/Xilinx/Vitis/2023.1/base_platforms/xilinx_vmk180_base_202310_1/xilinx_vmk180_base_202310_1.xpfm;xilinx_zcu102_base_202310_1|D:/Xilinx/Vitis/2023.1/base_platforms/xilinx_zcu102_base_202310_1/xilinx_zcu102_base_202310_1.xpfm;xilinx_zcu102_base_dfx_202310_1|D:/Xilinx/Vitis/2023.1/base_platforms/xilinx_zcu102_base_dfx_202310_1/xilinx_zcu102_base_dfx_202310_1.xpfm;xilinx_zcu104_base_202310_1|D:/Xilinx/Vitis/2023.1/base_platforms/xilinx_zcu104_base_202310_1/xilinx_zcu104_base_202310_1.xpfm
08:23:16 INFO  : Checking for BSP changes to sync application flags for project 'Vanilla_FPro_Bus'...
08:23:54 INFO  : Bit file 'C:/Users/klaze/Desktop/Vitis_Projects/Vitis_intro/FPro_Bus_Hardware/hw/download.bit' is generated.
08:23:54 INFO  : Connected to target on host '127.0.0.1' and port '3121'.
08:23:54 INFO  : 'targets -set -filter {jtag_cable_name =~ "Digilent Basys3 210183BB7486A" && level==0 && jtag_device_ctx=="jsn-Basys3-210183BB7486A-0362d093-0"}' command is executed.
08:23:55 INFO  : Device configured successfully with "C:/Users/klaze/Desktop/Vitis_Projects/Vitis_intro/FPro_Bus_Hardware/hw/download.bit"
08:27:03 INFO  : Result from executing command 'getProjects': FPro_Bus_Hardware
08:27:03 INFO  : Result from executing command 'getPlatforms': FPro_Bus_Hardware|C:/Users/klaze/Desktop/Vitis_Projects/Vitis_intro/FPro_Bus_Hardware/export/FPro_Bus_Hardware/FPro_Bus_Hardware.xpfm;xilinx_vck190_base_202310_1|D:/Xilinx/Vitis/2023.1/base_platforms/xilinx_vck190_base_202310_1/xilinx_vck190_base_202310_1.xpfm;xilinx_vck190_base_dfx_202310_1|D:/Xilinx/Vitis/2023.1/base_platforms/xilinx_vck190_base_dfx_202310_1/xilinx_vck190_base_dfx_202310_1.xpfm;xilinx_vek280_es1_base_202310_1|D:/Xilinx/Vitis/2023.1/base_platforms/xilinx_vek280_es1_base_202310_1/xilinx_vek280_es1_base_202310_1.xpfm;xilinx_vmk180_base_202310_1|D:/Xilinx/Vitis/2023.1/base_platforms/xilinx_vmk180_base_202310_1/xilinx_vmk180_base_202310_1.xpfm;xilinx_zcu102_base_202310_1|D:/Xilinx/Vitis/2023.1/base_platforms/xilinx_zcu102_base_202310_1/xilinx_zcu102_base_202310_1.xpfm;xilinx_zcu102_base_dfx_202310_1|D:/Xilinx/Vitis/2023.1/base_platforms/xilinx_zcu102_base_dfx_202310_1/xilinx_zcu102_base_dfx_202310_1.xpfm;xilinx_zcu104_base_202310_1|D:/Xilinx/Vitis/2023.1/base_platforms/xilinx_zcu104_base_202310_1/xilinx_zcu104_base_202310_1.xpfm
08:27:05 INFO  : Checking for BSP changes to sync application flags for project 'Vanilla_FPro_Bus'...
08:27:55 INFO  : Checking for BSP changes to sync application flags for project 'Vanilla_FPro_Bus'...
08:28:28 INFO  : Bit file 'C:/Users/klaze/Desktop/Vitis_Projects/Vitis_intro/FPro_Bus_Hardware/hw/download.bit' is generated.
08:28:28 INFO  : Connected to target on host '127.0.0.1' and port '3121'.
08:28:28 INFO  : 'targets -set -filter {jtag_cable_name =~ "Digilent Basys3 210183BB7486A" && level==0 && jtag_device_ctx=="jsn-Basys3-210183BB7486A-0362d093-0"}' command is executed.
08:28:29 INFO  : Device configured successfully with "C:/Users/klaze/Desktop/Vitis_Projects/Vitis_intro/FPro_Bus_Hardware/hw/download.bit"
08:29:17 INFO  : Result from executing command 'getProjects': FPro_Bus_Hardware
08:29:17 INFO  : Result from executing command 'getPlatforms': FPro_Bus_Hardware|C:/Users/klaze/Desktop/Vitis_Projects/Vitis_intro/FPro_Bus_Hardware/export/FPro_Bus_Hardware/FPro_Bus_Hardware.xpfm;xilinx_vck190_base_202310_1|D:/Xilinx/Vitis/2023.1/base_platforms/xilinx_vck190_base_202310_1/xilinx_vck190_base_202310_1.xpfm;xilinx_vck190_base_dfx_202310_1|D:/Xilinx/Vitis/2023.1/base_platforms/xilinx_vck190_base_dfx_202310_1/xilinx_vck190_base_dfx_202310_1.xpfm;xilinx_vek280_es1_base_202310_1|D:/Xilinx/Vitis/2023.1/base_platforms/xilinx_vek280_es1_base_202310_1/xilinx_vek280_es1_base_202310_1.xpfm;xilinx_vmk180_base_202310_1|D:/Xilinx/Vitis/2023.1/base_platforms/xilinx_vmk180_base_202310_1/xilinx_vmk180_base_202310_1.xpfm;xilinx_zcu102_base_202310_1|D:/Xilinx/Vitis/2023.1/base_platforms/xilinx_zcu102_base_202310_1/xilinx_zcu102_base_202310_1.xpfm;xilinx_zcu102_base_dfx_202310_1|D:/Xilinx/Vitis/2023.1/base_platforms/xilinx_zcu102_base_dfx_202310_1/xilinx_zcu102_base_dfx_202310_1.xpfm;xilinx_zcu104_base_202310_1|D:/Xilinx/Vitis/2023.1/base_platforms/xilinx_zcu104_base_202310_1/xilinx_zcu104_base_202310_1.xpfm
08:29:18 INFO  : Checking for BSP changes to sync application flags for project 'Vanilla_FPro_Bus'...
08:29:49 INFO  : Bit file 'C:/Users/klaze/Desktop/Vitis_Projects/Vitis_intro/FPro_Bus_Hardware/hw/download.bit' is generated.
08:29:49 INFO  : Connected to target on host '127.0.0.1' and port '3121'.
08:29:49 INFO  : 'targets -set -filter {jtag_cable_name =~ "Digilent Basys3 210183BB7486A" && level==0 && jtag_device_ctx=="jsn-Basys3-210183BB7486A-0362d093-0"}' command is executed.
08:29:50 INFO  : Device configured successfully with "C:/Users/klaze/Desktop/Vitis_Projects/Vitis_intro/FPro_Bus_Hardware/hw/download.bit"
08:32:21 INFO  : Result from executing command 'getProjects': FPro_Bus_Hardware
08:32:21 INFO  : Result from executing command 'getPlatforms': FPro_Bus_Hardware|C:/Users/klaze/Desktop/Vitis_Projects/Vitis_intro/FPro_Bus_Hardware/export/FPro_Bus_Hardware/FPro_Bus_Hardware.xpfm;xilinx_vck190_base_202310_1|D:/Xilinx/Vitis/2023.1/base_platforms/xilinx_vck190_base_202310_1/xilinx_vck190_base_202310_1.xpfm;xilinx_vck190_base_dfx_202310_1|D:/Xilinx/Vitis/2023.1/base_platforms/xilinx_vck190_base_dfx_202310_1/xilinx_vck190_base_dfx_202310_1.xpfm;xilinx_vek280_es1_base_202310_1|D:/Xilinx/Vitis/2023.1/base_platforms/xilinx_vek280_es1_base_202310_1/xilinx_vek280_es1_base_202310_1.xpfm;xilinx_vmk180_base_202310_1|D:/Xilinx/Vitis/2023.1/base_platforms/xilinx_vmk180_base_202310_1/xilinx_vmk180_base_202310_1.xpfm;xilinx_zcu102_base_202310_1|D:/Xilinx/Vitis/2023.1/base_platforms/xilinx_zcu102_base_202310_1/xilinx_zcu102_base_202310_1.xpfm;xilinx_zcu102_base_dfx_202310_1|D:/Xilinx/Vitis/2023.1/base_platforms/xilinx_zcu102_base_dfx_202310_1/xilinx_zcu102_base_dfx_202310_1.xpfm;xilinx_zcu104_base_202310_1|D:/Xilinx/Vitis/2023.1/base_platforms/xilinx_zcu104_base_202310_1/xilinx_zcu104_base_202310_1.xpfm
08:32:22 INFO  : Checking for BSP changes to sync application flags for project 'Vanilla_FPro_Bus'...
08:32:50 INFO  : Bit file 'C:/Users/klaze/Desktop/Vitis_Projects/Vitis_intro/FPro_Bus_Hardware/hw/download.bit' is generated.
08:32:50 INFO  : Connected to target on host '127.0.0.1' and port '3121'.
08:33:43 INFO  : Bit file 'C:/Users/klaze/Desktop/Vitis_Projects/Vitis_intro/FPro_Bus_Hardware/hw/download.bit' is generated.
08:33:43 INFO  : Connected to target on host '127.0.0.1' and port '3121'.
08:33:43 INFO  : 'targets -set -filter {jtag_cable_name =~ "Digilent Basys3 210183BB7486A" && level==0 && jtag_device_ctx=="jsn-Basys3-210183BB7486A-0362d093-0"}' command is executed.
08:33:45 INFO  : Device configured successfully with "C:/Users/klaze/Desktop/Vitis_Projects/Vitis_intro/FPro_Bus_Hardware/hw/download.bit"
05:49:07 DEBUG : Logs will be stored at 'C:/Users/klaze/Desktop/Vitis_Projects/Vitis_intro/IDE.log'.
05:49:11 INFO  : Launching XSCT server: xsct.bat -n  -interactive C:\Users\klaze\Desktop\Vitis_Projects\Vitis_intro\temp_xsdb_launch_script.tcl
05:49:23 INFO  : XSCT server has started successfully.
05:49:23 INFO  : Successfully done setting XSCT server connection channel  
05:49:23 INFO  : plnx-install-location is set to ''
05:49:23 INFO  : Successfully done setting workspace for the tool. 
05:49:25 INFO  : Registering command handlers for Vitis TCF services
05:49:25 INFO  : Platform repository initialization has completed.
05:49:48 INFO  : Successfully done query RDI_DATADIR 
05:52:30 INFO  : Result from executing command 'getProjects': FPro_Bus_Hardware
05:52:30 INFO  : Result from executing command 'getPlatforms': FPro_Bus_Hardware|C:/Users/klaze/Desktop/Vitis_Projects/Vitis_intro/FPro_Bus_Hardware/export/FPro_Bus_Hardware/FPro_Bus_Hardware.xpfm;xilinx_vck190_base_202310_1|D:/Xilinx/Vitis/2023.1/base_platforms/xilinx_vck190_base_202310_1/xilinx_vck190_base_202310_1.xpfm;xilinx_vck190_base_dfx_202310_1|D:/Xilinx/Vitis/2023.1/base_platforms/xilinx_vck190_base_dfx_202310_1/xilinx_vck190_base_dfx_202310_1.xpfm;xilinx_vek280_es1_base_202310_1|D:/Xilinx/Vitis/2023.1/base_platforms/xilinx_vek280_es1_base_202310_1/xilinx_vek280_es1_base_202310_1.xpfm;xilinx_vmk180_base_202310_1|D:/Xilinx/Vitis/2023.1/base_platforms/xilinx_vmk180_base_202310_1/xilinx_vmk180_base_202310_1.xpfm;xilinx_zcu102_base_202310_1|D:/Xilinx/Vitis/2023.1/base_platforms/xilinx_zcu102_base_202310_1/xilinx_zcu102_base_202310_1.xpfm;xilinx_zcu102_base_dfx_202310_1|D:/Xilinx/Vitis/2023.1/base_platforms/xilinx_zcu102_base_dfx_202310_1/xilinx_zcu102_base_dfx_202310_1.xpfm;xilinx_zcu104_base_202310_1|D:/Xilinx/Vitis/2023.1/base_platforms/xilinx_zcu104_base_202310_1/xilinx_zcu104_base_202310_1.xpfm
05:52:34 INFO  : Checking for BSP changes to sync application flags for project 'Vanilla_FPro_Bus'...
05:53:25 INFO  : Bit file 'C:/Users/klaze/Desktop/Vitis_Projects/Vitis_intro/FPro_Bus_Hardware/hw/download.bit' is generated.
05:53:28 INFO  : Connected to target on host '127.0.0.1' and port '3121'.
05:53:29 INFO  : 'targets -set -filter {jtag_cable_name =~ "Digilent Basys3 210183BB7486A" && level==0 && jtag_device_ctx=="jsn-Basys3-210183BB7486A-0362d093-0"}' command is executed.
05:53:30 INFO  : Device configured successfully with "C:/Users/klaze/Desktop/Vitis_Projects/Vitis_intro/FPro_Bus_Hardware/hw/download.bit"
05:54:45 INFO  : Checking for BSP changes to sync application flags for project 'Vanilla_FPro_Bus'...
06:09:05 INFO  : Hardware specification for platform project 'FPro_Bus_Hardware' is updated.
06:09:39 INFO  : Result from executing command 'getProjects': FPro_Bus_Hardware
06:09:39 INFO  : Result from executing command 'getPlatforms': FPro_Bus_Hardware|C:/Users/klaze/Desktop/Vitis_Projects/Vitis_intro/FPro_Bus_Hardware/export/FPro_Bus_Hardware/FPro_Bus_Hardware.xpfm;xilinx_vck190_base_202310_1|D:/Xilinx/Vitis/2023.1/base_platforms/xilinx_vck190_base_202310_1/xilinx_vck190_base_202310_1.xpfm;xilinx_vck190_base_dfx_202310_1|D:/Xilinx/Vitis/2023.1/base_platforms/xilinx_vck190_base_dfx_202310_1/xilinx_vck190_base_dfx_202310_1.xpfm;xilinx_vek280_es1_base_202310_1|D:/Xilinx/Vitis/2023.1/base_platforms/xilinx_vek280_es1_base_202310_1/xilinx_vek280_es1_base_202310_1.xpfm;xilinx_vmk180_base_202310_1|D:/Xilinx/Vitis/2023.1/base_platforms/xilinx_vmk180_base_202310_1/xilinx_vmk180_base_202310_1.xpfm;xilinx_zcu102_base_202310_1|D:/Xilinx/Vitis/2023.1/base_platforms/xilinx_zcu102_base_202310_1/xilinx_zcu102_base_202310_1.xpfm;xilinx_zcu102_base_dfx_202310_1|D:/Xilinx/Vitis/2023.1/base_platforms/xilinx_zcu102_base_dfx_202310_1/xilinx_zcu102_base_dfx_202310_1.xpfm;xilinx_zcu104_base_202310_1|D:/Xilinx/Vitis/2023.1/base_platforms/xilinx_zcu104_base_202310_1/xilinx_zcu104_base_202310_1.xpfm
06:09:44 INFO  : Checking for BSP changes to sync application flags for project 'Vanilla_FPro_Bus'...
06:09:48 INFO  : The hardware specification used by project 'Vanilla_FPro_Bus' is out of sync with the platform. Resource files extracted from the hardware specification will be updated.
06:09:48 INFO  : The file 'C:\Users\klaze\Desktop\Vitis_Projects\Vitis_intro\Vanilla_FPro_Bus\_ide\bitstream\FPro_Vanilla.bit' stored in project is removed.
06:09:48 INFO  : The file 'C:\Users\klaze\Desktop\Vitis_Projects\Vitis_intro\Vanilla_FPro_Bus\_ide\bitstream\FPro_Vanilla.mmi' stored in project is removed.
06:09:48 INFO  : The updated bitstream files are copied from platform to folder 'C:\Users\klaze\Desktop\Vitis_Projects\Vitis_intro\Vanilla_FPro_Bus\_ide\bitstream' in project 'Vanilla_FPro_Bus'.
06:10:36 INFO  : Bit file 'C:/Users/klaze/Desktop/Vitis_Projects/Vitis_intro/FPro_Bus_Hardware/hw/download.bit' is generated.
06:10:36 INFO  : Connected to target on host '127.0.0.1' and port '3121'.
06:10:36 INFO  : 'targets -set -filter {jtag_cable_name =~ "Digilent Basys3 210183BB7486A" && level==0 && jtag_device_ctx=="jsn-Basys3-210183BB7486A-0362d093-0"}' command is executed.
06:10:36 ERROR : couldn't open "C:/Users/klaze/Desktop/Vitis_Projects/Vitis_intro/FPro_Bus_Hardware/hw/download.bit": no such file or directory
06:10:53 INFO  : Result from executing command 'getProjects': FPro_Bus_Hardware
06:10:54 INFO  : Result from executing command 'getPlatforms': FPro_Bus_Hardware|C:/Users/klaze/Desktop/Vitis_Projects/Vitis_intro/FPro_Bus_Hardware/export/FPro_Bus_Hardware/FPro_Bus_Hardware.xpfm;xilinx_vck190_base_202310_1|D:/Xilinx/Vitis/2023.1/base_platforms/xilinx_vck190_base_202310_1/xilinx_vck190_base_202310_1.xpfm;xilinx_vck190_base_dfx_202310_1|D:/Xilinx/Vitis/2023.1/base_platforms/xilinx_vck190_base_dfx_202310_1/xilinx_vck190_base_dfx_202310_1.xpfm;xilinx_vek280_es1_base_202310_1|D:/Xilinx/Vitis/2023.1/base_platforms/xilinx_vek280_es1_base_202310_1/xilinx_vek280_es1_base_202310_1.xpfm;xilinx_vmk180_base_202310_1|D:/Xilinx/Vitis/2023.1/base_platforms/xilinx_vmk180_base_202310_1/xilinx_vmk180_base_202310_1.xpfm;xilinx_zcu102_base_202310_1|D:/Xilinx/Vitis/2023.1/base_platforms/xilinx_zcu102_base_202310_1/xilinx_zcu102_base_202310_1.xpfm;xilinx_zcu102_base_dfx_202310_1|D:/Xilinx/Vitis/2023.1/base_platforms/xilinx_zcu102_base_dfx_202310_1/xilinx_zcu102_base_dfx_202310_1.xpfm;xilinx_zcu104_base_202310_1|D:/Xilinx/Vitis/2023.1/base_platforms/xilinx_zcu104_base_202310_1/xilinx_zcu104_base_202310_1.xpfm
06:10:55 INFO  : Checking for BSP changes to sync application flags for project 'Vanilla_FPro_Bus'...
06:11:33 INFO  : Bit file 'C:/Users/klaze/Desktop/Vitis_Projects/Vitis_intro/FPro_Bus_Hardware/hw/download.bit' is generated.
06:11:33 INFO  : Connected to target on host '127.0.0.1' and port '3121'.
06:11:33 INFO  : 'targets -set -filter {jtag_cable_name =~ "Digilent Basys3 210183BB7486A" && level==0 && jtag_device_ctx=="jsn-Basys3-210183BB7486A-0362d093-0"}' command is executed.
06:11:34 INFO  : Device configured successfully with "C:/Users/klaze/Desktop/Vitis_Projects/Vitis_intro/FPro_Bus_Hardware/hw/download.bit"
06:14:36 INFO  : Result from executing command 'getProjects': FPro_Bus_Hardware
06:14:36 INFO  : Result from executing command 'getPlatforms': FPro_Bus_Hardware|C:/Users/klaze/Desktop/Vitis_Projects/Vitis_intro/FPro_Bus_Hardware/export/FPro_Bus_Hardware/FPro_Bus_Hardware.xpfm;xilinx_vck190_base_202310_1|D:/Xilinx/Vitis/2023.1/base_platforms/xilinx_vck190_base_202310_1/xilinx_vck190_base_202310_1.xpfm;xilinx_vck190_base_dfx_202310_1|D:/Xilinx/Vitis/2023.1/base_platforms/xilinx_vck190_base_dfx_202310_1/xilinx_vck190_base_dfx_202310_1.xpfm;xilinx_vek280_es1_base_202310_1|D:/Xilinx/Vitis/2023.1/base_platforms/xilinx_vek280_es1_base_202310_1/xilinx_vek280_es1_base_202310_1.xpfm;xilinx_vmk180_base_202310_1|D:/Xilinx/Vitis/2023.1/base_platforms/xilinx_vmk180_base_202310_1/xilinx_vmk180_base_202310_1.xpfm;xilinx_zcu102_base_202310_1|D:/Xilinx/Vitis/2023.1/base_platforms/xilinx_zcu102_base_202310_1/xilinx_zcu102_base_202310_1.xpfm;xilinx_zcu102_base_dfx_202310_1|D:/Xilinx/Vitis/2023.1/base_platforms/xilinx_zcu102_base_dfx_202310_1/xilinx_zcu102_base_dfx_202310_1.xpfm;xilinx_zcu104_base_202310_1|D:/Xilinx/Vitis/2023.1/base_platforms/xilinx_zcu104_base_202310_1/xilinx_zcu104_base_202310_1.xpfm
06:14:38 INFO  : Checking for BSP changes to sync application flags for project 'Vanilla_FPro_Bus'...
06:15:15 INFO  : Bit file 'C:/Users/klaze/Desktop/Vitis_Projects/Vitis_intro/FPro_Bus_Hardware/hw/download.bit' is generated.
06:15:15 INFO  : Connected to target on host '127.0.0.1' and port '3121'.
06:15:16 INFO  : 'targets -set -filter {jtag_cable_name =~ "Digilent Basys3 210183BB7486A" && level==0 && jtag_device_ctx=="jsn-Basys3-210183BB7486A-0362d093-0"}' command is executed.
06:15:17 INFO  : Device configured successfully with "C:/Users/klaze/Desktop/Vitis_Projects/Vitis_intro/FPro_Bus_Hardware/hw/download.bit"
06:17:13 INFO  : Result from executing command 'getProjects': FPro_Bus_Hardware
06:17:13 INFO  : Result from executing command 'getPlatforms': FPro_Bus_Hardware|C:/Users/klaze/Desktop/Vitis_Projects/Vitis_intro/FPro_Bus_Hardware/export/FPro_Bus_Hardware/FPro_Bus_Hardware.xpfm;xilinx_vck190_base_202310_1|D:/Xilinx/Vitis/2023.1/base_platforms/xilinx_vck190_base_202310_1/xilinx_vck190_base_202310_1.xpfm;xilinx_vck190_base_dfx_202310_1|D:/Xilinx/Vitis/2023.1/base_platforms/xilinx_vck190_base_dfx_202310_1/xilinx_vck190_base_dfx_202310_1.xpfm;xilinx_vek280_es1_base_202310_1|D:/Xilinx/Vitis/2023.1/base_platforms/xilinx_vek280_es1_base_202310_1/xilinx_vek280_es1_base_202310_1.xpfm;xilinx_vmk180_base_202310_1|D:/Xilinx/Vitis/2023.1/base_platforms/xilinx_vmk180_base_202310_1/xilinx_vmk180_base_202310_1.xpfm;xilinx_zcu102_base_202310_1|D:/Xilinx/Vitis/2023.1/base_platforms/xilinx_zcu102_base_202310_1/xilinx_zcu102_base_202310_1.xpfm;xilinx_zcu102_base_dfx_202310_1|D:/Xilinx/Vitis/2023.1/base_platforms/xilinx_zcu102_base_dfx_202310_1/xilinx_zcu102_base_dfx_202310_1.xpfm;xilinx_zcu104_base_202310_1|D:/Xilinx/Vitis/2023.1/base_platforms/xilinx_zcu104_base_202310_1/xilinx_zcu104_base_202310_1.xpfm
06:17:14 INFO  : Checking for BSP changes to sync application flags for project 'Vanilla_FPro_Bus'...
06:17:57 INFO  : Bit file 'C:/Users/klaze/Desktop/Vitis_Projects/Vitis_intro/FPro_Bus_Hardware/hw/download.bit' is generated.
06:17:57 INFO  : Connected to target on host '127.0.0.1' and port '3121'.
06:17:57 INFO  : 'targets -set -filter {jtag_cable_name =~ "Digilent Basys3 210183BB7486A" && level==0 && jtag_device_ctx=="jsn-Basys3-210183BB7486A-0362d093-0"}' command is executed.
06:17:59 INFO  : Device configured successfully with "C:/Users/klaze/Desktop/Vitis_Projects/Vitis_intro/FPro_Bus_Hardware/hw/download.bit"
06:22:55 INFO  : Result from executing command 'getProjects': FPro_Bus_Hardware
06:22:55 INFO  : Result from executing command 'getPlatforms': FPro_Bus_Hardware|C:/Users/klaze/Desktop/Vitis_Projects/Vitis_intro/FPro_Bus_Hardware/export/FPro_Bus_Hardware/FPro_Bus_Hardware.xpfm;xilinx_vck190_base_202310_1|D:/Xilinx/Vitis/2023.1/base_platforms/xilinx_vck190_base_202310_1/xilinx_vck190_base_202310_1.xpfm;xilinx_vck190_base_dfx_202310_1|D:/Xilinx/Vitis/2023.1/base_platforms/xilinx_vck190_base_dfx_202310_1/xilinx_vck190_base_dfx_202310_1.xpfm;xilinx_vek280_es1_base_202310_1|D:/Xilinx/Vitis/2023.1/base_platforms/xilinx_vek280_es1_base_202310_1/xilinx_vek280_es1_base_202310_1.xpfm;xilinx_vmk180_base_202310_1|D:/Xilinx/Vitis/2023.1/base_platforms/xilinx_vmk180_base_202310_1/xilinx_vmk180_base_202310_1.xpfm;xilinx_zcu102_base_202310_1|D:/Xilinx/Vitis/2023.1/base_platforms/xilinx_zcu102_base_202310_1/xilinx_zcu102_base_202310_1.xpfm;xilinx_zcu102_base_dfx_202310_1|D:/Xilinx/Vitis/2023.1/base_platforms/xilinx_zcu102_base_dfx_202310_1/xilinx_zcu102_base_dfx_202310_1.xpfm;xilinx_zcu104_base_202310_1|D:/Xilinx/Vitis/2023.1/base_platforms/xilinx_zcu104_base_202310_1/xilinx_zcu104_base_202310_1.xpfm
06:22:57 INFO  : Checking for BSP changes to sync application flags for project 'Vanilla_FPro_Bus'...
06:23:36 INFO  : Bit file 'C:/Users/klaze/Desktop/Vitis_Projects/Vitis_intro/FPro_Bus_Hardware/hw/download.bit' is generated.
06:23:36 INFO  : Connected to target on host '127.0.0.1' and port '3121'.
06:23:36 INFO  : 'targets -set -filter {jtag_cable_name =~ "Digilent Basys3 210183BB7486A" && level==0 && jtag_device_ctx=="jsn-Basys3-210183BB7486A-0362d093-0"}' command is executed.
06:23:37 INFO  : Device configured successfully with "C:/Users/klaze/Desktop/Vitis_Projects/Vitis_intro/FPro_Bus_Hardware/hw/download.bit"
06:34:37 INFO  : Result from executing command 'getProjects': FPro_Bus_Hardware
06:34:37 INFO  : Result from executing command 'getPlatforms': FPro_Bus_Hardware|C:/Users/klaze/Desktop/Vitis_Projects/Vitis_intro/FPro_Bus_Hardware/export/FPro_Bus_Hardware/FPro_Bus_Hardware.xpfm;xilinx_vck190_base_202310_1|D:/Xilinx/Vitis/2023.1/base_platforms/xilinx_vck190_base_202310_1/xilinx_vck190_base_202310_1.xpfm;xilinx_vck190_base_dfx_202310_1|D:/Xilinx/Vitis/2023.1/base_platforms/xilinx_vck190_base_dfx_202310_1/xilinx_vck190_base_dfx_202310_1.xpfm;xilinx_vek280_es1_base_202310_1|D:/Xilinx/Vitis/2023.1/base_platforms/xilinx_vek280_es1_base_202310_1/xilinx_vek280_es1_base_202310_1.xpfm;xilinx_vmk180_base_202310_1|D:/Xilinx/Vitis/2023.1/base_platforms/xilinx_vmk180_base_202310_1/xilinx_vmk180_base_202310_1.xpfm;xilinx_zcu102_base_202310_1|D:/Xilinx/Vitis/2023.1/base_platforms/xilinx_zcu102_base_202310_1/xilinx_zcu102_base_202310_1.xpfm;xilinx_zcu102_base_dfx_202310_1|D:/Xilinx/Vitis/2023.1/base_platforms/xilinx_zcu102_base_dfx_202310_1/xilinx_zcu102_base_dfx_202310_1.xpfm;xilinx_zcu104_base_202310_1|D:/Xilinx/Vitis/2023.1/base_platforms/xilinx_zcu104_base_202310_1/xilinx_zcu104_base_202310_1.xpfm
06:34:38 INFO  : Checking for BSP changes to sync application flags for project 'Vanilla_FPro_Bus'...
06:35:26 INFO  : Checking for BSP changes to sync application flags for project 'Vanilla_FPro_Bus'...
06:36:02 INFO  : Bit file 'C:/Users/klaze/Desktop/Vitis_Projects/Vitis_intro/FPro_Bus_Hardware/hw/download.bit' is generated.
06:36:02 INFO  : Connected to target on host '127.0.0.1' and port '3121'.
06:36:02 INFO  : 'targets -set -filter {jtag_cable_name =~ "Digilent Basys3 210183BB7486A" && level==0 && jtag_device_ctx=="jsn-Basys3-210183BB7486A-0362d093-0"}' command is executed.
06:36:04 INFO  : Device configured successfully with "C:/Users/klaze/Desktop/Vitis_Projects/Vitis_intro/FPro_Bus_Hardware/hw/download.bit"
06:38:41 INFO  : Result from executing command 'getProjects': FPro_Bus_Hardware
06:38:41 INFO  : Result from executing command 'getPlatforms': FPro_Bus_Hardware|C:/Users/klaze/Desktop/Vitis_Projects/Vitis_intro/FPro_Bus_Hardware/export/FPro_Bus_Hardware/FPro_Bus_Hardware.xpfm;xilinx_vck190_base_202310_1|D:/Xilinx/Vitis/2023.1/base_platforms/xilinx_vck190_base_202310_1/xilinx_vck190_base_202310_1.xpfm;xilinx_vck190_base_dfx_202310_1|D:/Xilinx/Vitis/2023.1/base_platforms/xilinx_vck190_base_dfx_202310_1/xilinx_vck190_base_dfx_202310_1.xpfm;xilinx_vek280_es1_base_202310_1|D:/Xilinx/Vitis/2023.1/base_platforms/xilinx_vek280_es1_base_202310_1/xilinx_vek280_es1_base_202310_1.xpfm;xilinx_vmk180_base_202310_1|D:/Xilinx/Vitis/2023.1/base_platforms/xilinx_vmk180_base_202310_1/xilinx_vmk180_base_202310_1.xpfm;xilinx_zcu102_base_202310_1|D:/Xilinx/Vitis/2023.1/base_platforms/xilinx_zcu102_base_202310_1/xilinx_zcu102_base_202310_1.xpfm;xilinx_zcu102_base_dfx_202310_1|D:/Xilinx/Vitis/2023.1/base_platforms/xilinx_zcu102_base_dfx_202310_1/xilinx_zcu102_base_dfx_202310_1.xpfm;xilinx_zcu104_base_202310_1|D:/Xilinx/Vitis/2023.1/base_platforms/xilinx_zcu104_base_202310_1/xilinx_zcu104_base_202310_1.xpfm
06:38:42 INFO  : Checking for BSP changes to sync application flags for project 'Vanilla_FPro_Bus'...
06:39:01 INFO  : Checking for BSP changes to sync application flags for project 'Vanilla_FPro_Bus'...
06:39:42 INFO  : Bit file 'C:/Users/klaze/Desktop/Vitis_Projects/Vitis_intro/FPro_Bus_Hardware/hw/download.bit' is generated.
06:39:42 INFO  : Connected to target on host '127.0.0.1' and port '3121'.
06:39:42 INFO  : 'targets -set -filter {jtag_cable_name =~ "Digilent Basys3 210183BB7486A" && level==0 && jtag_device_ctx=="jsn-Basys3-210183BB7486A-0362d093-0"}' command is executed.
06:39:43 INFO  : Device configured successfully with "C:/Users/klaze/Desktop/Vitis_Projects/Vitis_intro/FPro_Bus_Hardware/hw/download.bit"
06:50:32 INFO  : Result from executing command 'getProjects': FPro_Bus_Hardware
06:50:32 INFO  : Result from executing command 'getPlatforms': FPro_Bus_Hardware|C:/Users/klaze/Desktop/Vitis_Projects/Vitis_intro/FPro_Bus_Hardware/export/FPro_Bus_Hardware/FPro_Bus_Hardware.xpfm;xilinx_vck190_base_202310_1|D:/Xilinx/Vitis/2023.1/base_platforms/xilinx_vck190_base_202310_1/xilinx_vck190_base_202310_1.xpfm;xilinx_vck190_base_dfx_202310_1|D:/Xilinx/Vitis/2023.1/base_platforms/xilinx_vck190_base_dfx_202310_1/xilinx_vck190_base_dfx_202310_1.xpfm;xilinx_vek280_es1_base_202310_1|D:/Xilinx/Vitis/2023.1/base_platforms/xilinx_vek280_es1_base_202310_1/xilinx_vek280_es1_base_202310_1.xpfm;xilinx_vmk180_base_202310_1|D:/Xilinx/Vitis/2023.1/base_platforms/xilinx_vmk180_base_202310_1/xilinx_vmk180_base_202310_1.xpfm;xilinx_zcu102_base_202310_1|D:/Xilinx/Vitis/2023.1/base_platforms/xilinx_zcu102_base_202310_1/xilinx_zcu102_base_202310_1.xpfm;xilinx_zcu102_base_dfx_202310_1|D:/Xilinx/Vitis/2023.1/base_platforms/xilinx_zcu102_base_dfx_202310_1/xilinx_zcu102_base_dfx_202310_1.xpfm;xilinx_zcu104_base_202310_1|D:/Xilinx/Vitis/2023.1/base_platforms/xilinx_zcu104_base_202310_1/xilinx_zcu104_base_202310_1.xpfm
06:50:33 INFO  : Checking for BSP changes to sync application flags for project 'Vanilla_FPro_Bus'...
06:50:49 INFO  : Checking for BSP changes to sync application flags for project 'Vanilla_FPro_Bus'...
06:51:24 INFO  : Bit file 'C:/Users/klaze/Desktop/Vitis_Projects/Vitis_intro/FPro_Bus_Hardware/hw/download.bit' is generated.
06:51:24 INFO  : Connected to target on host '127.0.0.1' and port '3121'.
06:51:24 INFO  : 'targets -set -filter {jtag_cable_name =~ "Digilent Basys3 210183BB7486A" && level==0 && jtag_device_ctx=="jsn-Basys3-210183BB7486A-0362d093-0"}' command is executed.
06:51:25 INFO  : Device configured successfully with "C:/Users/klaze/Desktop/Vitis_Projects/Vitis_intro/FPro_Bus_Hardware/hw/download.bit"
06:53:13 INFO  : Result from executing command 'getProjects': FPro_Bus_Hardware
06:53:13 INFO  : Result from executing command 'getPlatforms': FPro_Bus_Hardware|C:/Users/klaze/Desktop/Vitis_Projects/Vitis_intro/FPro_Bus_Hardware/export/FPro_Bus_Hardware/FPro_Bus_Hardware.xpfm;xilinx_vck190_base_202310_1|D:/Xilinx/Vitis/2023.1/base_platforms/xilinx_vck190_base_202310_1/xilinx_vck190_base_202310_1.xpfm;xilinx_vck190_base_dfx_202310_1|D:/Xilinx/Vitis/2023.1/base_platforms/xilinx_vck190_base_dfx_202310_1/xilinx_vck190_base_dfx_202310_1.xpfm;xilinx_vek280_es1_base_202310_1|D:/Xilinx/Vitis/2023.1/base_platforms/xilinx_vek280_es1_base_202310_1/xilinx_vek280_es1_base_202310_1.xpfm;xilinx_vmk180_base_202310_1|D:/Xilinx/Vitis/2023.1/base_platforms/xilinx_vmk180_base_202310_1/xilinx_vmk180_base_202310_1.xpfm;xilinx_zcu102_base_202310_1|D:/Xilinx/Vitis/2023.1/base_platforms/xilinx_zcu102_base_202310_1/xilinx_zcu102_base_202310_1.xpfm;xilinx_zcu102_base_dfx_202310_1|D:/Xilinx/Vitis/2023.1/base_platforms/xilinx_zcu102_base_dfx_202310_1/xilinx_zcu102_base_dfx_202310_1.xpfm;xilinx_zcu104_base_202310_1|D:/Xilinx/Vitis/2023.1/base_platforms/xilinx_zcu104_base_202310_1/xilinx_zcu104_base_202310_1.xpfm
06:53:14 INFO  : Checking for BSP changes to sync application flags for project 'Vanilla_FPro_Bus'...
06:53:43 INFO  : Bit file 'C:/Users/klaze/Desktop/Vitis_Projects/Vitis_intro/FPro_Bus_Hardware/hw/download.bit' is generated.
06:53:43 INFO  : Connected to target on host '127.0.0.1' and port '3121'.
06:53:43 INFO  : 'targets -set -filter {jtag_cable_name =~ "Digilent Basys3 210183BB7486A" && level==0 && jtag_device_ctx=="jsn-Basys3-210183BB7486A-0362d093-0"}' command is executed.
06:53:44 INFO  : Device configured successfully with "C:/Users/klaze/Desktop/Vitis_Projects/Vitis_intro/FPro_Bus_Hardware/hw/download.bit"
06:54:47 INFO  : Result from executing command 'getProjects': FPro_Bus_Hardware
06:54:47 INFO  : Result from executing command 'getPlatforms': FPro_Bus_Hardware|C:/Users/klaze/Desktop/Vitis_Projects/Vitis_intro/FPro_Bus_Hardware/export/FPro_Bus_Hardware/FPro_Bus_Hardware.xpfm;xilinx_vck190_base_202310_1|D:/Xilinx/Vitis/2023.1/base_platforms/xilinx_vck190_base_202310_1/xilinx_vck190_base_202310_1.xpfm;xilinx_vck190_base_dfx_202310_1|D:/Xilinx/Vitis/2023.1/base_platforms/xilinx_vck190_base_dfx_202310_1/xilinx_vck190_base_dfx_202310_1.xpfm;xilinx_vek280_es1_base_202310_1|D:/Xilinx/Vitis/2023.1/base_platforms/xilinx_vek280_es1_base_202310_1/xilinx_vek280_es1_base_202310_1.xpfm;xilinx_vmk180_base_202310_1|D:/Xilinx/Vitis/2023.1/base_platforms/xilinx_vmk180_base_202310_1/xilinx_vmk180_base_202310_1.xpfm;xilinx_zcu102_base_202310_1|D:/Xilinx/Vitis/2023.1/base_platforms/xilinx_zcu102_base_202310_1/xilinx_zcu102_base_202310_1.xpfm;xilinx_zcu102_base_dfx_202310_1|D:/Xilinx/Vitis/2023.1/base_platforms/xilinx_zcu102_base_dfx_202310_1/xilinx_zcu102_base_dfx_202310_1.xpfm;xilinx_zcu104_base_202310_1|D:/Xilinx/Vitis/2023.1/base_platforms/xilinx_zcu104_base_202310_1/xilinx_zcu104_base_202310_1.xpfm
06:54:49 INFO  : Checking for BSP changes to sync application flags for project 'Vanilla_FPro_Bus'...
06:55:20 INFO  : Bit file 'C:/Users/klaze/Desktop/Vitis_Projects/Vitis_intro/FPro_Bus_Hardware/hw/download.bit' is generated.
06:55:20 INFO  : Connected to target on host '127.0.0.1' and port '3121'.
06:55:20 INFO  : 'targets -set -filter {jtag_cable_name =~ "Digilent Basys3 210183BB7486A" && level==0 && jtag_device_ctx=="jsn-Basys3-210183BB7486A-0362d093-0"}' command is executed.
06:55:21 INFO  : Device configured successfully with "C:/Users/klaze/Desktop/Vitis_Projects/Vitis_intro/FPro_Bus_Hardware/hw/download.bit"
06:57:55 INFO  : Result from executing command 'getProjects': FPro_Bus_Hardware
06:57:56 INFO  : Result from executing command 'getPlatforms': FPro_Bus_Hardware|C:/Users/klaze/Desktop/Vitis_Projects/Vitis_intro/FPro_Bus_Hardware/export/FPro_Bus_Hardware/FPro_Bus_Hardware.xpfm;xilinx_vck190_base_202310_1|D:/Xilinx/Vitis/2023.1/base_platforms/xilinx_vck190_base_202310_1/xilinx_vck190_base_202310_1.xpfm;xilinx_vck190_base_dfx_202310_1|D:/Xilinx/Vitis/2023.1/base_platforms/xilinx_vck190_base_dfx_202310_1/xilinx_vck190_base_dfx_202310_1.xpfm;xilinx_vek280_es1_base_202310_1|D:/Xilinx/Vitis/2023.1/base_platforms/xilinx_vek280_es1_base_202310_1/xilinx_vek280_es1_base_202310_1.xpfm;xilinx_vmk180_base_202310_1|D:/Xilinx/Vitis/2023.1/base_platforms/xilinx_vmk180_base_202310_1/xilinx_vmk180_base_202310_1.xpfm;xilinx_zcu102_base_202310_1|D:/Xilinx/Vitis/2023.1/base_platforms/xilinx_zcu102_base_202310_1/xilinx_zcu102_base_202310_1.xpfm;xilinx_zcu102_base_dfx_202310_1|D:/Xilinx/Vitis/2023.1/base_platforms/xilinx_zcu102_base_dfx_202310_1/xilinx_zcu102_base_dfx_202310_1.xpfm;xilinx_zcu104_base_202310_1|D:/Xilinx/Vitis/2023.1/base_platforms/xilinx_zcu104_base_202310_1/xilinx_zcu104_base_202310_1.xpfm
06:57:57 INFO  : Checking for BSP changes to sync application flags for project 'Vanilla_FPro_Bus'...
06:58:28 INFO  : Bit file 'C:/Users/klaze/Desktop/Vitis_Projects/Vitis_intro/FPro_Bus_Hardware/hw/download.bit' is generated.
06:58:28 INFO  : Connected to target on host '127.0.0.1' and port '3121'.
06:58:29 INFO  : 'targets -set -filter {jtag_cable_name =~ "Digilent Basys3 210183BB7486A" && level==0 && jtag_device_ctx=="jsn-Basys3-210183BB7486A-0362d093-0"}' command is executed.
06:58:30 INFO  : Device configured successfully with "C:/Users/klaze/Desktop/Vitis_Projects/Vitis_intro/FPro_Bus_Hardware/hw/download.bit"
07:03:17 INFO  : Result from executing command 'getProjects': FPro_Bus_Hardware
07:03:17 INFO  : Result from executing command 'getPlatforms': FPro_Bus_Hardware|C:/Users/klaze/Desktop/Vitis_Projects/Vitis_intro/FPro_Bus_Hardware/export/FPro_Bus_Hardware/FPro_Bus_Hardware.xpfm;xilinx_vck190_base_202310_1|D:/Xilinx/Vitis/2023.1/base_platforms/xilinx_vck190_base_202310_1/xilinx_vck190_base_202310_1.xpfm;xilinx_vck190_base_dfx_202310_1|D:/Xilinx/Vitis/2023.1/base_platforms/xilinx_vck190_base_dfx_202310_1/xilinx_vck190_base_dfx_202310_1.xpfm;xilinx_vek280_es1_base_202310_1|D:/Xilinx/Vitis/2023.1/base_platforms/xilinx_vek280_es1_base_202310_1/xilinx_vek280_es1_base_202310_1.xpfm;xilinx_vmk180_base_202310_1|D:/Xilinx/Vitis/2023.1/base_platforms/xilinx_vmk180_base_202310_1/xilinx_vmk180_base_202310_1.xpfm;xilinx_zcu102_base_202310_1|D:/Xilinx/Vitis/2023.1/base_platforms/xilinx_zcu102_base_202310_1/xilinx_zcu102_base_202310_1.xpfm;xilinx_zcu102_base_dfx_202310_1|D:/Xilinx/Vitis/2023.1/base_platforms/xilinx_zcu102_base_dfx_202310_1/xilinx_zcu102_base_dfx_202310_1.xpfm;xilinx_zcu104_base_202310_1|D:/Xilinx/Vitis/2023.1/base_platforms/xilinx_zcu104_base_202310_1/xilinx_zcu104_base_202310_1.xpfm
07:03:18 INFO  : Checking for BSP changes to sync application flags for project 'Vanilla_FPro_Bus'...
07:03:49 INFO  : Bit file 'C:/Users/klaze/Desktop/Vitis_Projects/Vitis_intro/FPro_Bus_Hardware/hw/download.bit' is generated.
07:03:49 INFO  : Connected to target on host '127.0.0.1' and port '3121'.
07:03:49 INFO  : 'targets -set -filter {jtag_cable_name =~ "Digilent Basys3 210183BB7486A" && level==0 && jtag_device_ctx=="jsn-Basys3-210183BB7486A-0362d093-0"}' command is executed.
07:03:51 INFO  : Device configured successfully with "C:/Users/klaze/Desktop/Vitis_Projects/Vitis_intro/FPro_Bus_Hardware/hw/download.bit"
07:04:26 INFO  : Result from executing command 'getProjects': FPro_Bus_Hardware
07:04:26 INFO  : Result from executing command 'getPlatforms': FPro_Bus_Hardware|C:/Users/klaze/Desktop/Vitis_Projects/Vitis_intro/FPro_Bus_Hardware/export/FPro_Bus_Hardware/FPro_Bus_Hardware.xpfm;xilinx_vck190_base_202310_1|D:/Xilinx/Vitis/2023.1/base_platforms/xilinx_vck190_base_202310_1/xilinx_vck190_base_202310_1.xpfm;xilinx_vck190_base_dfx_202310_1|D:/Xilinx/Vitis/2023.1/base_platforms/xilinx_vck190_base_dfx_202310_1/xilinx_vck190_base_dfx_202310_1.xpfm;xilinx_vek280_es1_base_202310_1|D:/Xilinx/Vitis/2023.1/base_platforms/xilinx_vek280_es1_base_202310_1/xilinx_vek280_es1_base_202310_1.xpfm;xilinx_vmk180_base_202310_1|D:/Xilinx/Vitis/2023.1/base_platforms/xilinx_vmk180_base_202310_1/xilinx_vmk180_base_202310_1.xpfm;xilinx_zcu102_base_202310_1|D:/Xilinx/Vitis/2023.1/base_platforms/xilinx_zcu102_base_202310_1/xilinx_zcu102_base_202310_1.xpfm;xilinx_zcu102_base_dfx_202310_1|D:/Xilinx/Vitis/2023.1/base_platforms/xilinx_zcu102_base_dfx_202310_1/xilinx_zcu102_base_dfx_202310_1.xpfm;xilinx_zcu104_base_202310_1|D:/Xilinx/Vitis/2023.1/base_platforms/xilinx_zcu104_base_202310_1/xilinx_zcu104_base_202310_1.xpfm
07:04:27 INFO  : Checking for BSP changes to sync application flags for project 'Vanilla_FPro_Bus'...
07:04:56 INFO  : Bit file 'C:/Users/klaze/Desktop/Vitis_Projects/Vitis_intro/FPro_Bus_Hardware/hw/download.bit' is generated.
07:04:56 INFO  : Connected to target on host '127.0.0.1' and port '3121'.
07:04:57 INFO  : 'targets -set -filter {jtag_cable_name =~ "Digilent Basys3 210183BB7486A" && level==0 && jtag_device_ctx=="jsn-Basys3-210183BB7486A-0362d093-0"}' command is executed.
07:04:58 INFO  : Device configured successfully with "C:/Users/klaze/Desktop/Vitis_Projects/Vitis_intro/FPro_Bus_Hardware/hw/download.bit"
07:12:40 INFO  : Result from executing command 'getProjects': FPro_Bus_Hardware
07:12:40 INFO  : Result from executing command 'getPlatforms': FPro_Bus_Hardware|C:/Users/klaze/Desktop/Vitis_Projects/Vitis_intro/FPro_Bus_Hardware/export/FPro_Bus_Hardware/FPro_Bus_Hardware.xpfm;xilinx_vck190_base_202310_1|D:/Xilinx/Vitis/2023.1/base_platforms/xilinx_vck190_base_202310_1/xilinx_vck190_base_202310_1.xpfm;xilinx_vck190_base_dfx_202310_1|D:/Xilinx/Vitis/2023.1/base_platforms/xilinx_vck190_base_dfx_202310_1/xilinx_vck190_base_dfx_202310_1.xpfm;xilinx_vek280_es1_base_202310_1|D:/Xilinx/Vitis/2023.1/base_platforms/xilinx_vek280_es1_base_202310_1/xilinx_vek280_es1_base_202310_1.xpfm;xilinx_vmk180_base_202310_1|D:/Xilinx/Vitis/2023.1/base_platforms/xilinx_vmk180_base_202310_1/xilinx_vmk180_base_202310_1.xpfm;xilinx_zcu102_base_202310_1|D:/Xilinx/Vitis/2023.1/base_platforms/xilinx_zcu102_base_202310_1/xilinx_zcu102_base_202310_1.xpfm;xilinx_zcu102_base_dfx_202310_1|D:/Xilinx/Vitis/2023.1/base_platforms/xilinx_zcu102_base_dfx_202310_1/xilinx_zcu102_base_dfx_202310_1.xpfm;xilinx_zcu104_base_202310_1|D:/Xilinx/Vitis/2023.1/base_platforms/xilinx_zcu104_base_202310_1/xilinx_zcu104_base_202310_1.xpfm
07:12:42 INFO  : Checking for BSP changes to sync application flags for project 'Vanilla_FPro_Bus'...
07:13:12 INFO  : Bit file 'C:/Users/klaze/Desktop/Vitis_Projects/Vitis_intro/FPro_Bus_Hardware/hw/download.bit' is generated.
07:13:12 INFO  : Connected to target on host '127.0.0.1' and port '3121'.
07:13:12 INFO  : 'targets -set -filter {jtag_cable_name =~ "Digilent Basys3 210183BB7486A" && level==0 && jtag_device_ctx=="jsn-Basys3-210183BB7486A-0362d093-0"}' command is executed.
07:13:14 INFO  : Device configured successfully with "C:/Users/klaze/Desktop/Vitis_Projects/Vitis_intro/FPro_Bus_Hardware/hw/download.bit"
07:14:15 INFO  : Bit file 'C:/Users/klaze/Desktop/Vitis_Projects/Vitis_intro/FPro_Bus_Hardware/hw/download.bit' is generated.
07:14:15 INFO  : Connected to target on host '127.0.0.1' and port '3121'.
07:14:15 INFO  : 'targets -set -filter {jtag_cable_name =~ "Digilent Basys3 210183BB7486A" && level==0 && jtag_device_ctx=="jsn-Basys3-210183BB7486A-0362d093-0"}' command is executed.
07:14:16 INFO  : Device configured successfully with "C:/Users/klaze/Desktop/Vitis_Projects/Vitis_intro/FPro_Bus_Hardware/hw/download.bit"
07:15:15 INFO  : Result from executing command 'getProjects': FPro_Bus_Hardware
07:15:15 INFO  : Result from executing command 'getPlatforms': FPro_Bus_Hardware|C:/Users/klaze/Desktop/Vitis_Projects/Vitis_intro/FPro_Bus_Hardware/export/FPro_Bus_Hardware/FPro_Bus_Hardware.xpfm;xilinx_vck190_base_202310_1|D:/Xilinx/Vitis/2023.1/base_platforms/xilinx_vck190_base_202310_1/xilinx_vck190_base_202310_1.xpfm;xilinx_vck190_base_dfx_202310_1|D:/Xilinx/Vitis/2023.1/base_platforms/xilinx_vck190_base_dfx_202310_1/xilinx_vck190_base_dfx_202310_1.xpfm;xilinx_vek280_es1_base_202310_1|D:/Xilinx/Vitis/2023.1/base_platforms/xilinx_vek280_es1_base_202310_1/xilinx_vek280_es1_base_202310_1.xpfm;xilinx_vmk180_base_202310_1|D:/Xilinx/Vitis/2023.1/base_platforms/xilinx_vmk180_base_202310_1/xilinx_vmk180_base_202310_1.xpfm;xilinx_zcu102_base_202310_1|D:/Xilinx/Vitis/2023.1/base_platforms/xilinx_zcu102_base_202310_1/xilinx_zcu102_base_202310_1.xpfm;xilinx_zcu102_base_dfx_202310_1|D:/Xilinx/Vitis/2023.1/base_platforms/xilinx_zcu102_base_dfx_202310_1/xilinx_zcu102_base_dfx_202310_1.xpfm;xilinx_zcu104_base_202310_1|D:/Xilinx/Vitis/2023.1/base_platforms/xilinx_zcu104_base_202310_1/xilinx_zcu104_base_202310_1.xpfm
07:15:16 INFO  : Checking for BSP changes to sync application flags for project 'Vanilla_FPro_Bus'...
07:15:49 INFO  : Bit file 'C:/Users/klaze/Desktop/Vitis_Projects/Vitis_intro/FPro_Bus_Hardware/hw/download.bit' is generated.
07:15:49 INFO  : Connected to target on host '127.0.0.1' and port '3121'.
07:15:49 INFO  : 'targets -set -filter {jtag_cable_name =~ "Digilent Basys3 210183BB7486A" && level==0 && jtag_device_ctx=="jsn-Basys3-210183BB7486A-0362d093-0"}' command is executed.
07:15:50 INFO  : Device configured successfully with "C:/Users/klaze/Desktop/Vitis_Projects/Vitis_intro/FPro_Bus_Hardware/hw/download.bit"
07:16:26 INFO  : Result from executing command 'getProjects': FPro_Bus_Hardware
07:16:26 INFO  : Result from executing command 'getPlatforms': FPro_Bus_Hardware|C:/Users/klaze/Desktop/Vitis_Projects/Vitis_intro/FPro_Bus_Hardware/export/FPro_Bus_Hardware/FPro_Bus_Hardware.xpfm;xilinx_vck190_base_202310_1|D:/Xilinx/Vitis/2023.1/base_platforms/xilinx_vck190_base_202310_1/xilinx_vck190_base_202310_1.xpfm;xilinx_vck190_base_dfx_202310_1|D:/Xilinx/Vitis/2023.1/base_platforms/xilinx_vck190_base_dfx_202310_1/xilinx_vck190_base_dfx_202310_1.xpfm;xilinx_vek280_es1_base_202310_1|D:/Xilinx/Vitis/2023.1/base_platforms/xilinx_vek280_es1_base_202310_1/xilinx_vek280_es1_base_202310_1.xpfm;xilinx_vmk180_base_202310_1|D:/Xilinx/Vitis/2023.1/base_platforms/xilinx_vmk180_base_202310_1/xilinx_vmk180_base_202310_1.xpfm;xilinx_zcu102_base_202310_1|D:/Xilinx/Vitis/2023.1/base_platforms/xilinx_zcu102_base_202310_1/xilinx_zcu102_base_202310_1.xpfm;xilinx_zcu102_base_dfx_202310_1|D:/Xilinx/Vitis/2023.1/base_platforms/xilinx_zcu102_base_dfx_202310_1/xilinx_zcu102_base_dfx_202310_1.xpfm;xilinx_zcu104_base_202310_1|D:/Xilinx/Vitis/2023.1/base_platforms/xilinx_zcu104_base_202310_1/xilinx_zcu104_base_202310_1.xpfm
07:16:27 INFO  : Checking for BSP changes to sync application flags for project 'Vanilla_FPro_Bus'...
07:16:56 INFO  : Bit file 'C:/Users/klaze/Desktop/Vitis_Projects/Vitis_intro/FPro_Bus_Hardware/hw/download.bit' is generated.
07:16:56 INFO  : Connected to target on host '127.0.0.1' and port '3121'.
07:16:57 INFO  : 'targets -set -filter {jtag_cable_name =~ "Digilent Basys3 210183BB7486A" && level==0 && jtag_device_ctx=="jsn-Basys3-210183BB7486A-0362d093-0"}' command is executed.
07:16:58 INFO  : Device configured successfully with "C:/Users/klaze/Desktop/Vitis_Projects/Vitis_intro/FPro_Bus_Hardware/hw/download.bit"
07:19:03 INFO  : Result from executing command 'getProjects': FPro_Bus_Hardware
07:19:03 INFO  : Result from executing command 'getPlatforms': FPro_Bus_Hardware|C:/Users/klaze/Desktop/Vitis_Projects/Vitis_intro/FPro_Bus_Hardware/export/FPro_Bus_Hardware/FPro_Bus_Hardware.xpfm;xilinx_vck190_base_202310_1|D:/Xilinx/Vitis/2023.1/base_platforms/xilinx_vck190_base_202310_1/xilinx_vck190_base_202310_1.xpfm;xilinx_vck190_base_dfx_202310_1|D:/Xilinx/Vitis/2023.1/base_platforms/xilinx_vck190_base_dfx_202310_1/xilinx_vck190_base_dfx_202310_1.xpfm;xilinx_vek280_es1_base_202310_1|D:/Xilinx/Vitis/2023.1/base_platforms/xilinx_vek280_es1_base_202310_1/xilinx_vek280_es1_base_202310_1.xpfm;xilinx_vmk180_base_202310_1|D:/Xilinx/Vitis/2023.1/base_platforms/xilinx_vmk180_base_202310_1/xilinx_vmk180_base_202310_1.xpfm;xilinx_zcu102_base_202310_1|D:/Xilinx/Vitis/2023.1/base_platforms/xilinx_zcu102_base_202310_1/xilinx_zcu102_base_202310_1.xpfm;xilinx_zcu102_base_dfx_202310_1|D:/Xilinx/Vitis/2023.1/base_platforms/xilinx_zcu102_base_dfx_202310_1/xilinx_zcu102_base_dfx_202310_1.xpfm;xilinx_zcu104_base_202310_1|D:/Xilinx/Vitis/2023.1/base_platforms/xilinx_zcu104_base_202310_1/xilinx_zcu104_base_202310_1.xpfm
07:19:04 INFO  : Checking for BSP changes to sync application flags for project 'Vanilla_FPro_Bus'...
07:19:36 INFO  : Bit file 'C:/Users/klaze/Desktop/Vitis_Projects/Vitis_intro/FPro_Bus_Hardware/hw/download.bit' is generated.
07:19:36 INFO  : Connected to target on host '127.0.0.1' and port '3121'.
07:19:36 INFO  : 'targets -set -filter {jtag_cable_name =~ "Digilent Basys3 210183BB7486A" && level==0 && jtag_device_ctx=="jsn-Basys3-210183BB7486A-0362d093-0"}' command is executed.
07:19:38 INFO  : Device configured successfully with "C:/Users/klaze/Desktop/Vitis_Projects/Vitis_intro/FPro_Bus_Hardware/hw/download.bit"
