07:16:09 **** Build of project mcs_top_vanilla_1 ****
buildplatform.bat 57687 mcs_top_vanilla_1  
XSDB Server Channel: tcfchan#5
Building the BSP Library for domain  - standalone_microblaze_I on processor microblaze_I
make --no-print-directory seq_libs

'Finished building libraries sequentially.'

make -j 6 --no-print-directory par_libs

"Running Make include in microblaze_I/libsrc/bram_v4_8/src"

make -C microblaze_I/libsrc/bram_v4_8/src -s include  "SHELL=CMD" "COMPILER=mb-gcc" "ASSEMBLER=mb-as" "ARCHIVER=mb-ar" "COMPILE
R_FLAGS=  -O2 -c -mcpu=v11.0 -mlittle-endian -mno-xl-reorder -mxl-soft-mul" "EXTRA_COMPILER_FLAGS=-g -ffunction-sections -fdata
-sections -Wall -Wextra -fno-tree-loop-distribute-patterns"

"Running Make include in microblaze_I/libsrc/cpu_v2_17/src"

make -C microblaze_I/libsrc/cpu_v2_17/src -s include  "SHELL=CMD" "COMPILER=mb-gcc" "ASSEMBLER=mb-as" "ARCHIVER=mb-ar" "COMPILE
R_FLAGS=  -O2 -c -mcpu=v11.0 -mlittle-endian -mno-xl-reorder -mxl-soft-mul" "EXTRA_COMPILER_FLAGS=-g -ffunction-sections -fdata
-sections -Wall -Wextra -fno-tree-loop-distribute-patterns"

"Running Make include in microblaze_I/libsrc/iomodule_v2_14/src"

make -C microblaze_I/libsrc/iomodule_v2_14/src -s include  "SHELL=CMD" "COMPILER=mb-gcc" "ASSEMBLER=mb-as" "ARCHIVER=mb-ar" "CO
MPILER_FLAGS=  -O2 -c -mcpu=v11.0 -mlittle-endian -mno-xl-reorder -mxl-soft-mul" "EXTRA_COMPILER_FLAGS=-g -ffunction-sections -
fdata-sections -Wall -Wextra -fno-tree-loop-distribute-patterns"

"Running Make include in microblaze_I/libsrc/standalone_v8_1/src"

make -C microblaze_I/libsrc/standalone_v8_1/src -s include  "SHELL=CMD" "COMPILER=mb-gcc" "ASSEMBLER=mb-as" "ARCHIVER=mb-ar" "C
OMPILER_FLAGS=  -O2 -c -mcpu=v11.0 -mlittle-endian -mno-xl-reorder -mxl-soft-mul" "EXTRA_COMPILER_FLAGS=-g -ffunction-sections 
-fdata-sections -Wall -Wextra -fno-tree-loop-distribute-patterns"

"Running Make libs in microblaze_I/libsrc/bram_v4_8/src"

make -C microblaze_I/libsrc/bram_v4_8/src -s libs  "SHELL=CMD" "COMPILER=mb-gcc" "ASSEMBLER=mb-as" "ARCHIVER=mb-ar" "COMPILER_F
LAGS=  -O2 -c -mcpu=v11.0 -mlittle-endian -mno-xl-reorder -mxl-soft-mul" "EXTRA_COMPILER_FLAGS=-g -ffunction-sections -fdata-se
ctions -Wall -Wextra -fno-tree-loop-distribute-patterns"

"Running Make libs in microblaze_I/libsrc/cpu_v2_17/src"

make -C microblaze_I/libsrc/cpu_v2_17/src -s libs  "SHELL=CMD" "COMPILER=mb-gcc" "ASSEMBLER=mb-as" "ARCHIVER=mb-ar" "COMPILER_F
LAGS=  -O2 -c -mcpu=v11.0 -mlittle-endian -mno-xl-reorder -mxl-soft-mul" "EXTRA_COMPILER_FLAGS=-g -ffunction-sections -fdata-se
ctions -Wall -Wextra -fno-tree-loop-distribute-patterns"

"Running Make libs in microblaze_I/libsrc/iomodule_v2_14/src"

make -C microblaze_I/libsrc/iomodule_v2_14/src -s libs  "SHELL=CMD" "COMPILER=mb-gcc" "ASSEMBLER=mb-as" "ARCHIVER=mb-ar" "COMPI
LER_FLAGS=  -O2 -c -mcpu=v11.0 -mlittle-endian -mno-xl-reorder -mxl-soft-mul" "EXTRA_COMPILER_FLAGS=-g -ffunction-sections -fda
ta-sections -Wall -Wextra -fno-tree-loop-distribute-patterns"

In file included from xbram_g.c:16:
../../../include/xparameters.h:543: warning: "XPAR_DLMB_CNTLR_BASEADDR" redefined
  543 | #define XPAR_DLMB_CNTLR_BASEADDR XPAR_DLMB_0_CNTLR_BASEADDR
      | 
../../../include/xparameters.h:499: note: this is the location of the previous definition
  499 | #define XPAR_DLMB_CNTLR_BASEADDR 0x00000000U
      | 
../../../include/xparameters.h:544: warning: "XPAR_DLMB_CNTLR_HIGHADDR" redefined
  544 | #define XPAR_DLMB_CNTLR_HIGHADDR XPAR_DLMB_0_CNTLR_HIGHADDR
      | 
../../../include/xparameters.h:500: note: this is the location of the previous definition
  500 | #define XPAR_DLMB_CNTLR_HIGHADDR 0x0001FFFFU
      | 
../../../include/xparameters.h:564: warning: "XPAR_ILMB_CNTLR_BASEADDR" redefined
  564 | #define XPAR_ILMB_CNTLR_BASEADDR XPAR_ILMB_0_CNTLR_BASEADDR
      | 
../../../include/xparameters.h:517: note: this is the location of the previous definition
  517 | #define XPAR_ILMB_CNTLR_BASEADDR 0x00000000U
      | 
../../../include/xparameters.h:565: warning: "XPAR_ILMB_CNTLR_HIGHADDR" redefined
  565 | #define XPAR_ILMB_CNTLR_HIGHADDR XPAR_ILMB_0_CNTLR_HIGHADDR
      | 
../../../include/xparameters.h:518: note: this is the location of the previous definition
  518 | #define XPAR_ILMB_CNTLR_HIGHADDR 0x0001FFFFU
      | 
In file included from ../../../include/xil_types.h:48,
                 from xbram.h:115,
                 from xbram.c:36:
../../../include/xparameters.h:543: warning: "XPAR_DLMB_CNTLR_BASEADDR" redefined
  543 | #define XPAR_DLMB_CNTLR_BASEADDR XPAR_DLMB_0_CNTLR_BASEADDR
      | 
../../../include/xparameters.h:499: note: this is the location of the previous definition
  499 | #define XPAR_DLMB_CNTLR_BASEADDR 0x00000000U
      | 
../../../include/xparameters.h:544: warning: "XPAR_DLMB_CNTLR_HIGHADDR" redefined
  544 | #define XPAR_DLMB_CNTLR_HIGHADDR XPAR_DLMB_0_CNTLR_HIGHADDR
      | 
../../../include/xparameters.h:500: note: this is the location of the previous definition
  500 | #define XPAR_DLMB_CNTLR_HIGHADDR 0x0001FFFFU
      | 
../../../include/xparameters.h:564: warning: "XPAR_ILMB_CNTLR_BASEADDR" redefined
  564 | #define XPAR_ILMB_CNTLR_BASEADDR XPAR_ILMB_0_CNTLR_BASEADDR
      | 
../../../include/xparameters.h:517: note: this is the location of the previous definition
  517 | #define XPAR_ILMB_CNTLR_BASEADDR 0x00000000U
      | 
../../../include/xparameters.h:565: warning: "XPAR_ILMB_CNTLR_HIGHADDR" redefined
  565 | #define XPAR_ILMB_CNTLR_HIGHADDR XPAR_ILMB_0_CNTLR_HIGHADDR
      | 
../../../include/xparameters.h:518: note: this is the location of the previous definition
  518 | #define XPAR_ILMB_CNTLR_HIGHADDR 0x0001FFFFU
      | 
In file included from ../../../include/xil_types.h:48,
                 from ../../../include/xstatus.h:33,
                 from xbram_sinit.c:33:
../../../include/xparameters.h:543: warning: "XPAR_DLMB_CNTLR_BASEADDR" redefined
  543 | #define XPAR_DLMB_CNTLR_BASEADDR XPAR_DLMB_0_CNTLR_BASEADDR
      | 
../../../include/xparameters.h:499: note: this is the location of the previous definition
  499 | #define XPAR_DLMB_CNTLR_BASEADDR 0x00000000U
      | 
../../../include/xparameters.h:544: warning: "XPAR_DLMB_CNTLR_HIGHADDR" redefined
  544 | #define XPAR_DLMB_CNTLR_HIGHADDR XPAR_DLMB_0_CNTLR_HIGHADDR
      | 
../../../include/xparameters.h:500: note: this is the location of the previous definition
  500 | #define XPAR_DLMB_CNTLR_HIGHADDR 0x0001FFFFU
      | 
../../../include/xparameters.h:564: warning: "XPAR_ILMB_CNTLR_BASEADDR" redefined
  564 | #define XPAR_ILMB_CNTLR_BASEADDR XPAR_ILMB_0_CNTLR_BASEADDR
      | 
../../../include/xparameters.h:517: note: this is the location of the previous definition
  517 | #define XPAR_ILMB_CNTLR_BASEADDR 0x00000000U
      | 
../../../include/xparameters.h:565: warning: "XPAR_ILMB_CNTLR_HIGHADDR" redefined
  565 | #define XPAR_ILMB_CNTLR_HIGHADDR XPAR_ILMB_0_CNTLR_HIGHADDR
      | 
../../../include/xparameters.h:518: note: this is the location of the previous definition
  518 | #define XPAR_ILMB_CNTLR_HIGHADDR 0x0001FFFFU
      | 
"Running Make libs in microblaze_I/libsrc/standalone_v8_1/src"

make -C microblaze_I/libsrc/standalone_v8_1/src -s libs  "SHELL=CMD" "COMPILER=mb-gcc" "ASSEMBLER=mb-as" "ARCHIVER=mb-ar" "COMP
ILER_FLAGS=  -O2 -c -mcpu=v11.0 -mlittle-endian -mno-xl-reorder -mxl-soft-mul" "EXTRA_COMPILER_FLAGS=-g -ffunction-sections -fd
ata-sections -Wall -Wextra -fno-tree-loop-distribute-patterns"

In file included from ../../../include/xil_types.h:48,
                 from xio.h:73,
                 from xio.c:37:
../../../include/xparameters.h:543: warning: "XPAR_DLMB_CNTLR_BASEADDR" redefined
  543 | #define XPAR_DLMB_CNTLR_BASEADDR XPAR_DLMB_0_CNTLR_BASEADDR
      | 
../../../include/xparameters.h:499: note: this is the location of the previous definition
  499 | #define XPAR_DLMB_CNTLR_BASEADDR 0x00000000U
      | 
../../../include/xparameters.h:544: warning: "XPAR_DLMB_CNTLR_HIGHADDR" redefined
  544 | #define XPAR_DLMB_CNTLR_HIGHADDR XPAR_DLMB_0_CNTLR_HIGHADDR
      | 
../../../include/xparameters.h:500: note: this is the location of the previous definition
  500 | #define XPAR_DLMB_CNTLR_HIGHADDR 0x0001FFFFU
      | 
../../../include/xparameters.h:564: warning: "XPAR_ILMB_CNTLR_BASEADDR" redefined
  564 | #define XPAR_ILMB_CNTLR_BASEADDR XPAR_ILMB_0_CNTLR_BASEADDR
      | 
../../../include/xparameters.h:517: note: this is the location of the previous definition
  517 | #define XPAR_ILMB_CNTLR_BASEADDR 0x00000000U
      | 
../../../include/xparameters.h:565: warning: "XPAR_ILMB_CNTLR_HIGHADDR" redefined
  565 | #define XPAR_ILMB_CNTLR_HIGHADDR XPAR_ILMB_0_CNTLR_HIGHADDR
      | 
../../../include/xparameters.h:518: note: this is the location of the previous definition
  518 | #define XPAR_ILMB_CNTLR_HIGHADDR 0x0001FFFFU
      | 
In file included from ../../../include/xil_types.h:48,
                 from xiomodule_stats.c:27:
../../../include/xparameters.h:543: warning: "XPAR_DLMB_CNTLR_BASEADDR" redefined
  543 | #define XPAR_DLMB_CNTLR_BASEADDR XPAR_DLMB_0_CNTLR_BASEADDR
      | 
../../../include/xparameters.h:499: note: this is the location of the previous definition
  499 | #define XPAR_DLMB_CNTLR_BASEADDR 0x00000000U
      | 
../../../include/xparameters.h:544: warning: "XPAR_DLMB_CNTLR_HIGHADDR" redefined
  544 | #define XPAR_DLMB_CNTLR_HIGHADDR XPAR_DLMB_0_CNTLR_HIGHADDR
      | 
../../../include/xparameters.h:500: note: this is the location of the previous definition
  500 | #define XPAR_DLMB_CNTLR_HIGHADDR 0x0001FFFFU
      | 
../../../include/xparameters.h:564: warning: "XPAR_ILMB_CNTLR_BASEADDR" redefined
  564 | #define XPAR_ILMB_CNTLR_BASEADDR XPAR_ILMB_0_CNTLR_BASEADDR
      | 
../../../include/xparameters.h:517: note: this is the location of the previous definition
  517 | #define XPAR_ILMB_CNTLR_BASEADDR 0x00000000U
      | 
../../../include/xparameters.h:565: warning: "XPAR_ILMB_CNTLR_HIGHADDR" redefined
  565 | #define XPAR_ILMB_CNTLR_HIGHADDR XPAR_ILMB_0_CNTLR_HIGHADDR
      | 
../../../include/xparameters.h:518: note: this is the location of the previous definition
  518 | #define XPAR_ILMB_CNTLR_HIGHADDR 0x0001FFFFU
      | 
In file included from xiomodule_l.c:41:
../../../include/xparameters.h:543: warning: "XPAR_DLMB_CNTLR_BASEADDR" redefined
  543 | #define XPAR_DLMB_CNTLR_BASEADDR XPAR_DLMB_0_CNTLR_BASEADDR
      | 
../../../include/xparameters.h:499: note: this is the location of the previous definition
  499 | #define XPAR_DLMB_CNTLR_BASEADDR 0x00000000U
      | 
../../../include/xparameters.h:544: warning: "XPAR_DLMB_CNTLR_HIGHADDR" redefined
  544 | #define XPAR_DLMB_CNTLR_HIGHADDR XPAR_DLMB_0_CNTLR_HIGHADDR
      | 
../../../include/xparameters.h:500: note: this is the location of the previous definition
  500 | #define XPAR_DLMB_CNTLR_HIGHADDR 0x0001FFFFU
      | 
../../../include/xparameters.h:564: warning: "XPAR_ILMB_CNTLR_BASEADDR" redefined
  564 | #define XPAR_ILMB_CNTLR_BASEADDR XPAR_ILMB_0_CNTLR_BASEADDR
      | 
../../../include/xparameters.h:517: note: this is the location of the previous definition
  517 | #define XPAR_ILMB_CNTLR_BASEADDR 0x00000000U
      | 
../../../include/xparameters.h:565: warning: "XPAR_ILMB_CNTLR_HIGHADDR" redefined
  565 | #define XPAR_ILMB_CNTLR_HIGHADDR XPAR_ILMB_0_CNTLR_HIGHADDR
      | 
../../../include/xparameters.h:518: note: this is the location of the previous definition
  518 | #define XPAR_ILMB_CNTLR_HIGHADDR 0x0001FFFFU
      | 
In file included from xil_types.h:48,
                 from xil_util.h:75,
                 from xil_util.c:93:
../../../include/xparameters.h:543: warning: "XPAR_DLMB_CNTLR_BASEADDR" redefined
  543 | #define XPAR_DLMB_CNTLR_BASEADDR XPAR_DLMB_0_CNTLR_BASEADDR
      | 
../../../include/xparameters.h:499: note: this is the location of the previous definition
  499 | #define XPAR_DLMB_CNTLR_BASEADDR 0x00000000U
      | 
../../../include/xparameters.h:544: warning: "XPAR_DLMB_CNTLR_HIGHADDR" redefined
  544 | #define XPAR_DLMB_CNTLR_HIGHADDR XPAR_DLMB_0_CNTLR_HIGHADDR
      | 
../../../include/xparameters.h:500: note: this is the location of the previous definition
  500 | #define XPAR_DLMB_CNTLR_HIGHADDR 0x0001FFFFU
      | 
../../../include/xparameters.h:564: warning: "XPAR_ILMB_CNTLR_BASEADDR" redefined
  564 | #define XPAR_ILMB_CNTLR_BASEADDR XPAR_ILMB_0_CNTLR_BASEADDR
      | 
../../../include/xparameters.h:517: note: this is the location of the previous definition
  517 | #define XPAR_ILMB_CNTLR_BASEADDR 0x00000000U
      | 
../../../include/xparameters.h:565: warning: "XPAR_ILMB_CNTLR_HIGHADDR" redefined
  565 | #define XPAR_ILMB_CNTLR_HIGHADDR XPAR_ILMB_0_CNTLR_HIGHADDR
      | 
../../../include/xparameters.h:518: note: this is the location of the previous definition
  518 | #define XPAR_ILMB_CNTLR_HIGHADDR 0x0001FFFFU
      | 
xiomodule_l.c: In function 'XIOModule_DeviceInterruptHandler':
xiomodule_l.c:152:42: warning: comparison of unsigned expression in '< 0' is always false [-Wtype-limits]
  152 |         for (IntrNumber = 0U; IntrNumber < XPAR_IOMODULE_INTC_MAX_INTR_SIZE;
      |                                          ^
xiomodule_l.c: In function 'XIOModule_RegisterHandler':
xiomodule_l.c:278:37: warning: array subscript InterruptId is outside array bounds of 'XIOModule_VectorTableEntry[0]' [-Warray-bounds]
  278 |                 CfgPtr->HandlerTable[InterruptId].Handler = Handler;
      |                 ~~~~~~~~~~~~~~~~~~~~^~~~~~~~~~~~~
In file included from xiomodule_l.c:42:
xiomodule.h:360:17: note: while referencing 'HandlerTable'
  360 |                 HandlerTable[XPAR_IOMODULE_INTC_MAX_INTR_SIZE];
      |                 ^~~~~~~~~~~~
xiomodule_l.c:279:37: warning: array subscript InterruptId is outside array bounds of 'XIOModule_VectorTableEntry[0]' [-Warray-bounds]
  279 |                 CfgPtr->HandlerTable[InterruptId].CallBackRef = CallBackRef;
      |                 ~~~~~~~~~~~~~~~~~~~~^~~~~~~~~~~~~
xiomodule.h:360:17: note: while referencing 'HandlerTable'
  360 |                 HandlerTable[XPAR_IOMODULE_INTC_MAX_INTR_SIZE];
      |                 ^~~~~~~~~~~~
In file included from xil_types.h:48,
                 from microblaze_interrupts_i.h:37,
                 from microblaze_interrupts_g.c:16:
../../../include/xparameters.h:543: warning: "XPAR_DLMB_CNTLR_BASEADDR" redefined
  543 | #define XPAR_DLMB_CNTLR_BASEADDR XPAR_DLMB_0_CNTLR_BASEADDR
      | 
../../../include/xparameters.h:499: note: this is the location of the previous definition
  499 | #define XPAR_DLMB_CNTLR_BASEADDR 0x00000000U
      | 
../../../include/xparameters.h:544: warning: "XPAR_DLMB_CNTLR_HIGHADDR" redefined
  544 | #define XPAR_DLMB_CNTLR_HIGHADDR XPAR_DLMB_0_CNTLR_HIGHADDR
      | 
../../../include/xparameters.h:500: note: this is the location of the previous definition
  500 | #define XPAR_DLMB_CNTLR_HIGHADDR 0x0001FFFFU
      | 
../../../include/xparameters.h:564: warning: "XPAR_ILMB_CNTLR_BASEADDR" redefined
  564 | #define XPAR_ILMB_CNTLR_BASEADDR XPAR_ILMB_0_CNTLR_BASEADDR
      | 
../../../include/xparameters.h:517: note: this is the location of the previous definition
  517 | #define XPAR_ILMB_CNTLR_BASEADDR 0x00000000U
      | 
../../../include/xparameters.h:565: warning: "XPAR_ILMB_CNTLR_HIGHADDR" redefined
  565 | #define XPAR_ILMB_CNTLR_HIGHADDR XPAR_ILMB_0_CNTLR_HIGHADDR
      | 
../../../include/xparameters.h:518: note: this is the location of the previous definition
  518 | #define XPAR_ILMB_CNTLR_HIGHADDR 0x0001FFFFU
      | 
In file included from ../../../include/xil_types.h:48,
                 from ../../../include/xil_assert.h:38,
                 from xiomodule_uart.c:36:
../../../include/xparameters.h:543: warning: "XPAR_DLMB_CNTLR_BASEADDR" redefined
  543 | #define XPAR_DLMB_CNTLR_BASEADDR XPAR_DLMB_0_CNTLR_BASEADDR
      | 
../../../include/xparameters.h:499: note: this is the location of the previous definition
  499 | #define XPAR_DLMB_CNTLR_BASEADDR 0x00000000U
      | 
../../../include/xparameters.h:544: warning: "XPAR_DLMB_CNTLR_HIGHADDR" redefined
  544 | #define XPAR_DLMB_CNTLR_HIGHADDR XPAR_DLMB_0_CNTLR_HIGHADDR
      | 
../../../include/xparameters.h:500: note: this is the location of the previous definition
  500 | #define XPAR_DLMB_CNTLR_HIGHADDR 0x0001FFFFU
      | 
../../../include/xparameters.h:564: warning: "XPAR_ILMB_CNTLR_BASEADDR" redefined
  564 | #define XPAR_ILMB_CNTLR_BASEADDR XPAR_ILMB_0_CNTLR_BASEADDR
      | 
../../../include/xparameters.h:517: note: this is the location of the previous definition
  517 | #define XPAR_ILMB_CNTLR_BASEADDR 0x00000000U
      | 
../../../include/xparameters.h:565: warning: "XPAR_ILMB_CNTLR_HIGHADDR" redefined
  565 | #define XPAR_ILMB_CNTLR_HIGHADDR XPAR_ILMB_0_CNTLR_HIGHADDR
      | 
../../../include/xparameters.h:518: note: this is the location of the previous definition
  518 | #define XPAR_ILMB_CNTLR_HIGHADDR 0x0001FFFFU
      | 
In file included from ../../../include/xil_types.h:48,
                 from xbram.h:115,
                 from xbram_selftest.c:49:
../../../include/xparameters.h:543: warning: "XPAR_DLMB_CNTLR_BASEADDR" redefined
  543 | #define XPAR_DLMB_CNTLR_BASEADDR XPAR_DLMB_0_CNTLR_BASEADDR
      | 
../../../include/xparameters.h:499: note: this is the location of the previous definition
  499 | #define XPAR_DLMB_CNTLR_BASEADDR 0x00000000U
      | 
../../../include/xparameters.h:544: warning: "XPAR_DLMB_CNTLR_HIGHADDR" redefined
  544 | #define XPAR_DLMB_CNTLR_HIGHADDR XPAR_DLMB_0_CNTLR_HIGHADDR
      | 
../../../include/xparameters.h:500: note: this is the location of the previous definition
  500 | #define XPAR_DLMB_CNTLR_HIGHADDR 0x0001FFFFU
      | 
../../../include/xparameters.h:564: warning: "XPAR_ILMB_CNTLR_BASEADDR" redefined
  564 | #define XPAR_ILMB_CNTLR_BASEADDR XPAR_ILMB_0_CNTLR_BASEADDR
      | 
../../../include/xparameters.h:517: note: this is the location of the previous definition
  517 | #define XPAR_ILMB_CNTLR_BASEADDR 0x00000000U
      | 
../../../include/xparameters.h:565: warning: "XPAR_ILMB_CNTLR_HIGHADDR" redefined
  565 | #define XPAR_ILMB_CNTLR_HIGHADDR XPAR_ILMB_0_CNTLR_HIGHADDR
      | 
../../../include/xparameters.h:518: note: this is the location of the previous definition
  518 | #define XPAR_ILMB_CNTLR_HIGHADDR 0x0001FFFFU
      | 
In file included from inbyte.c:1:
../../../include/xparameters.h:543: warning: "XPAR_DLMB_CNTLR_BASEADDR" redefined
  543 | #define XPAR_DLMB_CNTLR_BASEADDR XPAR_DLMB_0_CNTLR_BASEADDR
      | 
../../../include/xparameters.h:499: note: this is the location of the previous definition
  499 | #define XPAR_DLMB_CNTLR_BASEADDR 0x00000000U
      | 
../../../include/xparameters.h:544: warning: "XPAR_DLMB_CNTLR_HIGHADDR" redefined
  544 | #define XPAR_DLMB_CNTLR_HIGHADDR XPAR_DLMB_0_CNTLR_HIGHADDR
      | 
../../../include/xparameters.h:500: note: this is the location of the previous definition
  500 | #define XPAR_DLMB_CNTLR_HIGHADDR 0x0001FFFFU
      | 
../../../include/xparameters.h:564: warning: "XPAR_ILMB_CNTLR_BASEADDR" redefined
  564 | #define XPAR_ILMB_CNTLR_BASEADDR XPAR_ILMB_0_CNTLR_BASEADDR
      | 
../../../include/xparameters.h:517: note: this is the location of the previous definition
  517 | #define XPAR_ILMB_CNTLR_BASEADDR 0x00000000U
      | 
../../../include/xparameters.h:565: warning: "XPAR_ILMB_CNTLR_HIGHADDR" redefined
  565 | #define XPAR_ILMB_CNTLR_HIGHADDR XPAR_ILMB_0_CNTLR_HIGHADDR
      | 
../../../include/xparameters.h:518: note: this is the location of the previous definition
  518 | #define XPAR_ILMB_CNTLR_HIGHADDR 0x0001FFFFU
      | 
In file included from xiomodule.h:256,
                 from xiomodule.c:40:
../../../include/xparameters.h:543: warning: "XPAR_DLMB_CNTLR_BASEADDR" redefined
  543 | #define XPAR_DLMB_CNTLR_BASEADDR XPAR_DLMB_0_CNTLR_BASEADDR
      | 
../../../include/xparameters.h:499: note: this is the location of the previous definition
  499 | #define XPAR_DLMB_CNTLR_BASEADDR 0x00000000U
      | 
../../../include/xparameters.h:544: warning: "XPAR_DLMB_CNTLR_HIGHADDR" redefined
  544 | #define XPAR_DLMB_CNTLR_HIGHADDR XPAR_DLMB_0_CNTLR_HIGHADDR
      | 
../../../include/xparameters.h:500: note: this is the location of the previous definition
  500 | #define XPAR_DLMB_CNTLR_HIGHADDR 0x0001FFFFU
      | 
../../../include/xparameters.h:564: warning: "XPAR_ILMB_CNTLR_BASEADDR" redefined
  564 | #define XPAR_ILMB_CNTLR_BASEADDR XPAR_ILMB_0_CNTLR_BASEADDR
      | 
../../../include/xparameters.h:517: note: this is the location of the previous definition
  517 | #define XPAR_ILMB_CNTLR_BASEADDR 0x00000000U
      | 
../../../include/xparameters.h:565: warning: "XPAR_ILMB_CNTLR_HIGHADDR" redefined
  565 | #define XPAR_ILMB_CNTLR_HIGHADDR XPAR_ILMB_0_CNTLR_HIGHADDR
      | 
../../../include/xparameters.h:518: note: this is the location of the previous definition
  518 | #define XPAR_ILMB_CNTLR_HIGHADDR 0x0001FFFFU
      | 
xiomodule.c: In function 'XIOModule_Initialize':
xiomodule.c:150:25: warning: comparison is always false due to limited range of data type [-Wtype-limits]
  150 |         for (Id = 0; Id < XPAR_IOMODULE_INTC_MAX_INTR_SIZE; Id++) {
      |                         ^
xiomodule.c:196:33: warning: comparison is always false due to limited range of data type [-Wtype-limits]
  196 |                 for (Id = 0; Id < XPAR_IOMODULE_INTC_MAX_INTR_SIZE; Id++) {
      |                                 ^
In file included from ../../../include/xstatus.h:34,
                 from xiomodule.h:257:
xiomodule.c: In function 'XIOModule_Connect':
xiomodule.c:333:30: warning: comparison is always false due to limited range of data type [-Wtype-limits]
  333 |         Xil_AssertNonvoid(Id < XPAR_IOMODULE_INTC_MAX_INTR_SIZE);
      |                              ^
../../../include/xil_assert.h:113:9: note: in definition of macro 'Xil_AssertNonvoid'
  113 |     if (Expression) {                              \
      |         ^~~~~~~~~~
xiomodule.c: In function 'XIOModule_Disconnect':
xiomodule.c:373:27: warning: comparison is always false due to limited range of data type [-Wtype-limits]
  373 |         Xil_AssertVoid(Id < XPAR_IOMODULE_INTC_MAX_INTR_SIZE);
      |                           ^
../../../include/xil_assert.h:88:9: note: in definition of macro 'Xil_AssertVoid'
   88 |     if (Expression) {                              \
      |         ^~~~~~~~~~
xiomodule.c: In function 'XIOModule_Enable':
xiomodule.c:423:27: warning: comparison is always false due to limited range of data type [-Wtype-limits]
  423 |         Xil_AssertVoid(Id < XPAR_IOMODULE_INTC_MAX_INTR_SIZE);
      |                           ^
../../../include/xil_assert.h:88:9: note: in definition of macro 'Xil_AssertVoid'
   88 |     if (Expression) {                              \
      |         ^~~~~~~~~~
xiomodule.c: In function 'XIOModule_Disable':
xiomodule.c:469:27: warning: comparison is always false due to limited range of data type [-Wtype-limits]
  469 |         Xil_AssertVoid(Id < XPAR_IOMODULE_INTC_MAX_INTR_SIZE);
      |                           ^
../../../include/xil_assert.h:88:9: note: in definition of macro 'Xil_AssertVoid'
   88 |     if (Expression) {                              \
      |         ^~~~~~~~~~
xiomodule.c: In function 'XIOModule_Acknowledge':
xiomodule.c:513:27: warning: comparison is always false due to limited range of data type [-Wtype-limits]
  513 |         Xil_AssertVoid(Id < XPAR_IOMODULE_INTC_MAX_INTR_SIZE);
      |                           ^
../../../include/xil_assert.h:88:9: note: in definition of macro 'Xil_AssertVoid'
   88 |     if (Expression) {                              \
      |         ^~~~~~~~~~
xiomodule.c: In function 'XIOModule_ConnectFastHandler':
xiomodule.c:618:30: warning: comparison is always false due to limited range of data type [-Wtype-limits]
  618 |         Xil_AssertNonvoid(Id < XPAR_IOMODULE_INTC_MAX_INTR_SIZE);
      |                              ^
../../../include/xil_assert.h:113:9: note: in definition of macro 'Xil_AssertNonvoid'
  113 |     if (Expression) {                              \
      |         ^~~~~~~~~~
xiomodule.c: In function 'XIOModule_SetNormalIntrMode':
xiomodule.c:700:27: warning: comparison is always false due to limited range of data type [-Wtype-limits]
  700 |         Xil_AssertVoid(Id < XPAR_IOMODULE_INTC_MAX_INTR_SIZE);
      |                           ^
../../../include/xil_assert.h:88:9: note: in definition of macro 'Xil_AssertVoid'
   88 |     if (Expression) {                              \
      |         ^~~~~~~~~~
In file included from ../../../include/xil_types.h:48,
                 from xbram.h:115,
                 from xbram_intr.c:32:
../../../include/xparameters.h:543: warning: "XPAR_DLMB_CNTLR_BASEADDR" redefined
  543 | #define XPAR_DLMB_CNTLR_BASEADDR XPAR_DLMB_0_CNTLR_BASEADDR
      | 
../../../include/xparameters.h:499: note: this is the location of the previous definition
  499 | #define XPAR_DLMB_CNTLR_BASEADDR 0x00000000U
      | 
../../../include/xparameters.h:544: warning: "XPAR_DLMB_CNTLR_HIGHADDR" redefined
  544 | #define XPAR_DLMB_CNTLR_HIGHADDR XPAR_DLMB_0_CNTLR_HIGHADDR
      | 
../../../include/xparameters.h:500: note: this is the location of the previous definition
  500 | #define XPAR_DLMB_CNTLR_HIGHADDR 0x0001FFFFU
      | 
../../../include/xparameters.h:564: warning: "XPAR_ILMB_CNTLR_BASEADDR" redefined
  564 | #define XPAR_ILMB_CNTLR_BASEADDR XPAR_ILMB_0_CNTLR_BASEADDR
      | 
../../../include/xparameters.h:517: note: this is the location of the previous definition
  517 | #define XPAR_ILMB_CNTLR_BASEADDR 0x00000000U
      | 
../../../include/xparameters.h:565: warning: "XPAR_ILMB_CNTLR_HIGHADDR" redefined
  565 | #define XPAR_ILMB_CNTLR_HIGHADDR XPAR_ILMB_0_CNTLR_HIGHADDR
      | 
../../../include/xparameters.h:518: note: this is the location of the previous definition
  518 | #define XPAR_ILMB_CNTLR_HIGHADDR 0x0001FFFFU
      | 
In file included from xiomodule.h:256,
                 from xiomodule_options.c:32:
../../../include/xparameters.h:543: warning: "XPAR_DLMB_CNTLR_BASEADDR" redefined
  543 | #define XPAR_DLMB_CNTLR_BASEADDR XPAR_DLMB_0_CNTLR_BASEADDR
      | 
../../../include/xparameters.h:499: note: this is the location of the previous definition
  499 | #define XPAR_DLMB_CNTLR_BASEADDR 0x00000000U
      | 
../../../include/xparameters.h:544: warning: "XPAR_DLMB_CNTLR_HIGHADDR" redefined
  544 | #define XPAR_DLMB_CNTLR_HIGHADDR XPAR_DLMB_0_CNTLR_HIGHADDR
      | 
../../../include/xparameters.h:500: note: this is the location of the previous definition
  500 | #define XPAR_DLMB_CNTLR_HIGHADDR 0x0001FFFFU
      | 
../../../include/xparameters.h:564: warning: "XPAR_ILMB_CNTLR_BASEADDR" redefined
  564 | #define XPAR_ILMB_CNTLR_BASEADDR XPAR_ILMB_0_CNTLR_BASEADDR
      | 
../../../include/xparameters.h:517: note: this is the location of the previous definition
  517 | #define XPAR_ILMB_CNTLR_BASEADDR 0x00000000U
      | 
../../../include/xparameters.h:565: warning: "XPAR_ILMB_CNTLR_HIGHADDR" redefined
  565 | #define XPAR_ILMB_CNTLR_HIGHADDR XPAR_ILMB_0_CNTLR_HIGHADDR
      | 
../../../include/xparameters.h:518: note: this is the location of the previous definition
  518 | #define XPAR_ILMB_CNTLR_HIGHADDR 0x0001FFFFU
      | 
In file included from xiomodule.h:256,
                 from xiomodule_selftest.c:31:
../../../include/xparameters.h:543: warning: "XPAR_DLMB_CNTLR_BASEADDR" redefined
  543 | #define XPAR_DLMB_CNTLR_BASEADDR XPAR_DLMB_0_CNTLR_BASEADDR
      | 
../../../include/xparameters.h:499: note: this is the location of the previous definition
  499 | #define XPAR_DLMB_CNTLR_BASEADDR 0x00000000U
      | 
../../../include/xparameters.h:544: warning: "XPAR_DLMB_CNTLR_HIGHADDR" redefined
  544 | #define XPAR_DLMB_CNTLR_HIGHADDR XPAR_DLMB_0_CNTLR_HIGHADDR
      | 
../../../include/xparameters.h:500: note: this is the location of the previous definition
  500 | #define XPAR_DLMB_CNTLR_HIGHADDR 0x0001FFFFU
      | 
../../../include/xparameters.h:564: warning: "XPAR_ILMB_CNTLR_BASEADDR" redefined
  564 | #define XPAR_ILMB_CNTLR_BASEADDR XPAR_ILMB_0_CNTLR_BASEADDR
      | 
../../../include/xparameters.h:517: note: this is the location of the previous definition
  517 | #define XPAR_ILMB_CNTLR_BASEADDR 0x00000000U
      | 
../../../include/xparameters.h:565: warning: "XPAR_ILMB_CNTLR_HIGHADDR" redefined
  565 | #define XPAR_ILMB_CNTLR_HIGHADDR XPAR_ILMB_0_CNTLR_HIGHADDR
      | 
../../../include/xparameters.h:518: note: this is the location of the previous definition
  518 | #define XPAR_ILMB_CNTLR_HIGHADDR 0x0001FFFFU
      | 
In file included from xil_types.h:48,
                 from microblaze_exceptions_i.h:31,
                 from microblaze_exception_handler.c:31:
../../../include/xparameters.h:543: warning: "XPAR_DLMB_CNTLR_BASEADDR" redefined
  543 | #define XPAR_DLMB_CNTLR_BASEADDR XPAR_DLMB_0_CNTLR_BASEADDR
      | 
../../../include/xparameters.h:499: note: this is the location of the previous definition
  499 | #define XPAR_DLMB_CNTLR_BASEADDR 0x00000000U
      | 
../../../include/xparameters.h:544: warning: "XPAR_DLMB_CNTLR_HIGHADDR" redefined
  544 | #define XPAR_DLMB_CNTLR_HIGHADDR XPAR_DLMB_0_CNTLR_HIGHADDR
      | 
../../../include/xparameters.h:500: note: this is the location of the previous definition
  500 | #define XPAR_DLMB_CNTLR_HIGHADDR 0x0001FFFFU
      | 
../../../include/xparameters.h:564: warning: "XPAR_ILMB_CNTLR_BASEADDR" redefined
  564 | #define XPAR_ILMB_CNTLR_BASEADDR XPAR_ILMB_0_CNTLR_BASEADDR
      | 
../../../include/xparameters.h:517: note: this is the location of the previous definition
  517 | #define XPAR_ILMB_CNTLR_BASEADDR 0x00000000U
      | 
../../../include/xparameters.h:565: warning: "XPAR_ILMB_CNTLR_HIGHADDR" redefined
  565 | #define XPAR_ILMB_CNTLR_HIGHADDR XPAR_ILMB_0_CNTLR_HIGHADDR
      | 
../../../include/xparameters.h:518: note: this is the location of the previous definition
  518 | #define XPAR_ILMB_CNTLR_HIGHADDR 0x0001FFFFU
      | 
In file included from pvr.c:15:
../../../include/xparameters.h:543: warning: "XPAR_DLMB_CNTLR_BASEADDR" redefined
  543 | #define XPAR_DLMB_CNTLR_BASEADDR XPAR_DLMB_0_CNTLR_BASEADDR
      | 
../../../include/xparameters.h:499: note: this is the location of the previous definition
  499 | #define XPAR_DLMB_CNTLR_BASEADDR 0x00000000U
      | 
../../../include/xparameters.h:544: warning: "XPAR_DLMB_CNTLR_HIGHADDR" redefined
  544 | #define XPAR_DLMB_CNTLR_HIGHADDR XPAR_DLMB_0_CNTLR_HIGHADDR
      | 
../../../include/xparameters.h:500: note: this is the location of the previous definition
  500 | #define XPAR_DLMB_CNTLR_HIGHADDR 0x0001FFFFU
      | 
../../../include/xparameters.h:564: warning: "XPAR_ILMB_CNTLR_BASEADDR" redefined
  564 | #define XPAR_ILMB_CNTLR_BASEADDR XPAR_ILMB_0_CNTLR_BASEADDR
      | 
../../../include/xparameters.h:517: note: this is the location of the previous definition
  517 | #define XPAR_ILMB_CNTLR_BASEADDR 0x00000000U
      | 
../../../include/xparameters.h:565: warning: "XPAR_ILMB_CNTLR_HIGHADDR" redefined
  565 | #define XPAR_ILMB_CNTLR_HIGHADDR XPAR_ILMB_0_CNTLR_HIGHADDR
      | 
../../../include/xparameters.h:518: note: this is the location of the previous definition
  518 | #define XPAR_ILMB_CNTLR_HIGHADDR 0x0001FFFFU
      | 
In file included from xiomodule.h:256,
                 from xiomodule_extra.c:33:
../../../include/xparameters.h:543: warning: "XPAR_DLMB_CNTLR_BASEADDR" redefined
  543 | #define XPAR_DLMB_CNTLR_BASEADDR XPAR_DLMB_0_CNTLR_BASEADDR
      | 
../../../include/xparameters.h:499: note: this is the location of the previous definition
  499 | #define XPAR_DLMB_CNTLR_BASEADDR 0x00000000U
      | 
../../../include/xparameters.h:544: warning: "XPAR_DLMB_CNTLR_HIGHADDR" redefined
  544 | #define XPAR_DLMB_CNTLR_HIGHADDR XPAR_DLMB_0_CNTLR_HIGHADDR
      | 
../../../include/xparameters.h:500: note: this is the location of the previous definition
  500 | #define XPAR_DLMB_CNTLR_HIGHADDR 0x0001FFFFU
      | 
../../../include/xparameters.h:564: warning: "XPAR_ILMB_CNTLR_BASEADDR" redefined
  564 | #define XPAR_ILMB_CNTLR_BASEADDR XPAR_ILMB_0_CNTLR_BASEADDR
      | 
../../../include/xparameters.h:517: note: this is the location of the previous definition
  517 | #define XPAR_ILMB_CNTLR_BASEADDR 0x00000000U
      | 
../../../include/xparameters.h:565: warning: "XPAR_ILMB_CNTLR_HIGHADDR" redefined
  565 | #define XPAR_ILMB_CNTLR_HIGHADDR XPAR_ILMB_0_CNTLR_HIGHADDR
      | 
../../../include/xparameters.h:518: note: this is the location of the previous definition
  518 | #define XPAR_ILMB_CNTLR_HIGHADDR 0x0001FFFFU
      | 
In file included from xil_types.h:48,
                 from errno.c:12:
../../../include/xparameters.h:543: warning: "XPAR_DLMB_CNTLR_BASEADDR" redefined
  543 | #define XPAR_DLMB_CNTLR_BASEADDR XPAR_DLMB_0_CNTLR_BASEADDR
      | 
../../../include/xparameters.h:499: note: this is the location of the previous definition
  499 | #define XPAR_DLMB_CNTLR_BASEADDR 0x00000000U
      | 
../../../include/xparameters.h:544: warning: "XPAR_DLMB_CNTLR_HIGHADDR" redefined
  544 | #define XPAR_DLMB_CNTLR_HIGHADDR XPAR_DLMB_0_CNTLR_HIGHADDR
      | 
../../../include/xparameters.h:500: note: this is the location of the previous definition
  500 | #define XPAR_DLMB_CNTLR_HIGHADDR 0x0001FFFFU
      | 
../../../include/xparameters.h:564: warning: "XPAR_ILMB_CNTLR_BASEADDR" redefined
  564 | #define XPAR_ILMB_CNTLR_BASEADDR XPAR_ILMB_0_CNTLR_BASEADDR
      | 
../../../include/xparameters.h:517: note: this is the location of the previous definition
  517 | #define XPAR_ILMB_CNTLR_BASEADDR 0x00000000U
      | 
../../../include/xparameters.h:565: warning: "XPAR_ILMB_CNTLR_HIGHADDR" redefined
  565 | #define XPAR_ILMB_CNTLR_HIGHADDR XPAR_ILMB_0_CNTLR_HIGHADDR
      | 
../../../include/xparameters.h:518: note: this is the location of the previous definition
  518 | #define XPAR_ILMB_CNTLR_HIGHADDR 0x0001FFFFU
      | 
In file included from xil_types.h:48,
                 from xil_exception.c:33:
../../../include/xparameters.h:543: warning: "XPAR_DLMB_CNTLR_BASEADDR" redefined
  543 | #define XPAR_DLMB_CNTLR_BASEADDR XPAR_DLMB_0_CNTLR_BASEADDR
      | 
../../../include/xparameters.h:499: note: this is the location of the previous definition
  499 | #define XPAR_DLMB_CNTLR_BASEADDR 0x00000000U
      | 
../../../include/xparameters.h:544: warning: "XPAR_DLMB_CNTLR_HIGHADDR" redefined
  544 | #define XPAR_DLMB_CNTLR_HIGHADDR XPAR_DLMB_0_CNTLR_HIGHADDR
      | 
../../../include/xparameters.h:500: note: this is the location of the previous definition
  500 | #define XPAR_DLMB_CNTLR_HIGHADDR 0x0001FFFFU
      | 
../../../include/xparameters.h:564: warning: "XPAR_ILMB_CNTLR_BASEADDR" redefined
  564 | #define XPAR_ILMB_CNTLR_BASEADDR XPAR_ILMB_0_CNTLR_BASEADDR
      | 
../../../include/xparameters.h:517: note: this is the location of the previous definition
  517 | #define XPAR_ILMB_CNTLR_BASEADDR 0x00000000U
      | 
../../../include/xparameters.h:565: warning: "XPAR_ILMB_CNTLR_HIGHADDR" redefined
  565 | #define XPAR_ILMB_CNTLR_HIGHADDR XPAR_ILMB_0_CNTLR_HIGHADDR
      | 
../../../include/xparameters.h:518: note: this is the location of the previous definition
  518 | #define XPAR_ILMB_CNTLR_HIGHADDR 0x0001FFFFU
      | 
In file included from ../../../include/xil_types.h:48,
                 from ../../../include/xil_assert.h:38,
                 from xiomodule_uart_intr.c:38:
../../../include/xparameters.h:543: warning: "XPAR_DLMB_CNTLR_BASEADDR" redefined
  543 | #define XPAR_DLMB_CNTLR_BASEADDR XPAR_DLMB_0_CNTLR_BASEADDR
      | 
../../../include/xparameters.h:499: note: this is the location of the previous definition
  499 | #define XPAR_DLMB_CNTLR_BASEADDR 0x00000000U
      | 
../../../include/xparameters.h:544: warning: "XPAR_DLMB_CNTLR_HIGHADDR" redefined
  544 | #define XPAR_DLMB_CNTLR_HIGHADDR XPAR_DLMB_0_CNTLR_HIGHADDR
      | 
../../../include/xparameters.h:500: note: this is the location of the previous definition
  500 | #define XPAR_DLMB_CNTLR_HIGHADDR 0x0001FFFFU
      | 
../../../include/xparameters.h:564: warning: "XPAR_ILMB_CNTLR_BASEADDR" redefined
  564 | #define XPAR_ILMB_CNTLR_BASEADDR XPAR_ILMB_0_CNTLR_BASEADDR
      | 
../../../include/xparameters.h:517: note: this is the location of the previous definition
  517 | #define XPAR_ILMB_CNTLR_BASEADDR 0x00000000U
      | 
../../../include/xparameters.h:565: warning: "XPAR_ILMB_CNTLR_HIGHADDR" redefined
  565 | #define XPAR_ILMB_CNTLR_HIGHADDR XPAR_ILMB_0_CNTLR_HIGHADDR
      | 
../../../include/xparameters.h:518: note: this is the location of the previous definition
  518 | #define XPAR_ILMB_CNTLR_HIGHADDR 0x0001FFFFU
      | 
In file included from xiomodule_g.c:16:
../../../include/xparameters.h:543: warning: "XPAR_DLMB_CNTLR_BASEADDR" redefined
  543 | #define XPAR_DLMB_CNTLR_BASEADDR XPAR_DLMB_0_CNTLR_BASEADDR
      | 
../../../include/xparameters.h:499: note: this is the location of the previous definition
  499 | #define XPAR_DLMB_CNTLR_BASEADDR 0x00000000U
      | 
../../../include/xparameters.h:544: warning: "XPAR_DLMB_CNTLR_HIGHADDR" redefined
  544 | #define XPAR_DLMB_CNTLR_HIGHADDR XPAR_DLMB_0_CNTLR_HIGHADDR
      | 
../../../include/xparameters.h:500: note: this is the location of the previous definition
  500 | #define XPAR_DLMB_CNTLR_HIGHADDR 0x0001FFFFU
      | 
../../../include/xparameters.h:564: warning: "XPAR_ILMB_CNTLR_BASEADDR" redefined
  564 | #define XPAR_ILMB_CNTLR_BASEADDR XPAR_ILMB_0_CNTLR_BASEADDR
      | 
../../../include/xparameters.h:517: note: this is the location of the previous definition
  517 | #define XPAR_ILMB_CNTLR_BASEADDR 0x00000000U
      | 
../../../include/xparameters.h:565: warning: "XPAR_ILMB_CNTLR_HIGHADDR" redefined
  565 | #define XPAR_ILMB_CNTLR_HIGHADDR XPAR_ILMB_0_CNTLR_HIGHADDR
      | 
../../../include/xparameters.h:518: note: this is the location of the previous definition
  518 | #define XPAR_ILMB_CNTLR_HIGHADDR 0x0001FFFFU
      | 
In file included from xil_types.h:48,
                 from xil_testmem.h:105,
                 from xil_testmem.c:42:
../../../include/xparameters.h:543: warning: "XPAR_DLMB_CNTLR_BASEADDR" redefined
  543 | #define XPAR_DLMB_CNTLR_BASEADDR XPAR_DLMB_0_CNTLR_BASEADDR
      | 
../../../include/xparameters.h:499: note: this is the location of the previous definition
  499 | #define XPAR_DLMB_CNTLR_BASEADDR 0x00000000U
      | 
../../../include/xparameters.h:544: warning: "XPAR_DLMB_CNTLR_HIGHADDR" redefined
  544 | #define XPAR_DLMB_CNTLR_HIGHADDR XPAR_DLMB_0_CNTLR_HIGHADDR
      | 
../../../include/xparameters.h:500: note: this is the location of the previous definition
  500 | #define XPAR_DLMB_CNTLR_HIGHADDR 0x0001FFFFU
      | 
../../../include/xparameters.h:564: warning: "XPAR_ILMB_CNTLR_BASEADDR" redefined
  564 | #define XPAR_ILMB_CNTLR_BASEADDR XPAR_ILMB_0_CNTLR_BASEADDR
      | 
../../../include/xparameters.h:517: note: this is the location of the previous definition
  517 | #define XPAR_ILMB_CNTLR_BASEADDR 0x00000000U
      | 
../../../include/xparameters.h:565: warning: "XPAR_ILMB_CNTLR_HIGHADDR" redefined
  565 | #define XPAR_ILMB_CNTLR_HIGHADDR XPAR_ILMB_0_CNTLR_HIGHADDR
      | 
../../../include/xparameters.h:518: note: this is the location of the previous definition
  518 | #define XPAR_ILMB_CNTLR_HIGHADDR 0x0001FFFFU
      | 
In file included from xiomodule_intr.c:72:
../../../include/xparameters.h:543: warning: "XPAR_DLMB_CNTLR_BASEADDR" redefined
  543 | #define XPAR_DLMB_CNTLR_BASEADDR XPAR_DLMB_0_CNTLR_BASEADDR
      | 
../../../include/xparameters.h:499: note: this is the location of the previous definition
  499 | #define XPAR_DLMB_CNTLR_BASEADDR 0x00000000U
      | 
../../../include/xparameters.h:544: warning: "XPAR_DLMB_CNTLR_HIGHADDR" redefined
  544 | #define XPAR_DLMB_CNTLR_HIGHADDR XPAR_DLMB_0_CNTLR_HIGHADDR
      | 
../../../include/xparameters.h:500: note: this is the location of the previous definition
  500 | #define XPAR_DLMB_CNTLR_HIGHADDR 0x0001FFFFU
      | 
../../../include/xparameters.h:564: warning: "XPAR_ILMB_CNTLR_BASEADDR" redefined
  564 | #define XPAR_ILMB_CNTLR_BASEADDR XPAR_ILMB_0_CNTLR_BASEADDR
      | 
../../../include/xparameters.h:517: note: this is the location of the previous definition
  517 | #define XPAR_ILMB_CNTLR_BASEADDR 0x00000000U
      | 
../../../include/xparameters.h:565: warning: "XPAR_ILMB_CNTLR_HIGHADDR" redefined
  565 | #define XPAR_ILMB_CNTLR_HIGHADDR XPAR_ILMB_0_CNTLR_HIGHADDR
      | 
../../../include/xparameters.h:518: note: this is the location of the previous definition
  518 | #define XPAR_ILMB_CNTLR_HIGHADDR 0x0001FFFFU
      | 
In file included from xil_types.h:48,
                 from xil_printf.h:15,
                 from xdebug.h:15,
                 from xil_clocking.h:35,
                 from xil_clocking.c:25:
../../../include/xparameters.h:543: warning: "XPAR_DLMB_CNTLR_BASEADDR" redefined
  543 | #define XPAR_DLMB_CNTLR_BASEADDR XPAR_DLMB_0_CNTLR_BASEADDR
      | 
../../../include/xparameters.h:499: note: this is the location of the previous definition
  499 | #define XPAR_DLMB_CNTLR_BASEADDR 0x00000000U
      | 
../../../include/xparameters.h:544: warning: "XPAR_DLMB_CNTLR_HIGHADDR" redefined
  544 | #define XPAR_DLMB_CNTLR_HIGHADDR XPAR_DLMB_0_CNTLR_HIGHADDR
      | 
../../../include/xparameters.h:500: note: this is the location of the previous definition
  500 | #define XPAR_DLMB_CNTLR_HIGHADDR 0x0001FFFFU
      | 
../../../include/xparameters.h:564: warning: "XPAR_ILMB_CNTLR_BASEADDR" redefined
  564 | #define XPAR_ILMB_CNTLR_BASEADDR XPAR_ILMB_0_CNTLR_BASEADDR
      | 
../../../include/xparameters.h:517: note: this is the location of the previous definition
  517 | #define XPAR_ILMB_CNTLR_BASEADDR 0x00000000U
      | 
../../../include/xparameters.h:565: warning: "XPAR_ILMB_CNTLR_HIGHADDR" redefined
  565 | #define XPAR_ILMB_CNTLR_HIGHADDR XPAR_ILMB_0_CNTLR_HIGHADDR
      | 
../../../include/xparameters.h:518: note: this is the location of the previous definition
  518 | #define XPAR_ILMB_CNTLR_HIGHADDR 0x0001FFFFU
      | 
In file included from xil_types.h:48,
                 from xil_assert.c:28:
../../../include/xparameters.h:543: warning: "XPAR_DLMB_CNTLR_BASEADDR" redefined
  543 | #define XPAR_DLMB_CNTLR_BASEADDR XPAR_DLMB_0_CNTLR_BASEADDR
      | 
../../../include/xparameters.h:499: note: this is the location of the previous definition
  499 | #define XPAR_DLMB_CNTLR_BASEADDR 0x00000000U
      | 
../../../include/xparameters.h:544: warning: "XPAR_DLMB_CNTLR_HIGHADDR" redefined
  544 | #define XPAR_DLMB_CNTLR_HIGHADDR XPAR_DLMB_0_CNTLR_HIGHADDR
      | 
../../../include/xparameters.h:500: note: this is the location of the previous definition
  500 | #define XPAR_DLMB_CNTLR_HIGHADDR 0x0001FFFFU
      | 
../../../include/xparameters.h:564: warning: "XPAR_ILMB_CNTLR_BASEADDR" redefined
  564 | #define XPAR_ILMB_CNTLR_BASEADDR XPAR_ILMB_0_CNTLR_BASEADDR
      | 
../../../include/xparameters.h:517: note: this is the location of the previous definition
  517 | #define XPAR_ILMB_CNTLR_BASEADDR 0x00000000U
      | 
../../../include/xparameters.h:565: warning: "XPAR_ILMB_CNTLR_HIGHADDR" redefined
  565 | #define XPAR_ILMB_CNTLR_HIGHADDR XPAR_ILMB_0_CNTLR_HIGHADDR
      | 
../../../include/xparameters.h:518: note: this is the location of the previous definition
  518 | #define XPAR_ILMB_CNTLR_HIGHADDR 0x0001FFFFU
      | 
In file included from outbyte.c:1:
../../../include/xparameters.h:543: warning: "XPAR_DLMB_CNTLR_BASEADDR" redefined
  543 | #define XPAR_DLMB_CNTLR_BASEADDR XPAR_DLMB_0_CNTLR_BASEADDR
      | 
../../../include/xparameters.h:499: note: this is the location of the previous definition
  499 | #define XPAR_DLMB_CNTLR_BASEADDR 0x00000000U
      | 
../../../include/xparameters.h:544: warning: "XPAR_DLMB_CNTLR_HIGHADDR" redefined
  544 | #define XPAR_DLMB_CNTLR_HIGHADDR XPAR_DLMB_0_CNTLR_HIGHADDR
      | 
../../../include/xparameters.h:500: note: this is the location of the previous definition
  500 | #define XPAR_DLMB_CNTLR_HIGHADDR 0x0001FFFFU
      | 
../../../include/xparameters.h:564: warning: "XPAR_ILMB_CNTLR_BASEADDR" redefined
  564 | #define XPAR_ILMB_CNTLR_BASEADDR XPAR_ILMB_0_CNTLR_BASEADDR
      | 
../../../include/xparameters.h:517: note: this is the location of the previous definition
  517 | #define XPAR_ILMB_CNTLR_BASEADDR 0x00000000U
      | 
../../../include/xparameters.h:565: warning: "XPAR_ILMB_CNTLR_HIGHADDR" redefined
  565 | #define XPAR_ILMB_CNTLR_HIGHADDR XPAR_ILMB_0_CNTLR_HIGHADDR
      | 
../../../include/xparameters.h:518: note: this is the location of the previous definition
  518 | #define XPAR_ILMB_CNTLR_HIGHADDR 0x0001FFFFU
      | 
In file included from xil_types.h:48,
                 from xil_io.h:48,
                 from xil_sleepcommon.c:29:
../../../include/xparameters.h:543: warning: "XPAR_DLMB_CNTLR_BASEADDR" redefined
  543 | #define XPAR_DLMB_CNTLR_BASEADDR XPAR_DLMB_0_CNTLR_BASEADDR
      | 
../../../include/xparameters.h:499: note: this is the location of the previous definition
  499 | #define XPAR_DLMB_CNTLR_BASEADDR 0x00000000U
      | 
../../../include/xparameters.h:544: warning: "XPAR_DLMB_CNTLR_HIGHADDR" redefined
  544 | #define XPAR_DLMB_CNTLR_HIGHADDR XPAR_DLMB_0_CNTLR_HIGHADDR
      | 
../../../include/xparameters.h:500: note: this is the location of the previous definition
  500 | #define XPAR_DLMB_CNTLR_HIGHADDR 0x0001FFFFU
      | 
../../../include/xparameters.h:564: warning: "XPAR_ILMB_CNTLR_BASEADDR" redefined
  564 | #define XPAR_ILMB_CNTLR_BASEADDR XPAR_ILMB_0_CNTLR_BASEADDR
      | 
../../../include/xparameters.h:517: note: this is the location of the previous definition
  517 | #define XPAR_ILMB_CNTLR_BASEADDR 0x00000000U
      | 
../../../include/xparameters.h:565: warning: "XPAR_ILMB_CNTLR_HIGHADDR" redefined
  565 | #define XPAR_ILMB_CNTLR_HIGHADDR XPAR_ILMB_0_CNTLR_HIGHADDR
      | 
../../../include/xparameters.h:518: note: this is the location of the previous definition
  518 | #define XPAR_ILMB_CNTLR_HIGHADDR 0x0001FFFFU
      | 
In file included from xil_types.h:48,
                 from mb_interface.h:30,
                 from xil_cache.h:53,
                 from xil_cache.c:31:
../../../include/xparameters.h:543: warning: "XPAR_DLMB_CNTLR_BASEADDR" redefined
  543 | #define XPAR_DLMB_CNTLR_BASEADDR XPAR_DLMB_0_CNTLR_BASEADDR
      | 
../../../include/xparameters.h:499: note: this is the location of the previous definition
  499 | #define XPAR_DLMB_CNTLR_BASEADDR 0x00000000U
      | 
../../../include/xparameters.h:544: warning: "XPAR_DLMB_CNTLR_HIGHADDR" redefined
  544 | #define XPAR_DLMB_CNTLR_HIGHADDR XPAR_DLMB_0_CNTLR_HIGHADDR
      | 
../../../include/xparameters.h:500: note: this is the location of the previous definition
  500 | #define XPAR_DLMB_CNTLR_HIGHADDR 0x0001FFFFU
      | 
../../../include/xparameters.h:564: warning: "XPAR_ILMB_CNTLR_BASEADDR" redefined
  564 | #define XPAR_ILMB_CNTLR_BASEADDR XPAR_ILMB_0_CNTLR_BASEADDR
      | 
../../../include/xparameters.h:517: note: this is the location of the previous definition
  517 | #define XPAR_ILMB_CNTLR_BASEADDR 0x00000000U
      | 
../../../include/xparameters.h:565: warning: "XPAR_ILMB_CNTLR_HIGHADDR" redefined
  565 | #define XPAR_ILMB_CNTLR_HIGHADDR XPAR_ILMB_0_CNTLR_HIGHADDR
      | 
../../../include/xparameters.h:518: note: this is the location of the previous definition
  518 | #define XPAR_ILMB_CNTLR_HIGHADDR 0x0001FFFFU
      | 
In file included from xil_types.h:48,
                 from xil_printf.h:15,
                 from xil_printf.c:12:
../../../include/xparameters.h:543: warning: "XPAR_DLMB_CNTLR_BASEADDR" redefined
  543 | #define XPAR_DLMB_CNTLR_BASEADDR XPAR_DLMB_0_CNTLR_BASEADDR
      | 
../../../include/xparameters.h:499: note: this is the location of the previous definition
  499 | #define XPAR_DLMB_CNTLR_BASEADDR 0x00000000U
      | 
../../../include/xparameters.h:544: warning: "XPAR_DLMB_CNTLR_HIGHADDR" redefined
  544 | #define XPAR_DLMB_CNTLR_HIGHADDR XPAR_DLMB_0_CNTLR_HIGHADDR
      | 
../../../include/xparameters.h:500: note: this is the location of the previous definition
  500 | #define XPAR_DLMB_CNTLR_HIGHADDR 0x0001FFFFU
      | 
../../../include/xparameters.h:564: warning: "XPAR_ILMB_CNTLR_BASEADDR" redefined
  564 | #define XPAR_ILMB_CNTLR_BASEADDR XPAR_ILMB_0_CNTLR_BASEADDR
      | 
../../../include/xparameters.h:517: note: this is the location of the previous definition
  517 | #define XPAR_ILMB_CNTLR_BASEADDR 0x00000000U
      | 
../../../include/xparameters.h:565: warning: "XPAR_ILMB_CNTLR_HIGHADDR" redefined
  565 | #define XPAR_ILMB_CNTLR_HIGHADDR XPAR_ILMB_0_CNTLR_HIGHADDR
      | 
../../../include/xparameters.h:518: note: this is the location of the previous definition
  518 | #define XPAR_ILMB_CNTLR_HIGHADDR 0x0001FFFFU
      | 
In file included from xil_types.h:48,
                 from xil_mem.c:32:
../../../include/xparameters.h:543: warning: "XPAR_DLMB_CNTLR_BASEADDR" redefined
  543 | #define XPAR_DLMB_CNTLR_BASEADDR XPAR_DLMB_0_CNTLR_BASEADDR
      | 
../../../include/xparameters.h:499: note: this is the location of the previous definition
  499 | #define XPAR_DLMB_CNTLR_BASEADDR 0x00000000U
      | 
../../../include/xparameters.h:544: warning: "XPAR_DLMB_CNTLR_HIGHADDR" redefined
  544 | #define XPAR_DLMB_CNTLR_HIGHADDR XPAR_DLMB_0_CNTLR_HIGHADDR
      | 
../../../include/xparameters.h:500: note: this is the location of the previous definition
  500 | #define XPAR_DLMB_CNTLR_HIGHADDR 0x0001FFFFU
      | 
../../../include/xparameters.h:564: warning: "XPAR_ILMB_CNTLR_BASEADDR" redefined
  564 | #define XPAR_ILMB_CNTLR_BASEADDR XPAR_ILMB_0_CNTLR_BASEADDR
      | 
../../../include/xparameters.h:517: note: this is the location of the previous definition
  517 | #define XPAR_ILMB_CNTLR_BASEADDR 0x00000000U
      | 
../../../include/xparameters.h:565: warning: "XPAR_ILMB_CNTLR_HIGHADDR" redefined
  565 | #define XPAR_ILMB_CNTLR_HIGHADDR XPAR_ILMB_0_CNTLR_HIGHADDR
      | 
../../../include/xparameters.h:518: note: this is the location of the previous definition
  518 | #define XPAR_ILMB_CNTLR_HIGHADDR 0x0001FFFFU
      | 
In file included from xil_types.h:48,
                 from xplatform_info.c:52:
../../../include/xparameters.h:543: warning: "XPAR_DLMB_CNTLR_BASEADDR" redefined
  543 | #define XPAR_DLMB_CNTLR_BASEADDR XPAR_DLMB_0_CNTLR_BASEADDR
      | 
../../../include/xparameters.h:499: note: this is the location of the previous definition
  499 | #define XPAR_DLMB_CNTLR_BASEADDR 0x00000000U
      | 
../../../include/xparameters.h:544: warning: "XPAR_DLMB_CNTLR_HIGHADDR" redefined
  544 | #define XPAR_DLMB_CNTLR_HIGHADDR XPAR_DLMB_0_CNTLR_HIGHADDR
      | 
../../../include/xparameters.h:500: note: this is the location of the previous definition
  500 | #define XPAR_DLMB_CNTLR_HIGHADDR 0x0001FFFFU
      | 
../../../include/xparameters.h:564: warning: "XPAR_ILMB_CNTLR_BASEADDR" redefined
  564 | #define XPAR_ILMB_CNTLR_BASEADDR XPAR_ILMB_0_CNTLR_BASEADDR
      | 
../../../include/xparameters.h:517: note: this is the location of the previous definition
  517 | #define XPAR_ILMB_CNTLR_BASEADDR 0x00000000U
      | 
../../../include/xparameters.h:565: warning: "XPAR_ILMB_CNTLR_HIGHADDR" redefined
  565 | #define XPAR_ILMB_CNTLR_HIGHADDR XPAR_ILMB_0_CNTLR_HIGHADDR
      | 
../../../include/xparameters.h:518: note: this is the location of the previous definition
  518 | #define XPAR_ILMB_CNTLR_HIGHADDR 0x0001FFFFU
      | 
In file included from xil_types.h:48,
                 from xil_testio.h:44,
                 from xil_testio.c:24:
../../../include/xparameters.h:543: warning: "XPAR_DLMB_CNTLR_BASEADDR" redefined
  543 | #define XPAR_DLMB_CNTLR_BASEADDR XPAR_DLMB_0_CNTLR_BASEADDR
      | 
../../../include/xparameters.h:499: note: this is the location of the previous definition
  499 | #define XPAR_DLMB_CNTLR_BASEADDR 0x00000000U
      | 
../../../include/xparameters.h:544: warning: "XPAR_DLMB_CNTLR_HIGHADDR" redefined
  544 | #define XPAR_DLMB_CNTLR_HIGHADDR XPAR_DLMB_0_CNTLR_HIGHADDR
      | 
../../../include/xparameters.h:500: note: this is the location of the previous definition
  500 | #define XPAR_DLMB_CNTLR_HIGHADDR 0x0001FFFFU
      | 
../../../include/xparameters.h:564: warning: "XPAR_ILMB_CNTLR_BASEADDR" redefined
  564 | #define XPAR_ILMB_CNTLR_BASEADDR XPAR_ILMB_0_CNTLR_BASEADDR
      | 
../../../include/xparameters.h:517: note: this is the location of the previous definition
  517 | #define XPAR_ILMB_CNTLR_BASEADDR 0x00000000U
      | 
../../../include/xparameters.h:565: warning: "XPAR_ILMB_CNTLR_HIGHADDR" redefined
  565 | #define XPAR_ILMB_CNTLR_HIGHADDR XPAR_ILMB_0_CNTLR_HIGHADDR
      | 
../../../include/xparameters.h:518: note: this is the location of the previous definition
  518 | #define XPAR_ILMB_CNTLR_HIGHADDR 0x0001FFFFU
      | 
In file included from xil_types.h:48,
                 from fcntl.c:7:
../../../include/xparameters.h:543: warning: "XPAR_DLMB_CNTLR_BASEADDR" redefined
  543 | #define XPAR_DLMB_CNTLR_BASEADDR XPAR_DLMB_0_CNTLR_BASEADDR
      | 
../../../include/xparameters.h:499: note: this is the location of the previous definition
  499 | #define XPAR_DLMB_CNTLR_BASEADDR 0x00000000U
      | 
../../../include/xparameters.h:544: warning: "XPAR_DLMB_CNTLR_HIGHADDR" redefined
  544 | #define XPAR_DLMB_CNTLR_HIGHADDR XPAR_DLMB_0_CNTLR_HIGHADDR
      | 
../../../include/xparameters.h:500: note: this is the location of the previous definition
  500 | #define XPAR_DLMB_CNTLR_HIGHADDR 0x0001FFFFU
      | 
../../../include/xparameters.h:564: warning: "XPAR_ILMB_CNTLR_BASEADDR" redefined
  564 | #define XPAR_ILMB_CNTLR_BASEADDR XPAR_ILMB_0_CNTLR_BASEADDR
      | 
../../../include/xparameters.h:517: note: this is the location of the previous definition
  517 | #define XPAR_ILMB_CNTLR_BASEADDR 0x00000000U
      | 
../../../include/xparameters.h:565: warning: "XPAR_ILMB_CNTLR_HIGHADDR" redefined
  565 | #define XPAR_ILMB_CNTLR_HIGHADDR XPAR_ILMB_0_CNTLR_HIGHADDR
      | 
../../../include/xparameters.h:518: note: this is the location of the previous definition
  518 | #define XPAR_ILMB_CNTLR_HIGHADDR 0x0001FFFFU
      | 
In file included from xil_types.h:48,
                 from xil_printf.h:15,
                 from print.c:20:
../../../include/xparameters.h:543: warning: "XPAR_DLMB_CNTLR_BASEADDR" redefined
  543 | #define XPAR_DLMB_CNTLR_BASEADDR XPAR_DLMB_0_CNTLR_BASEADDR
      | 
../../../include/xparameters.h:499: note: this is the location of the previous definition
  499 | #define XPAR_DLMB_CNTLR_BASEADDR 0x00000000U
      | 
../../../include/xparameters.h:544: warning: "XPAR_DLMB_CNTLR_HIGHADDR" redefined
  544 | #define XPAR_DLMB_CNTLR_HIGHADDR XPAR_DLMB_0_CNTLR_HIGHADDR
      | 
../../../include/xparameters.h:500: note: this is the location of the previous definition
  500 | #define XPAR_DLMB_CNTLR_HIGHADDR 0x0001FFFFU
      | 
../../../include/xparameters.h:564: warning: "XPAR_ILMB_CNTLR_BASEADDR" redefined
  564 | #define XPAR_ILMB_CNTLR_BASEADDR XPAR_ILMB_0_CNTLR_BASEADDR
      | 
../../../include/xparameters.h:517: note: this is the location of the previous definition
  517 | #define XPAR_ILMB_CNTLR_BASEADDR 0x00000000U
      | 
../../../include/xparameters.h:565: warning: "XPAR_ILMB_CNTLR_HIGHADDR" redefined
  565 | #define XPAR_ILMB_CNTLR_HIGHADDR XPAR_ILMB_0_CNTLR_HIGHADDR
      | 
../../../include/xparameters.h:518: note: this is the location of the previous definition
  518 | #define XPAR_ILMB_CNTLR_HIGHADDR 0x0001FFFFU
      | 
In file included from xil_types.h:48,
                 from microblaze_sleep.h:60,
                 from microblaze_sleep.c:67:
../../../include/xparameters.h:543: warning: "XPAR_DLMB_CNTLR_BASEADDR" redefined
  543 | #define XPAR_DLMB_CNTLR_BASEADDR XPAR_DLMB_0_CNTLR_BASEADDR
      | 
../../../include/xparameters.h:499: note: this is the location of the previous definition
  499 | #define XPAR_DLMB_CNTLR_BASEADDR 0x00000000U
      | 
../../../include/xparameters.h:544: warning: "XPAR_DLMB_CNTLR_HIGHADDR" redefined
  544 | #define XPAR_DLMB_CNTLR_HIGHADDR XPAR_DLMB_0_CNTLR_HIGHADDR
      | 
../../../include/xparameters.h:500: note: this is the location of the previous definition
  500 | #define XPAR_DLMB_CNTLR_HIGHADDR 0x0001FFFFU
      | 
../../../include/xparameters.h:564: warning: "XPAR_ILMB_CNTLR_BASEADDR" redefined
  564 | #define XPAR_ILMB_CNTLR_BASEADDR XPAR_ILMB_0_CNTLR_BASEADDR
      | 
../../../include/xparameters.h:517: note: this is the location of the previous definition
  517 | #define XPAR_ILMB_CNTLR_BASEADDR 0x00000000U
      | 
../../../include/xparameters.h:565: warning: "XPAR_ILMB_CNTLR_HIGHADDR" redefined
  565 | #define XPAR_ILMB_CNTLR_HIGHADDR XPAR_ILMB_0_CNTLR_HIGHADDR
      | 
../../../include/xparameters.h:518: note: this is the location of the previous definition
  518 | #define XPAR_ILMB_CNTLR_HIGHADDR 0x0001FFFFU
      | 
In file included from xil_types.h:48,
                 from _exit.c:8:
../../../include/xparameters.h:543: warning: "XPAR_DLMB_CNTLR_BASEADDR" redefined
  543 | #define XPAR_DLMB_CNTLR_BASEADDR XPAR_DLMB_0_CNTLR_BASEADDR
      | 
../../../include/xparameters.h:499: note: this is the location of the previous definition
  499 | #define XPAR_DLMB_CNTLR_BASEADDR 0x00000000U
      | 
../../../include/xparameters.h:544: warning: "XPAR_DLMB_CNTLR_HIGHADDR" redefined
  544 | #define XPAR_DLMB_CNTLR_HIGHADDR XPAR_DLMB_0_CNTLR_HIGHADDR
      | 
../../../include/xparameters.h:500: note: this is the location of the previous definition
  500 | #define XPAR_DLMB_CNTLR_HIGHADDR 0x0001FFFFU
      | 
../../../include/xparameters.h:564: warning: "XPAR_ILMB_CNTLR_BASEADDR" redefined
  564 | #define XPAR_ILMB_CNTLR_BASEADDR XPAR_ILMB_0_CNTLR_BASEADDR
      | 
../../../include/xparameters.h:517: note: this is the location of the previous definition
  517 | #define XPAR_ILMB_CNTLR_BASEADDR 0x00000000U
      | 
../../../include/xparameters.h:565: warning: "XPAR_ILMB_CNTLR_HIGHADDR" redefined
  565 | #define XPAR_ILMB_CNTLR_HIGHADDR XPAR_ILMB_0_CNTLR_HIGHADDR
      | 
../../../include/xparameters.h:518: note: this is the location of the previous definition
  518 | #define XPAR_ILMB_CNTLR_HIGHADDR 0x0001FFFFU
      | 
microblaze_sleep.c:81:9: note: '#pragma message: For the sleep routines, assembly instructions are used'
   81 | #pragma message ("For the sleep routines, assembly instructions are used")
      |         ^~~~~~~
In file included from xil_types.h:48,
                 from xinterrupt_wrap.h:28,
                 from xinterrupt_wrap.c:23:
../../../include/xparameters.h:543: warning: "XPAR_DLMB_CNTLR_BASEADDR" redefined
  543 | #define XPAR_DLMB_CNTLR_BASEADDR XPAR_DLMB_0_CNTLR_BASEADDR
      | 
../../../include/xparameters.h:499: note: this is the location of the previous definition
  499 | #define XPAR_DLMB_CNTLR_BASEADDR 0x00000000U
      | 
../../../include/xparameters.h:544: warning: "XPAR_DLMB_CNTLR_HIGHADDR" redefined
  544 | #define XPAR_DLMB_CNTLR_HIGHADDR XPAR_DLMB_0_CNTLR_HIGHADDR
      | 
../../../include/xparameters.h:500: note: this is the location of the previous definition
  500 | #define XPAR_DLMB_CNTLR_HIGHADDR 0x0001FFFFU
      | 
../../../include/xparameters.h:564: warning: "XPAR_ILMB_CNTLR_BASEADDR" redefined
  564 | #define XPAR_ILMB_CNTLR_BASEADDR XPAR_ILMB_0_CNTLR_BASEADDR
      | 
../../../include/xparameters.h:517: note: this is the location of the previous definition
  517 | #define XPAR_ILMB_CNTLR_BASEADDR 0x00000000U
      | 
../../../include/xparameters.h:565: warning: "XPAR_ILMB_CNTLR_HIGHADDR" redefined
  565 | #define XPAR_ILMB_CNTLR_HIGHADDR XPAR_ILMB_0_CNTLR_HIGHADDR
      | 
../../../include/xparameters.h:518: note: this is the location of the previous definition
  518 | #define XPAR_ILMB_CNTLR_HIGHADDR 0x0001FFFFU
      | 
In file included from xil_types.h:48,
                 from xil_misc_psreset_api.h:38,
                 from xil_misc_psreset_api.c:31:
../../../include/xparameters.h:543: warning: "XPAR_DLMB_CNTLR_BASEADDR" redefined
  543 | #define XPAR_DLMB_CNTLR_BASEADDR XPAR_DLMB_0_CNTLR_BASEADDR
      | 
../../../include/xparameters.h:499: note: this is the location of the previous definition
  499 | #define XPAR_DLMB_CNTLR_BASEADDR 0x00000000U
      | 
../../../include/xparameters.h:544: warning: "XPAR_DLMB_CNTLR_HIGHADDR" redefined
  544 | #define XPAR_DLMB_CNTLR_HIGHADDR XPAR_DLMB_0_CNTLR_HIGHADDR
      | 
../../../include/xparameters.h:500: note: this is the location of the previous definition
  500 | #define XPAR_DLMB_CNTLR_HIGHADDR 0x0001FFFFU
      | 
../../../include/xparameters.h:564: warning: "XPAR_ILMB_CNTLR_BASEADDR" redefined
  564 | #define XPAR_ILMB_CNTLR_BASEADDR XPAR_ILMB_0_CNTLR_BASEADDR
      | 
../../../include/xparameters.h:517: note: this is the location of the previous definition
  517 | #define XPAR_ILMB_CNTLR_BASEADDR 0x00000000U
      | 
../../../include/xparameters.h:565: warning: "XPAR_ILMB_CNTLR_HIGHADDR" redefined
  565 | #define XPAR_ILMB_CNTLR_HIGHADDR XPAR_ILMB_0_CNTLR_HIGHADDR
      | 
../../../include/xparameters.h:518: note: this is the location of the previous definition
  518 | #define XPAR_ILMB_CNTLR_HIGHADDR 0x0001FFFFU
      | 
In file included from microblaze_enable_dcache.S:18:
../../../include/xparameters.h:543: warning: "XPAR_DLMB_CNTLR_BASEADDR" redefined
  543 | #define XPAR_DLMB_CNTLR_BASEADDR XPAR_DLMB_0_CNTLR_BASEADDR
      | 
../../../include/xparameters.h:499: note: this is the location of the previous definition
  499 | #define XPAR_DLMB_CNTLR_BASEADDR 0x00000000U
      | 
../../../include/xparameters.h:544: warning: "XPAR_DLMB_CNTLR_HIGHADDR" redefined
  544 | #define XPAR_DLMB_CNTLR_HIGHADDR XPAR_DLMB_0_CNTLR_HIGHADDR
      | 
../../../include/xparameters.h:500: note: this is the location of the previous definition
  500 | #define XPAR_DLMB_CNTLR_HIGHADDR 0x0001FFFFU
      | 
../../../include/xparameters.h:564: warning: "XPAR_ILMB_CNTLR_BASEADDR" redefined
  564 | #define XPAR_ILMB_CNTLR_BASEADDR XPAR_ILMB_0_CNTLR_BASEADDR
      | 
../../../include/xparameters.h:517: note: this is the location of the previous definition
  517 | #define XPAR_ILMB_CNTLR_BASEADDR 0x00000000U
      | 
../../../include/xparameters.h:565: warning: "XPAR_ILMB_CNTLR_HIGHADDR" redefined
  565 | #define XPAR_ILMB_CNTLR_HIGHADDR XPAR_ILMB_0_CNTLR_HIGHADDR
      | 
../../../include/xparameters.h:518: note: this is the location of the previous definition
  518 | #define XPAR_ILMB_CNTLR_HIGHADDR 0x0001FFFFU
      | 
In file included from microblaze_enable_exceptions.S:12:
../../../include/xparameters.h:543: warning: "XPAR_DLMB_CNTLR_BASEADDR" redefined
  543 | #define XPAR_DLMB_CNTLR_BASEADDR XPAR_DLMB_0_CNTLR_BASEADDR
      | 
../../../include/xparameters.h:499: note: this is the location of the previous definition
  499 | #define XPAR_DLMB_CNTLR_BASEADDR 0x00000000U
      | 
../../../include/xparameters.h:544: warning: "XPAR_DLMB_CNTLR_HIGHADDR" redefined
  544 | #define XPAR_DLMB_CNTLR_HIGHADDR XPAR_DLMB_0_CNTLR_HIGHADDR
      | 
../../../include/xparameters.h:500: note: this is the location of the previous definition
  500 | #define XPAR_DLMB_CNTLR_HIGHADDR 0x0001FFFFU
      | 
../../../include/xparameters.h:564: warning: "XPAR_ILMB_CNTLR_BASEADDR" redefined
  564 | #define XPAR_ILMB_CNTLR_BASEADDR XPAR_ILMB_0_CNTLR_BASEADDR
      | 
../../../include/xparameters.h:517: note: this is the location of the previous definition
  517 | #define XPAR_ILMB_CNTLR_BASEADDR 0x00000000U
      | 
../../../include/xparameters.h:565: warning: "XPAR_ILMB_CNTLR_HIGHADDR" redefined
  565 | #define XPAR_ILMB_CNTLR_HIGHADDR XPAR_ILMB_0_CNTLR_HIGHADDR
      | 
../../../include/xparameters.h:518: note: this is the location of the previous definition
  518 | #define XPAR_ILMB_CNTLR_HIGHADDR 0x0001FFFFU
      | 
In file included from microblaze_invalidate_icache_range.S:19:
../../../include/xparameters.h:543: warning: "XPAR_DLMB_CNTLR_BASEADDR" redefined
  543 | #define XPAR_DLMB_CNTLR_BASEADDR XPAR_DLMB_0_CNTLR_BASEADDR
      | 
../../../include/xparameters.h:499: note: this is the location of the previous definition
  499 | #define XPAR_DLMB_CNTLR_BASEADDR 0x00000000U
      | 
../../../include/xparameters.h:544: warning: "XPAR_DLMB_CNTLR_HIGHADDR" redefined
  544 | #define XPAR_DLMB_CNTLR_HIGHADDR XPAR_DLMB_0_CNTLR_HIGHADDR
      | 
../../../include/xparameters.h:500: note: this is the location of the previous definition
  500 | #define XPAR_DLMB_CNTLR_HIGHADDR 0x0001FFFFU
      | 
../../../include/xparameters.h:564: warning: "XPAR_ILMB_CNTLR_BASEADDR" redefined
  564 | #define XPAR_ILMB_CNTLR_BASEADDR XPAR_ILMB_0_CNTLR_BASEADDR
      | 
../../../include/xparameters.h:517: note: this is the location of the previous definition
  517 | #define XPAR_ILMB_CNTLR_BASEADDR 0x00000000U
      | 
../../../include/xparameters.h:565: warning: "XPAR_ILMB_CNTLR_HIGHADDR" redefined
  565 | #define XPAR_ILMB_CNTLR_HIGHADDR XPAR_ILMB_0_CNTLR_HIGHADDR
      | 
../../../include/xparameters.h:518: note: this is the location of the previous definition
  518 | #define XPAR_ILMB_CNTLR_HIGHADDR 0x0001FFFFU
      | 
In file included from microblaze_flush_dcache_range.S:17:
../../../include/xparameters.h:543: warning: "XPAR_DLMB_CNTLR_BASEADDR" redefined
  543 | #define XPAR_DLMB_CNTLR_BASEADDR XPAR_DLMB_0_CNTLR_BASEADDR
      | 
../../../include/xparameters.h:499: note: this is the location of the previous definition
  499 | #define XPAR_DLMB_CNTLR_BASEADDR 0x00000000U
      | 
../../../include/xparameters.h:544: warning: "XPAR_DLMB_CNTLR_HIGHADDR" redefined
  544 | #define XPAR_DLMB_CNTLR_HIGHADDR XPAR_DLMB_0_CNTLR_HIGHADDR
      | 
../../../include/xparameters.h:500: note: this is the location of the previous definition
  500 | #define XPAR_DLMB_CNTLR_HIGHADDR 0x0001FFFFU
      | 
../../../include/xparameters.h:564: warning: "XPAR_ILMB_CNTLR_BASEADDR" redefined
  564 | #define XPAR_ILMB_CNTLR_BASEADDR XPAR_ILMB_0_CNTLR_BASEADDR
      | 
../../../include/xparameters.h:517: note: this is the location of the previous definition
  517 | #define XPAR_ILMB_CNTLR_BASEADDR 0x00000000U
      | 
../../../include/xparameters.h:565: warning: "XPAR_ILMB_CNTLR_HIGHADDR" redefined
  565 | #define XPAR_ILMB_CNTLR_HIGHADDR XPAR_ILMB_0_CNTLR_HIGHADDR
      | 
../../../include/xparameters.h:518: note: this is the location of the previous definition
  518 | #define XPAR_ILMB_CNTLR_HIGHADDR 0x0001FFFFU
      | 
In file included from microblaze_init_dcache_range.S:18:
../../../include/xparameters.h:543: warning: "XPAR_DLMB_CNTLR_BASEADDR" redefined
  543 | #define XPAR_DLMB_CNTLR_BASEADDR XPAR_DLMB_0_CNTLR_BASEADDR
      | 
../../../include/xparameters.h:499: note: this is the location of the previous definition
  499 | #define XPAR_DLMB_CNTLR_BASEADDR 0x00000000U
      | 
../../../include/xparameters.h:544: warning: "XPAR_DLMB_CNTLR_HIGHADDR" redefined
  544 | #define XPAR_DLMB_CNTLR_HIGHADDR XPAR_DLMB_0_CNTLR_HIGHADDR
      | 
../../../include/xparameters.h:500: note: this is the location of the previous definition
  500 | #define XPAR_DLMB_CNTLR_HIGHADDR 0x0001FFFFU
      | 
../../../include/xparameters.h:564: warning: "XPAR_ILMB_CNTLR_BASEADDR" redefined
  564 | #define XPAR_ILMB_CNTLR_BASEADDR XPAR_ILMB_0_CNTLR_BASEADDR
      | 
../../../include/xparameters.h:517: note: this is the location of the previous definition
  517 | #define XPAR_ILMB_CNTLR_BASEADDR 0x00000000U
      | 
../../../include/xparameters.h:565: warning: "XPAR_ILMB_CNTLR_HIGHADDR" redefined
  565 | #define XPAR_ILMB_CNTLR_HIGHADDR XPAR_ILMB_0_CNTLR_HIGHADDR
      | 
../../../include/xparameters.h:518: note: this is the location of the previous definition
  518 | #define XPAR_ILMB_CNTLR_HIGHADDR 0x0001FFFFU
      | 
In file included from microblaze_disable_interrupts.S:29:
../../../include/xparameters.h:543: warning: "XPAR_DLMB_CNTLR_BASEADDR" redefined
  543 | #define XPAR_DLMB_CNTLR_BASEADDR XPAR_DLMB_0_CNTLR_BASEADDR
      | 
../../../include/xparameters.h:499: note: this is the location of the previous definition
  499 | #define XPAR_DLMB_CNTLR_BASEADDR 0x00000000U
      | 
../../../include/xparameters.h:544: warning: "XPAR_DLMB_CNTLR_HIGHADDR" redefined
  544 | #define XPAR_DLMB_CNTLR_HIGHADDR XPAR_DLMB_0_CNTLR_HIGHADDR
      | 
../../../include/xparameters.h:500: note: this is the location of the previous definition
  500 | #define XPAR_DLMB_CNTLR_HIGHADDR 0x0001FFFFU
      | 
../../../include/xparameters.h:564: warning: "XPAR_ILMB_CNTLR_BASEADDR" redefined
  564 | #define XPAR_ILMB_CNTLR_BASEADDR XPAR_ILMB_0_CNTLR_BASEADDR
      | 
../../../include/xparameters.h:517: note: this is the location of the previous definition
  517 | #define XPAR_ILMB_CNTLR_BASEADDR 0x00000000U
      | 
../../../include/xparameters.h:565: warning: "XPAR_ILMB_CNTLR_HIGHADDR" redefined
  565 | #define XPAR_ILMB_CNTLR_HIGHADDR XPAR_ILMB_0_CNTLR_HIGHADDR
      | 
../../../include/xparameters.h:518: note: this is the location of the previous definition
  518 | #define XPAR_ILMB_CNTLR_HIGHADDR 0x0001FFFFU
      | 
In file included from microblaze_invalidate_dcache.S:14:
../../../include/xparameters.h:543: warning: "XPAR_DLMB_CNTLR_BASEADDR" redefined
  543 | #define XPAR_DLMB_CNTLR_BASEADDR XPAR_DLMB_0_CNTLR_BASEADDR
      | 
../../../include/xparameters.h:499: note: this is the location of the previous definition
  499 | #define XPAR_DLMB_CNTLR_BASEADDR 0x00000000U
      | 
../../../include/xparameters.h:544: warning: "XPAR_DLMB_CNTLR_HIGHADDR" redefined
  544 | #define XPAR_DLMB_CNTLR_HIGHADDR XPAR_DLMB_0_CNTLR_HIGHADDR
      | 
../../../include/xparameters.h:500: note: this is the location of the previous definition
  500 | #define XPAR_DLMB_CNTLR_HIGHADDR 0x0001FFFFU
      | 
../../../include/xparameters.h:564: warning: "XPAR_ILMB_CNTLR_BASEADDR" redefined
  564 | #define XPAR_ILMB_CNTLR_BASEADDR XPAR_ILMB_0_CNTLR_BASEADDR
      | 
../../../include/xparameters.h:517: note: this is the location of the previous definition
  517 | #define XPAR_ILMB_CNTLR_BASEADDR 0x00000000U
      | 
../../../include/xparameters.h:565: warning: "XPAR_ILMB_CNTLR_HIGHADDR" redefined
  565 | #define XPAR_ILMB_CNTLR_HIGHADDR XPAR_ILMB_0_CNTLR_HIGHADDR
      | 
../../../include/xparameters.h:518: note: this is the location of the previous definition
  518 | #define XPAR_ILMB_CNTLR_HIGHADDR 0x0001FFFFU
      | 
In file included from microblaze_disable_icache.S:18:
../../../include/xparameters.h:543: warning: "XPAR_DLMB_CNTLR_BASEADDR" redefined
  543 | #define XPAR_DLMB_CNTLR_BASEADDR XPAR_DLMB_0_CNTLR_BASEADDR
      | 
../../../include/xparameters.h:499: note: this is the location of the previous definition
  499 | #define XPAR_DLMB_CNTLR_BASEADDR 0x00000000U
      | 
../../../include/xparameters.h:544: warning: "XPAR_DLMB_CNTLR_HIGHADDR" redefined
  544 | #define XPAR_DLMB_CNTLR_HIGHADDR XPAR_DLMB_0_CNTLR_HIGHADDR
      | 
../../../include/xparameters.h:500: note: this is the location of the previous definition
  500 | #define XPAR_DLMB_CNTLR_HIGHADDR 0x0001FFFFU
      | 
../../../include/xparameters.h:564: warning: "XPAR_ILMB_CNTLR_BASEADDR" redefined
  564 | #define XPAR_ILMB_CNTLR_BASEADDR XPAR_ILMB_0_CNTLR_BASEADDR
      | 
../../../include/xparameters.h:517: note: this is the location of the previous definition
  517 | #define XPAR_ILMB_CNTLR_BASEADDR 0x00000000U
      | 
../../../include/xparameters.h:565: warning: "XPAR_ILMB_CNTLR_HIGHADDR" redefined
  565 | #define XPAR_ILMB_CNTLR_HIGHADDR XPAR_ILMB_0_CNTLR_HIGHADDR
      | 
../../../include/xparameters.h:518: note: this is the location of the previous definition
  518 | #define XPAR_ILMB_CNTLR_HIGHADDR 0x0001FFFFU
      | 
In file included from microblaze_invalidate_dcache_range.S:19:
../../../include/xparameters.h:543: warning: "XPAR_DLMB_CNTLR_BASEADDR" redefined
  543 | #define XPAR_DLMB_CNTLR_BASEADDR XPAR_DLMB_0_CNTLR_BASEADDR
      | 
../../../include/xparameters.h:499: note: this is the location of the previous definition
  499 | #define XPAR_DLMB_CNTLR_BASEADDR 0x00000000U
      | 
../../../include/xparameters.h:544: warning: "XPAR_DLMB_CNTLR_HIGHADDR" redefined
  544 | #define XPAR_DLMB_CNTLR_HIGHADDR XPAR_DLMB_0_CNTLR_HIGHADDR
      | 
../../../include/xparameters.h:500: note: this is the location of the previous definition
  500 | #define XPAR_DLMB_CNTLR_HIGHADDR 0x0001FFFFU
      | 
../../../include/xparameters.h:564: warning: "XPAR_ILMB_CNTLR_BASEADDR" redefined
  564 | #define XPAR_ILMB_CNTLR_BASEADDR XPAR_ILMB_0_CNTLR_BASEADDR
      | 
../../../include/xparameters.h:517: note: this is the location of the previous definition
  517 | #define XPAR_ILMB_CNTLR_BASEADDR 0x00000000U
      | 
../../../include/xparameters.h:565: warning: "XPAR_ILMB_CNTLR_HIGHADDR" redefined
  565 | #define XPAR_ILMB_CNTLR_HIGHADDR XPAR_ILMB_0_CNTLR_HIGHADDR
      | 
../../../include/xparameters.h:518: note: this is the location of the previous definition
  518 | #define XPAR_ILMB_CNTLR_HIGHADDR 0x0001FFFFU
      | 
In file included from microblaze_flush_dcache.S:14:
../../../include/xparameters.h:543: warning: "XPAR_DLMB_CNTLR_BASEADDR" redefined
  543 | #define XPAR_DLMB_CNTLR_BASEADDR XPAR_DLMB_0_CNTLR_BASEADDR
      | 
../../../include/xparameters.h:499: note: this is the location of the previous definition
  499 | #define XPAR_DLMB_CNTLR_BASEADDR 0x00000000U
      | 
../../../include/xparameters.h:544: warning: "XPAR_DLMB_CNTLR_HIGHADDR" redefined
  544 | #define XPAR_DLMB_CNTLR_HIGHADDR XPAR_DLMB_0_CNTLR_HIGHADDR
      | 
../../../include/xparameters.h:500: note: this is the location of the previous definition
  500 | #define XPAR_DLMB_CNTLR_HIGHADDR 0x0001FFFFU
      | 
../../../include/xparameters.h:564: warning: "XPAR_ILMB_CNTLR_BASEADDR" redefined
  564 | #define XPAR_ILMB_CNTLR_BASEADDR XPAR_ILMB_0_CNTLR_BASEADDR
      | 
../../../include/xparameters.h:517: note: this is the location of the previous definition
  517 | #define XPAR_ILMB_CNTLR_BASEADDR 0x00000000U
      | 
../../../include/xparameters.h:565: warning: "XPAR_ILMB_CNTLR_HIGHADDR" redefined
  565 | #define XPAR_ILMB_CNTLR_HIGHADDR XPAR_ILMB_0_CNTLR_HIGHADDR
      | 
../../../include/xparameters.h:518: note: this is the location of the previous definition
  518 | #define XPAR_ILMB_CNTLR_HIGHADDR 0x0001FFFFU
      | 
In file included from microblaze_scrub.S:24:
../../../include/xparameters.h:543: warning: "XPAR_DLMB_CNTLR_BASEADDR" redefined
  543 | #define XPAR_DLMB_CNTLR_BASEADDR XPAR_DLMB_0_CNTLR_BASEADDR
      | 
../../../include/xparameters.h:499: note: this is the location of the previous definition
  499 | #define XPAR_DLMB_CNTLR_BASEADDR 0x00000000U
      | 
../../../include/xparameters.h:544: warning: "XPAR_DLMB_CNTLR_HIGHADDR" redefined
  544 | #define XPAR_DLMB_CNTLR_HIGHADDR XPAR_DLMB_0_CNTLR_HIGHADDR
      | 
../../../include/xparameters.h:500: note: this is the location of the previous definition
  500 | #define XPAR_DLMB_CNTLR_HIGHADDR 0x0001FFFFU
      | 
../../../include/xparameters.h:564: warning: "XPAR_ILMB_CNTLR_BASEADDR" redefined
  564 | #define XPAR_ILMB_CNTLR_BASEADDR XPAR_ILMB_0_CNTLR_BASEADDR
      | 
../../../include/xparameters.h:517: note: this is the location of the previous definition
  517 | #define XPAR_ILMB_CNTLR_BASEADDR 0x00000000U
      | 
../../../include/xparameters.h:565: warning: "XPAR_ILMB_CNTLR_HIGHADDR" redefined
  565 | #define XPAR_ILMB_CNTLR_HIGHADDR XPAR_ILMB_0_CNTLR_HIGHADDR
      | 
../../../include/xparameters.h:518: note: this is the location of the previous definition
  518 | #define XPAR_ILMB_CNTLR_HIGHADDR 0x0001FFFFU
      | 
In file included from microblaze_flush_cache_ext_range.S:17:
../../../include/xparameters.h:543: warning: "XPAR_DLMB_CNTLR_BASEADDR" redefined
  543 | #define XPAR_DLMB_CNTLR_BASEADDR XPAR_DLMB_0_CNTLR_BASEADDR
      | 
../../../include/xparameters.h:499: note: this is the location of the previous definition
  499 | #define XPAR_DLMB_CNTLR_BASEADDR 0x00000000U
      | 
../../../include/xparameters.h:544: warning: "XPAR_DLMB_CNTLR_HIGHADDR" redefined
  544 | #define XPAR_DLMB_CNTLR_HIGHADDR XPAR_DLMB_0_CNTLR_HIGHADDR
      | 
../../../include/xparameters.h:500: note: this is the location of the previous definition
  500 | #define XPAR_DLMB_CNTLR_HIGHADDR 0x0001FFFFU
      | 
../../../include/xparameters.h:564: warning: "XPAR_ILMB_CNTLR_BASEADDR" redefined
  564 | #define XPAR_ILMB_CNTLR_BASEADDR XPAR_ILMB_0_CNTLR_BASEADDR
      | 
../../../include/xparameters.h:517: note: this is the location of the previous definition
  517 | #define XPAR_ILMB_CNTLR_BASEADDR 0x00000000U
      | 
../../../include/xparameters.h:565: warning: "XPAR_ILMB_CNTLR_HIGHADDR" redefined
  565 | #define XPAR_ILMB_CNTLR_HIGHADDR XPAR_ILMB_0_CNTLR_HIGHADDR
      | 
../../../include/xparameters.h:518: note: this is the location of the previous definition
  518 | #define XPAR_ILMB_CNTLR_HIGHADDR 0x0001FFFFU
      | 
In file included from microblaze_update_dcache.S:34:
../../../include/xparameters.h:543: warning: "XPAR_DLMB_CNTLR_BASEADDR" redefined
  543 | #define XPAR_DLMB_CNTLR_BASEADDR XPAR_DLMB_0_CNTLR_BASEADDR
      | 
../../../include/xparameters.h:499: note: this is the location of the previous definition
  499 | #define XPAR_DLMB_CNTLR_BASEADDR 0x00000000U
      | 
../../../include/xparameters.h:544: warning: "XPAR_DLMB_CNTLR_HIGHADDR" redefined
  544 | #define XPAR_DLMB_CNTLR_HIGHADDR XPAR_DLMB_0_CNTLR_HIGHADDR
      | 
../../../include/xparameters.h:500: note: this is the location of the previous definition
  500 | #define XPAR_DLMB_CNTLR_HIGHADDR 0x0001FFFFU
      | 
../../../include/xparameters.h:564: warning: "XPAR_ILMB_CNTLR_BASEADDR" redefined
  564 | #define XPAR_ILMB_CNTLR_BASEADDR XPAR_ILMB_0_CNTLR_BASEADDR
      | 
../../../include/xparameters.h:517: note: this is the location of the previous definition
  517 | #define XPAR_ILMB_CNTLR_BASEADDR 0x00000000U
      | 
../../../include/xparameters.h:565: warning: "XPAR_ILMB_CNTLR_HIGHADDR" redefined
  565 | #define XPAR_ILMB_CNTLR_HIGHADDR XPAR_ILMB_0_CNTLR_HIGHADDR
      | 
../../../include/xparameters.h:518: note: this is the location of the previous definition
  518 | #define XPAR_ILMB_CNTLR_HIGHADDR 0x0001FFFFU
      | 
In file included from microblaze_enable_interrupts.S:30:
../../../include/xparameters.h:543: warning: "XPAR_DLMB_CNTLR_BASEADDR" redefined
  543 | #define XPAR_DLMB_CNTLR_BASEADDR XPAR_DLMB_0_CNTLR_BASEADDR
      | 
../../../include/xparameters.h:499: note: this is the location of the previous definition
  499 | #define XPAR_DLMB_CNTLR_BASEADDR 0x00000000U
      | 
../../../include/xparameters.h:544: warning: "XPAR_DLMB_CNTLR_HIGHADDR" redefined
  544 | #define XPAR_DLMB_CNTLR_HIGHADDR XPAR_DLMB_0_CNTLR_HIGHADDR
      | 
../../../include/xparameters.h:500: note: this is the location of the previous definition
  500 | #define XPAR_DLMB_CNTLR_HIGHADDR 0x0001FFFFU
      | 
../../../include/xparameters.h:564: warning: "XPAR_ILMB_CNTLR_BASEADDR" redefined
  564 | #define XPAR_ILMB_CNTLR_BASEADDR XPAR_ILMB_0_CNTLR_BASEADDR
      | 
../../../include/xparameters.h:517: note: this is the location of the previous definition
  517 | #define XPAR_ILMB_CNTLR_BASEADDR 0x00000000U
      | 
../../../include/xparameters.h:565: warning: "XPAR_ILMB_CNTLR_HIGHADDR" redefined
  565 | #define XPAR_ILMB_CNTLR_HIGHADDR XPAR_ILMB_0_CNTLR_HIGHADDR
      | 
../../../include/xparameters.h:518: note: this is the location of the previous definition
  518 | #define XPAR_ILMB_CNTLR_HIGHADDR 0x0001FFFFU
      | 
In file included from microblaze_enable_icache.S:17:
../../../include/xparameters.h:543: warning: "XPAR_DLMB_CNTLR_BASEADDR" redefined
  543 | #define XPAR_DLMB_CNTLR_BASEADDR XPAR_DLMB_0_CNTLR_BASEADDR
      | 
../../../include/xparameters.h:499: note: this is the location of the previous definition
  499 | #define XPAR_DLMB_CNTLR_BASEADDR 0x00000000U
      | 
../../../include/xparameters.h:544: warning: "XPAR_DLMB_CNTLR_HIGHADDR" redefined
  544 | #define XPAR_DLMB_CNTLR_HIGHADDR XPAR_DLMB_0_CNTLR_HIGHADDR
      | 
../../../include/xparameters.h:500: note: this is the location of the previous definition
  500 | #define XPAR_DLMB_CNTLR_HIGHADDR 0x0001FFFFU
      | 
../../../include/xparameters.h:564: warning: "XPAR_ILMB_CNTLR_BASEADDR" redefined
  564 | #define XPAR_ILMB_CNTLR_BASEADDR XPAR_ILMB_0_CNTLR_BASEADDR
      | 
../../../include/xparameters.h:517: note: this is the location of the previous definition
  517 | #define XPAR_ILMB_CNTLR_BASEADDR 0x00000000U
      | 
../../../include/xparameters.h:565: warning: "XPAR_ILMB_CNTLR_HIGHADDR" redefined
  565 | #define XPAR_ILMB_CNTLR_HIGHADDR XPAR_ILMB_0_CNTLR_HIGHADDR
      | 
../../../include/xparameters.h:518: note: this is the location of the previous definition
  518 | #define XPAR_ILMB_CNTLR_HIGHADDR 0x0001FFFFU
      | 
In file included from microblaze_init_icache_range.S:19:
../../../include/xparameters.h:543: warning: "XPAR_DLMB_CNTLR_BASEADDR" redefined
  543 | #define XPAR_DLMB_CNTLR_BASEADDR XPAR_DLMB_0_CNTLR_BASEADDR
      | 
../../../include/xparameters.h:499: note: this is the location of the previous definition
  499 | #define XPAR_DLMB_CNTLR_BASEADDR 0x00000000U
      | 
../../../include/xparameters.h:544: warning: "XPAR_DLMB_CNTLR_HIGHADDR" redefined
  544 | #define XPAR_DLMB_CNTLR_HIGHADDR XPAR_DLMB_0_CNTLR_HIGHADDR
      | 
../../../include/xparameters.h:500: note: this is the location of the previous definition
  500 | #define XPAR_DLMB_CNTLR_HIGHADDR 0x0001FFFFU
      | 
../../../include/xparameters.h:564: warning: "XPAR_ILMB_CNTLR_BASEADDR" redefined
  564 | #define XPAR_ILMB_CNTLR_BASEADDR XPAR_ILMB_0_CNTLR_BASEADDR
      | 
../../../include/xparameters.h:517: note: this is the location of the previous definition
  517 | #define XPAR_ILMB_CNTLR_BASEADDR 0x00000000U
      | 
../../../include/xparameters.h:565: warning: "XPAR_ILMB_CNTLR_HIGHADDR" redefined
  565 | #define XPAR_ILMB_CNTLR_HIGHADDR XPAR_ILMB_0_CNTLR_HIGHADDR
      | 
../../../include/xparameters.h:518: note: this is the location of the previous definition
  518 | #define XPAR_ILMB_CNTLR_HIGHADDR 0x0001FFFFU
      | 
In file included from microblaze_invalidate_cache_ext_range.S:17:
../../../include/xparameters.h:543: warning: "XPAR_DLMB_CNTLR_BASEADDR" redefined
  543 | #define XPAR_DLMB_CNTLR_BASEADDR XPAR_DLMB_0_CNTLR_BASEADDR
      | 
../../../include/xparameters.h:499: note: this is the location of the previous definition
  499 | #define XPAR_DLMB_CNTLR_BASEADDR 0x00000000U
      | 
../../../include/xparameters.h:544: warning: "XPAR_DLMB_CNTLR_HIGHADDR" redefined
  544 | #define XPAR_DLMB_CNTLR_HIGHADDR XPAR_DLMB_0_CNTLR_HIGHADDR
      | 
../../../include/xparameters.h:500: note: this is the location of the previous definition
  500 | #define XPAR_DLMB_CNTLR_HIGHADDR 0x0001FFFFU
      | 
../../../include/xparameters.h:564: warning: "XPAR_ILMB_CNTLR_BASEADDR" redefined
  564 | #define XPAR_ILMB_CNTLR_BASEADDR XPAR_ILMB_0_CNTLR_BASEADDR
      | 
../../../include/xparameters.h:517: note: this is the location of the previous definition
  517 | #define XPAR_ILMB_CNTLR_BASEADDR 0x00000000U
      | 
../../../include/xparameters.h:565: warning: "XPAR_ILMB_CNTLR_HIGHADDR" redefined
  565 | #define XPAR_ILMB_CNTLR_HIGHADDR XPAR_ILMB_0_CNTLR_HIGHADDR
      | 
../../../include/xparameters.h:518: note: this is the location of the previous definition
  518 | #define XPAR_ILMB_CNTLR_HIGHADDR 0x0001FFFFU
      | 
In file included from microblaze_invalidate_icache.S:15:
../../../include/xparameters.h:543: warning: "XPAR_DLMB_CNTLR_BASEADDR" redefined
  543 | #define XPAR_DLMB_CNTLR_BASEADDR XPAR_DLMB_0_CNTLR_BASEADDR
      | 
../../../include/xparameters.h:499: note: this is the location of the previous definition
  499 | #define XPAR_DLMB_CNTLR_BASEADDR 0x00000000U
      | 
../../../include/xparameters.h:544: warning: "XPAR_DLMB_CNTLR_HIGHADDR" redefined
  544 | #define XPAR_DLMB_CNTLR_HIGHADDR XPAR_DLMB_0_CNTLR_HIGHADDR
      | 
../../../include/xparameters.h:500: note: this is the location of the previous definition
  500 | #define XPAR_DLMB_CNTLR_HIGHADDR 0x0001FFFFU
      | 
../../../include/xparameters.h:564: warning: "XPAR_ILMB_CNTLR_BASEADDR" redefined
  564 | #define XPAR_ILMB_CNTLR_BASEADDR XPAR_ILMB_0_CNTLR_BASEADDR
      | 
../../../include/xparameters.h:517: note: this is the location of the previous definition
  517 | #define XPAR_ILMB_CNTLR_BASEADDR 0x00000000U
      | 
../../../include/xparameters.h:565: warning: "XPAR_ILMB_CNTLR_HIGHADDR" redefined
  565 | #define XPAR_ILMB_CNTLR_HIGHADDR XPAR_ILMB_0_CNTLR_HIGHADDR
      | 
../../../include/xparameters.h:518: note: this is the location of the previous definition
  518 | #define XPAR_ILMB_CNTLR_HIGHADDR 0x0001FFFFU
      | 
In file included from microblaze_disable_dcache.S:16:
../../../include/xparameters.h:543: warning: "XPAR_DLMB_CNTLR_BASEADDR" redefined
  543 | #define XPAR_DLMB_CNTLR_BASEADDR XPAR_DLMB_0_CNTLR_BASEADDR
      | 
../../../include/xparameters.h:499: note: this is the location of the previous definition
  499 | #define XPAR_DLMB_CNTLR_BASEADDR 0x00000000U
      | 
../../../include/xparameters.h:544: warning: "XPAR_DLMB_CNTLR_HIGHADDR" redefined
  544 | #define XPAR_DLMB_CNTLR_HIGHADDR XPAR_DLMB_0_CNTLR_HIGHADDR
      | 
../../../include/xparameters.h:500: note: this is the location of the previous definition
  500 | #define XPAR_DLMB_CNTLR_HIGHADDR 0x0001FFFFU
      | 
../../../include/xparameters.h:564: warning: "XPAR_ILMB_CNTLR_BASEADDR" redefined
  564 | #define XPAR_ILMB_CNTLR_BASEADDR XPAR_ILMB_0_CNTLR_BASEADDR
      | 
../../../include/xparameters.h:517: note: this is the location of the previous definition
  517 | #define XPAR_ILMB_CNTLR_BASEADDR 0x00000000U
      | 
../../../include/xparameters.h:565: warning: "XPAR_ILMB_CNTLR_HIGHADDR" redefined
  565 | #define XPAR_ILMB_CNTLR_HIGHADDR XPAR_ILMB_0_CNTLR_HIGHADDR
      | 
../../../include/xparameters.h:518: note: this is the location of the previous definition
  518 | #define XPAR_ILMB_CNTLR_HIGHADDR 0x0001FFFFU
      | 
In file included from microblaze_disable_exceptions.S:12:
../../../include/xparameters.h:543: warning: "XPAR_DLMB_CNTLR_BASEADDR" redefined
  543 | #define XPAR_DLMB_CNTLR_BASEADDR XPAR_DLMB_0_CNTLR_BASEADDR
      | 
../../../include/xparameters.h:499: note: this is the location of the previous definition
  499 | #define XPAR_DLMB_CNTLR_BASEADDR 0x00000000U
      | 
../../../include/xparameters.h:544: warning: "XPAR_DLMB_CNTLR_HIGHADDR" redefined
  544 | #define XPAR_DLMB_CNTLR_HIGHADDR XPAR_DLMB_0_CNTLR_HIGHADDR
      | 
../../../include/xparameters.h:500: note: this is the location of the previous definition
  500 | #define XPAR_DLMB_CNTLR_HIGHADDR 0x0001FFFFU
      | 
../../../include/xparameters.h:564: warning: "XPAR_ILMB_CNTLR_BASEADDR" redefined
  564 | #define XPAR_ILMB_CNTLR_BASEADDR XPAR_ILMB_0_CNTLR_BASEADDR
      | 
../../../include/xparameters.h:517: note: this is the location of the previous definition
  517 | #define XPAR_ILMB_CNTLR_BASEADDR 0x00000000U
      | 
../../../include/xparameters.h:565: warning: "XPAR_ILMB_CNTLR_HIGHADDR" redefined
  565 | #define XPAR_ILMB_CNTLR_HIGHADDR XPAR_ILMB_0_CNTLR_HIGHADDR
      | 
../../../include/xparameters.h:518: note: this is the location of the previous definition
  518 | #define XPAR_ILMB_CNTLR_HIGHADDR 0x0001FFFFU
      | 
In file included from microblaze_update_icache.S:33:
../../../include/xparameters.h:543: warning: "XPAR_DLMB_CNTLR_BASEADDR" redefined
  543 | #define XPAR_DLMB_CNTLR_BASEADDR XPAR_DLMB_0_CNTLR_BASEADDR
      | 
../../../include/xparameters.h:499: note: this is the location of the previous definition
  499 | #define XPAR_DLMB_CNTLR_BASEADDR 0x00000000U
      | 
../../../include/xparameters.h:544: warning: "XPAR_DLMB_CNTLR_HIGHADDR" redefined
  544 | #define XPAR_DLMB_CNTLR_HIGHADDR XPAR_DLMB_0_CNTLR_HIGHADDR
      | 
../../../include/xparameters.h:500: note: this is the location of the previous definition
  500 | #define XPAR_DLMB_CNTLR_HIGHADDR 0x0001FFFFU
      | 
../../../include/xparameters.h:564: warning: "XPAR_ILMB_CNTLR_BASEADDR" redefined
  564 | #define XPAR_ILMB_CNTLR_BASEADDR XPAR_ILMB_0_CNTLR_BASEADDR
      | 
../../../include/xparameters.h:517: note: this is the location of the previous definition
  517 | #define XPAR_ILMB_CNTLR_BASEADDR 0x00000000U
      | 
../../../include/xparameters.h:565: warning: "XPAR_ILMB_CNTLR_HIGHADDR" redefined
  565 | #define XPAR_ILMB_CNTLR_HIGHADDR XPAR_ILMB_0_CNTLR_HIGHADDR
      | 
../../../include/xparameters.h:518: note: this is the location of the previous definition
  518 | #define XPAR_ILMB_CNTLR_HIGHADDR 0x0001FFFFU
      | 
In file included from hw_exception_handler.S:17:
../../../include/xparameters.h:543: warning: "XPAR_DLMB_CNTLR_BASEADDR" redefined
  543 | #define XPAR_DLMB_CNTLR_BASEADDR XPAR_DLMB_0_CNTLR_BASEADDR
      | 
../../../include/xparameters.h:499: note: this is the location of the previous definition
  499 | #define XPAR_DLMB_CNTLR_BASEADDR 0x00000000U
      | 
../../../include/xparameters.h:544: warning: "XPAR_DLMB_CNTLR_HIGHADDR" redefined
  544 | #define XPAR_DLMB_CNTLR_HIGHADDR XPAR_DLMB_0_CNTLR_HIGHADDR
      | 
../../../include/xparameters.h:500: note: this is the location of the previous definition
  500 | #define XPAR_DLMB_CNTLR_HIGHADDR 0x0001FFFFU
      | 
../../../include/xparameters.h:564: warning: "XPAR_ILMB_CNTLR_BASEADDR" redefined
  564 | #define XPAR_ILMB_CNTLR_BASEADDR XPAR_ILMB_0_CNTLR_BASEADDR
      | 
../../../include/xparameters.h:517: note: this is the location of the previous definition
  517 | #define XPAR_ILMB_CNTLR_BASEADDR 0x00000000U
      | 
../../../include/xparameters.h:565: warning: "XPAR_ILMB_CNTLR_HIGHADDR" redefined
  565 | #define XPAR_ILMB_CNTLR_HIGHADDR XPAR_ILMB_0_CNTLR_HIGHADDR
      | 
../../../include/xparameters.h:518: note: this is the location of the previous definition
  518 | #define XPAR_ILMB_CNTLR_HIGHADDR 0x0001FFFFU
      | 
In file included from microblaze_invalidate_cache_ext.S:14:
../../../include/xparameters.h:543: warning: "XPAR_DLMB_CNTLR_BASEADDR" redefined
  543 | #define XPAR_DLMB_CNTLR_BASEADDR XPAR_DLMB_0_CNTLR_BASEADDR
      | 
../../../include/xparameters.h:499: note: this is the location of the previous definition
  499 | #define XPAR_DLMB_CNTLR_BASEADDR 0x00000000U
      | 
../../../include/xparameters.h:544: warning: "XPAR_DLMB_CNTLR_HIGHADDR" redefined
  544 | #define XPAR_DLMB_CNTLR_HIGHADDR XPAR_DLMB_0_CNTLR_HIGHADDR
      | 
../../../include/xparameters.h:500: note: this is the location of the previous definition
  500 | #define XPAR_DLMB_CNTLR_HIGHADDR 0x0001FFFFU
      | 
../../../include/xparameters.h:564: warning: "XPAR_ILMB_CNTLR_BASEADDR" redefined
  564 | #define XPAR_ILMB_CNTLR_BASEADDR XPAR_ILMB_0_CNTLR_BASEADDR
      | 
../../../include/xparameters.h:517: note: this is the location of the previous definition
  517 | #define XPAR_ILMB_CNTLR_BASEADDR 0x00000000U
      | 
../../../include/xparameters.h:565: warning: "XPAR_ILMB_CNTLR_HIGHADDR" redefined
  565 | #define XPAR_ILMB_CNTLR_HIGHADDR XPAR_ILMB_0_CNTLR_HIGHADDR
      | 
../../../include/xparameters.h:518: note: this is the location of the previous definition
  518 | #define XPAR_ILMB_CNTLR_HIGHADDR 0x0001FFFFU
      | 
In file included from microblaze_flush_cache_ext.S:14:
../../../include/xparameters.h:543: warning: "XPAR_DLMB_CNTLR_BASEADDR" redefined
  543 | #define XPAR_DLMB_CNTLR_BASEADDR XPAR_DLMB_0_CNTLR_BASEADDR
      | 
../../../include/xparameters.h:499: note: this is the location of the previous definition
  499 | #define XPAR_DLMB_CNTLR_BASEADDR 0x00000000U
      | 
../../../include/xparameters.h:544: warning: "XPAR_DLMB_CNTLR_HIGHADDR" redefined
  544 | #define XPAR_DLMB_CNTLR_HIGHADDR XPAR_DLMB_0_CNTLR_HIGHADDR
      | 
../../../include/xparameters.h:500: note: this is the location of the previous definition
  500 | #define XPAR_DLMB_CNTLR_HIGHADDR 0x0001FFFFU
      | 
../../../include/xparameters.h:564: warning: "XPAR_ILMB_CNTLR_BASEADDR" redefined
  564 | #define XPAR_ILMB_CNTLR_BASEADDR XPAR_ILMB_0_CNTLR_BASEADDR
      | 
../../../include/xparameters.h:517: note: this is the location of the previous definition
  517 | #define XPAR_ILMB_CNTLR_BASEADDR 0x00000000U
      | 
../../../include/xparameters.h:565: warning: "XPAR_ILMB_CNTLR_HIGHADDR" redefined
  565 | #define XPAR_ILMB_CNTLR_HIGHADDR XPAR_ILMB_0_CNTLR_HIGHADDR
      | 
../../../include/xparameters.h:518: note: this is the location of the previous definition
  518 | #define XPAR_ILMB_CNTLR_HIGHADDR 0x0001FFFFU
      | 
"DEBUG NON_LTO_OBJECTS is ../../../lib/microblaze_interrupt_handler.o"

In file included from microblaze_selftest.S:59:
../../../include/xparameters.h:543: warning: "XPAR_DLMB_CNTLR_BASEADDR" redefined
  543 | #define XPAR_DLMB_CNTLR_BASEADDR XPAR_DLMB_0_CNTLR_BASEADDR
      | 
../../../include/xparameters.h:499: note: this is the location of the previous definition
  499 | #define XPAR_DLMB_CNTLR_BASEADDR 0x00000000U
      | 
../../../include/xparameters.h:544: warning: "XPAR_DLMB_CNTLR_HIGHADDR" redefined
  544 | #define XPAR_DLMB_CNTLR_HIGHADDR XPAR_DLMB_0_CNTLR_HIGHADDR
      | 
../../../include/xparameters.h:500: note: this is the location of the previous definition
  500 | #define XPAR_DLMB_CNTLR_HIGHADDR 0x0001FFFFU
      | 
../../../include/xparameters.h:564: warning: "XPAR_ILMB_CNTLR_BASEADDR" redefined
  564 | #define XPAR_ILMB_CNTLR_BASEADDR XPAR_ILMB_0_CNTLR_BASEADDR
      | 
../../../include/xparameters.h:517: note: this is the location of the previous definition
  517 | #define XPAR_ILMB_CNTLR_BASEADDR 0x00000000U
      | 
../../../include/xparameters.h:565: warning: "XPAR_ILMB_CNTLR_HIGHADDR" redefined
  565 | #define XPAR_ILMB_CNTLR_HIGHADDR XPAR_ILMB_0_CNTLR_HIGHADDR
      | 
../../../include/xparameters.h:518: note: this is the location of the previous definition
  518 | #define XPAR_ILMB_CNTLR_HIGHADDR 0x0001FFFFU
      | 
In file included from xil_types.h:48,
                 from xil_exception.h:39,
                 from microblaze_interrupt_handler.c:28:
../../../include/xparameters.h:543: warning: "XPAR_DLMB_CNTLR_BASEADDR" redefined
  543 | #define XPAR_DLMB_CNTLR_BASEADDR XPAR_DLMB_0_CNTLR_BASEADDR
      | 
../../../include/xparameters.h:499: note: this is the location of the previous definition
  499 | #define XPAR_DLMB_CNTLR_BASEADDR 0x00000000U
      | 
../../../include/xparameters.h:544: warning: "XPAR_DLMB_CNTLR_HIGHADDR" redefined
  544 | #define XPAR_DLMB_CNTLR_HIGHADDR XPAR_DLMB_0_CNTLR_HIGHADDR
      | 
../../../include/xparameters.h:500: note: this is the location of the previous definition
  500 | #define XPAR_DLMB_CNTLR_HIGHADDR 0x0001FFFFU
      | 
../../../include/xparameters.h:564: warning: "XPAR_ILMB_CNTLR_BASEADDR" redefined
  564 | #define XPAR_ILMB_CNTLR_BASEADDR XPAR_ILMB_0_CNTLR_BASEADDR
      | 
../../../include/xparameters.h:517: note: this is the location of the previous definition
  517 | #define XPAR_ILMB_CNTLR_BASEADDR 0x00000000U
      | 
../../../include/xparameters.h:565: warning: "XPAR_ILMB_CNTLR_HIGHADDR" redefined
  565 | #define XPAR_ILMB_CNTLR_HIGHADDR XPAR_ILMB_0_CNTLR_HIGHADDR
      | 
../../../include/xparameters.h:518: note: this is the location of the previous definition
  518 | #define XPAR_ILMB_CNTLR_HIGHADDR 0x0001FFFFU
      | 
'Finished building libraries parallelly.'

make --no-print-directory archive

mb-ar -r  microblaze_I/lib/libxil.a microblaze_I/lib/_exit.o microblaze_I/lib/errno.o microblaze_I/lib/fcntl.o microblaze_I/lib
/hw_exception_handler.o microblaze_I/lib/inbyte.o microblaze_I/lib/microblaze_disable_dcache.o microblaze_I/lib/microblaze_disa
ble_exceptions.o microblaze_I/lib/microblaze_disable_icache.o microblaze_I/lib/microblaze_disable_interrupts.o microblaze_I/lib
/microblaze_enable_dcache.o microblaze_I/lib/microblaze_enable_exceptions.o microblaze_I/lib/microblaze_enable_icache.o microbl
aze_I/lib/microblaze_enable_interrupts.o microblaze_I/lib/microblaze_exception_handler.o microblaze_I/lib/microblaze_flush_cach
e_ext.o microblaze_I/lib/microblaze_flush_cache_ext_range.o microblaze_I/lib/microblaze_flush_dcache.o microblaze_I/lib/microbl
aze_flush_dcache_range.o microblaze_I/lib/microblaze_init_dcache_range.o microblaze_I/lib/microblaze_init_icache_range.o microb
laze_I/lib/microblaze_interrupt_handler.o microblaze_I/lib/microblaze_interrupts_g.o microblaze_I/lib/microblaze_invalidate_cac
he_ext.o microblaze_I/lib/microblaze_invalidate_cache_ext_range.o microblaze_I/lib/microblaze_invalidate_dcache.o microblaze_I/
lib/microblaze_invalidate_dcache_range.o microblaze_I/lib/microblaze_invalidate_icache.o microblaze_I/lib/microblaze_invalidate
_icache_range.o microblaze_I/lib/microblaze_scrub.o microblaze_I/lib/microblaze_selftest.o microblaze_I/lib/microblaze_sleep.o 
microblaze_I/lib/microblaze_update_dcache.o microblaze_I/lib/microblaze_update_icache.o microblaze_I/lib/outbyte.o microblaze_I
/lib/print.o microblaze_I/lib/pvr.o microblaze_I/lib/xbram.o microblaze_I/lib/xbram_g.o microblaze_I/lib/xbram_intr.o microblaz
e_I/lib/xbram_selftest.o microblaze_I/lib/xbram_sinit.o microblaze_I/lib/xil_assert.o microblaze_I/lib/xil_cache.o microblaze_I
/lib/xil_clocking.o microblaze_I/lib/xil_exception.o microblaze_I/lib/xil_mem.o microblaze_I/lib/xil_misc_psreset_api.o microbl
aze_I/lib/xil_printf.o microblaze_I/lib/xil_sleepcommon.o microblaze_I/lib/xil_testcache.o microblaze_I/lib/xil_testio.o microb
laze_I/lib/xil_testmem.o microblaze_I/lib/xil_util.o microblaze_I/lib/xinterrupt_wrap.o microblaze_I/lib/xio.o microblaze_I/lib
/xiomodule.o microblaze_I/lib/xiomodule_extra.o microblaze_I/lib/xiomodule_g.o microblaze_I/lib/xiomodule_intr.o microblaze_I/l
ib/xiomodule_l.o microblaze_I/lib/xiomodule_options.o microblaze_I/lib/xiomodule_selftest.o microblaze_I/lib/xiomodule_stats.o 
microblaze_I/lib/xiomodule_uart.o microblaze_I/lib/xiomodule_uart_intr.o microblaze_I/lib/xplatform_info.o

mb-ar: creating microblaze_I/lib/libxil.a
'Finished building libraries'


07:16:16 Build Finished (took 7s.186ms)

